#
# A fatal error has been detected by the Java Runtime Environment:
#
#  SIGSEGV (0xb) at pc=0x00007f13979c2381, pid=3751, tid=3766
#
# JRE version: OpenJDK Runtime Environment (11.0.13+8) (build 11.0.13+8-Ubuntu-0ubuntu1.18.04)
# Java VM: OpenJDK 64-Bit Server VM (11.0.13+8-Ubuntu-0ubuntu1.18.04, mixed mode, tiered, compressed oops, g1 gc, linux-amd64)
# Problematic frame:
# C  [libjimage.so+0x2381]
#
# Core dump will be written. Default location: core.3751 (may not exist)
#
# If you would like to submit a bug report, please visit:
#   https://bugs.launchpad.net/ubuntu/+source/openjdk-lts
#

---------------  S U M M A R Y ------------

Command Line: -DAPP_DIR=/snap/arduino/70 -Duser.home=/home/snow/snap/arduino/70 processing.app.Base collecting_dataset.ino

Host: AMD Ryzen 7 5800H with Radeon Graphics, 16 cores, 7G, Ubuntu 20.04.4 LTS
Time: Fri Jul 15 04:24:31 2022 WIB elapsed time: 2161.242869 seconds (0d 0h 36m 1s)

---------------  T H R E A D  ---------------

Current thread (0x00007f139c2bc000):  JavaThread "Signal Dispatcher" daemon [_thread_in_vm, id=3766, stack(0x00007f136e6ec000,0x00007f136e7ed000)]

Stack: [0x00007f136e6ec000,0x00007f136e7ed000],  sp=0x00007f136e7ea230,  free space=1016k
Native frames: (J=compiled Java code, A=aot compiled Java code, j=interpreted, Vv=VM code, C=native code)
C  [libjimage.so+0x2381]
C  [libjimage.so+0x2efa]
C  [libjimage.so+0x33c5]  JIMAGE_FindResource+0xd5
V  [libjvm.so+0x59fb1f]
V  [libjvm.so+0x5a1c3b]
V  [libjvm.so+0xd8c67c]
V  [libjvm.so+0xd8b2ba]
V  [libjvm.so+0xd8d7b6]
V  [libjvm.so+0x64961d]
V  [libjvm.so+0x82e67a]
j  jdk.internal.misc.Signal.dispatch(I)V+25 java.base@11.0.13
v  ~StubRoutines::call_stub
V  [libjvm.so+0x837533]
V  [libjvm.so+0x8363c0]
V  [libjvm.so+0xb72439]
V  [libjvm.so+0xdc2650]
V  [libjvm.so+0xdbe7b9]
V  [libjvm.so+0xb8429e]

Java frames: (J=compiled Java code, j=interpreted, Vv=VM code)
j  jdk.internal.misc.Signal.dispatch(I)V+25 java.base@11.0.13
v  ~StubRoutines::call_stub

siginfo: si_signo: 11 (SIGSEGV), si_code: 1 (SEGV_MAPERR), si_addr: 0x00007f138e7e4b9c

Register to memory mapping:

RAX=0x0000000000006ee0 is an unknown value
RBX=0x00007f136e7ea2e1 is pointing into the stack for thread: 0x00007f139c2bc000
RCX=0x00007f138e7c901c is an unknown value
RDX=0x0000000000006ee0 is an unknown value
RSP=0x00007f136e7ea230 is pointing into the stack for thread: 0x00007f139c2bc000
RBP=0x00007f136e7ea250 is pointing into the stack for thread: 0x00007f139c2bc000
RSI=0x00007f136e7ea2e0 is pointing into the stack for thread: 0x00007f139c2bc000
RDI=0x00007f1397bc5030: <offset 0x0000000000205030> in /snap/arduino/70/usr/lib/jvm/java-11-openjdk-amd64/lib/libjimage.so at 0x00007f13979c0000
R8 =0x0 is NULL
R9 =0x0000000076100fa4 is an unknown value
R10=0x00007f136e7ea303 is pointing into the stack for thread: 0x00007f139c2bc000
R11=0x6c616e6769532f63 is an unknown value
R12=0x00007f136e7ea2e0 is pointing into the stack for thread: 0x00007f139c2bc000
R13=0x0000000000008457 is an unknown value
R14=0x00007f136e7eb378 is pointing into the stack for thread: 0x00007f139c2bc000
R15=0x00007f139c2bcbd0 points into unknown readable memory: 0x65746e692f6b646a | 6a 64 6b 2f 69 6e 74 65


Registers:
RAX=0x0000000000006ee0, RBX=0x00007f136e7ea2e1, RCX=0x00007f138e7c901c, RDX=0x0000000000006ee0
RSP=0x00007f136e7ea230, RBP=0x00007f136e7ea250, RSI=0x00007f136e7ea2e0, RDI=0x00007f1397bc5030
R8 =0x0000000000000000, R9 =0x0000000076100fa4, R10=0x00007f136e7ea303, R11=0x6c616e6769532f63
R12=0x00007f136e7ea2e0, R13=0x0000000000008457, R14=0x00007f136e7eb378, R15=0x00007f139c2bcbd0
RIP=0x00007f13979c2381, EFLAGS=0x0000000000010212, CSGSFS=0x002b000000000033, ERR=0x0000000000000004
  TRAPNO=0x000000000000000e

Top of Stack: (sp=0x00007f136e7ea230)
0x00007f136e7ea230:   0000000000000000 00007f139c023f60
0x00007f136e7ea240:   0000000000000000 00007f136e7ea2e0
0x00007f136e7ea250:   00007f136e7ea2c0 00007f13979c2efa
0x00007f136e7ea260:   0000000000000000 0000000000000000 

Instructions: (pc=0x00007f13979c2381)
0x00007f13979c2281:   48 89 df 48 89 4d 88 e8 53 f3 ff ff 48 8b 4d 88
0x00007f13979c2291:   44 03 6d 90 e9 42 fd ff ff 66 0f 1f 44 00 00 8b
0x00007f13979c22a1:   08 41 89 0e 44 89 c1 8b 74 08 fc 41 89 74 0e fc
0x00007f13979c22b1:   e9 d8 fe ff ff 66 2e 0f 1f 84 00 00 00 00 00 b9
0x00007f13979c22c1:   0a 00 00 00 e9 95 fd ff ff 44 89 c1 0f b7 74 08
0x00007f13979c22d1:   fe 66 41 89 74 0e fe e9 b1 fe ff ff 0f 1f 00 0f
0x00007f13979c22e1:   b6 17 89 f1 4c 8d 47 01 84 d2 74 1a 0f 1f 00 69
0x00007f13979c22f1:   c9 93 01 00 01 49 83 c0 01 31 d1 41 0f b6 50 ff
0x00007f13979c2301:   84 d2 75 eb 89 ce 89 f0 25 ff ff ff 7f c3 90 48
0x00007f13979c2311:   85 d2 0f 84 e1 00 00 00 85 c9 0f 84 d9 00 00 00
0x00007f13979c2321:   55 48 89 e5 41 55 41 54 53 48 8d 5e 01 48 83 ec
0x00007f13979c2331:   08 44 0f b6 06 45 84 c0 0f 84 b1 00 00 00 49 89
0x00007f13979c2341:   da b8 93 01 00 01 66 0f 1f 84 00 00 00 00 00 44
0x00007f13979c2351:   69 c8 93 01 00 01 49 83 c2 01 41 0f b6 c0 45 0f
0x00007f13979c2361:   b6 42 ff 44 31 c8 45 84 c0 75 e4 25 ff ff ff 7f
0x00007f13979c2371:   41 89 cd 48 89 d1 31 d2 49 89 f4 41 f7 f5 89 d0
0x00007f13979c2381:   8b 34 81 48 8b 07 ff 50 20 85 c0 7f 22 ba ff ff
0x00007f13979c2391:   ff ff 74 04 f7 d0 89 c2 48 83 c4 08 89 d0 5b 41
0x00007f13979c23a1:   5c 41 5d 5d c3 66 2e 0f 1f 84 00 00 00 00 00 41
0x00007f13979c23b1:   0f b6 34 24 89 c7 40 84 f6 74 1b 0f 1f 40 00 69
0x00007f13979c23c1:   ff 93 01 00 01 48 83 c3 01 31 f7 0f b6 73 ff 40
0x00007f13979c23d1:   84 f6 75 eb 89 f8 25 ff ff ff 7f 31 d2 48 83 c4
0x00007f13979c23e1:   08 41 f7 f5 5b 41 5c 41 5d 5d 89 d0 c3 66 90 b8
0x00007f13979c23f1:   93 01 00 01 e9 77 ff ff ff 83 ca ff 89 d0 c3 0f
0x00007f13979c2401:   b6 17 48 89 f8 84 d2 75 19 eb 1e 0f 1f 40 00 38
0x00007f13979c2411:   ca 75 1c 48 83 c0 01 0f b6 10 48 83 c6 01 84 d2
0x00007f13979c2421:   74 15 0f b6 0e 84 c9 75 e6 c3 0f 1f 44 00 00 31
0x00007f13979c2431:   c0 c3 0f 1f 44 00 00 c3 90 66 0f 1f 44 00 00 48
0x00007f13979c2441:   85 f6 74 5a 0f b6 06 84 c0 74 54 0f 1f 40 00 0f
0x00007f13979c2451:   b6 d0 83 e0 07 c1 fa 03 44 8d 50 01 0f b6 c0 41
0x00007f13979c2461:   89 d1 4c 8d 44 06 02 48 8d 56 01 31 c0 66 90 0f
0x00007f13979c2471:   b6 0a 48 c1 e0 08 48 83 c2 01 48 09 c8 49 39 d0 


Stack slot to memory mapping:
stack at sp + 0 slots: 0x0 is NULL
stack at sp + 1 slots: 0x00007f139c023f60 points into unknown readable memory: 0x0000000000000000 | 00 00 00 00 00 00 00 00
stack at sp + 2 slots: 0x0 is NULL
stack at sp + 3 slots: 0x00007f136e7ea2e0 is pointing into the stack for thread: 0x00007f139c2bc000
stack at sp + 4 slots: 0x00007f136e7ea2c0 is pointing into the stack for thread: 0x00007f139c2bc000
stack at sp + 5 slots: 0x00007f13979c2efa: <offset 0x0000000000002efa> in /snap/arduino/70/usr/lib/jvm/java-11-openjdk-amd64/lib/libjimage.so at 0x00007f13979c0000
stack at sp + 6 slots: 0x0 is NULL
stack at sp + 7 slots: 0x0 is NULL


---------------  P R O C E S S  ---------------

Threads class SMR info:
_java_thread_list=0x00007f12e401b750, length=23, elements={
0x00007f139c2a4000, 0x00007f139c2a8000, 0x00007f139c2bc000, 0x00007f139c2be000,
0x00007f139c2c0800, 0x00007f139c2c2800, 0x00007f139c2c4800, 0x00007f139c36c800,
0x00007f139c6f2800, 0x00007f139c739800, 0x00007f12e0001800, 0x00007f12e4025000,
0x00007f139cd8b000, 0x00007f139cd8b800, 0x00007f139cd99800, 0x00007f139d62b000,
0x00007f139c017800, 0x00007f12e4042000, 0x00007f12e4090000, 0x00007f12e4091000,
0x00007f12e4094000, 0x00007f12e4097000, 0x00007f12e4097800
}

Java Threads: ( => current thread )
  0x00007f139c2a4000 JavaThread "Reference Handler" daemon [_thread_blocked, id=3764, stack(0x00007f136e8ee000,0x00007f136e9ef000)]
  0x00007f139c2a8000 JavaThread "Finalizer" daemon [_thread_blocked, id=3765, stack(0x00007f136e7ed000,0x00007f136e8ee000)]
=>0x00007f139c2bc000 JavaThread "Signal Dispatcher" daemon [_thread_in_vm, id=3766, stack(0x00007f136e6ec000,0x00007f136e7ed000)]
  0x00007f139c2be000 JavaThread "Service Thread" daemon [_thread_blocked, id=3767, stack(0x00007f136e5eb000,0x00007f136e6ec000)]
  0x00007f139c2c0800 JavaThread "C2 CompilerThread0" daemon [_thread_blocked, id=3768, stack(0x00007f136e4ea000,0x00007f136e5eb000)]
  0x00007f139c2c2800 JavaThread "C1 CompilerThread0" daemon [_thread_blocked, id=3769, stack(0x00007f136e3e9000,0x00007f136e4ea000)]
  0x00007f139c2c4800 JavaThread "Sweeper thread" daemon [_thread_blocked, id=3770, stack(0x00007f136e2e8000,0x00007f136e3e9000)]
  0x00007f139c36c800 JavaThread "Common-Cleaner" daemon [_thread_blocked, id=3772, stack(0x00007f136e0e5000,0x00007f136e1e6000)]
  0x00007f139c6f2800 JavaThread "Java2D Disposer" daemon [_thread_blocked, id=3788, stack(0x00007f136cf74000,0x00007f136d075000)]
  0x00007f139c739800 JavaThread "AWT-XAWT" daemon [_thread_in_native, id=3790, stack(0x00007f136ce73000,0x00007f136cf74000)]
  0x00007f12e0001800 JavaThread "cc.arduino.packages.discoverers.serial.SerialDiscovery" [_thread_blocked, id=3812, stack(0x00007f13073f4000,0x00007f13074f5000)]
  0x00007f12e4025000 JavaThread "Multihomed mDNS.Timer" daemon [_thread_blocked, id=3813, stack(0x00007f13075f6000,0x00007f13076f7000)]
  0x00007f139cd8b000 JavaThread "AWT-Shutdown" [_thread_blocked, id=3830, stack(0x00007f13076f7000,0x00007f13077f8000)]
  0x00007f139cd8b800 JavaThread "AWT-EventQueue-0" [_thread_blocked, id=3831, stack(0x00007f1305ecc000,0x00007f1305fcd000)]
  0x00007f139cd99800 JavaThread "Batik CleanerThread" daemon [_thread_blocked, id=3836, stack(0x00007f1305586000,0x00007f1305687000)]
  0x00007f139d62b000 JavaThread "TimerQueue" daemon [_thread_blocked, id=3838, stack(0x00007f13077f8000,0x00007f13078f9000)]
  0x00007f139c017800 JavaThread "DestroyJavaVM" [_thread_blocked, id=3757, stack(0x00007f13ac5c4000,0x00007f13ac6c5000)]
  0x00007f12e4042000 JavaThread "SocketListener(fe80-0-0-0-cb9e-7b6f-5dd4-db34-wlp5s0.local.)" daemon [_thread_in_native, id=3852, stack(0x00007f136dbbc000,0x00007f136dcbd000)]
  0x00007f12e4090000 JavaThread "JmDNS(fe80-0-0-0-cb9e-7b6f-5dd4-db34-wlp5s0.local.).Timer" daemon [_thread_blocked, id=3853, stack(0x00007f1305285000,0x00007f1305386000)]
  0x00007f12e4091000 JavaThread "JmDNS(fe80-0-0-0-cb9e-7b6f-5dd4-db34-wlp5s0.local.).State.Timer" [_thread_blocked, id=3854, stack(0x00007f131da53000,0x00007f131db54000)]
  0x00007f12e4094000 JavaThread "SocketListener(192-168-43-139.local.)" daemon [_thread_in_native, id=3856, stack(0x00007f1304982000,0x00007f1304a83000)]
  0x00007f12e4097000 JavaThread "JmDNS(192-168-43-139.local.).Timer" daemon [_thread_blocked, id=3857, stack(0x00007f131d952000,0x00007f131da53000)]
  0x00007f12e4097800 JavaThread "JmDNS(192-168-43-139.local.).State.Timer" [_thread_blocked, id=3858, stack(0x00007f1307afb000,0x00007f1307bfc000)]

Other Threads:
  0x00007f139c29b800 VMThread "VM Thread" [stack: 0x00007f136e9f1000,0x00007f136eaf1000] [id=3763]
  0x00007f139c35d000 WatcherThread [stack: 0x00007f136e1e8000,0x00007f136e2e8000] [id=3771]
  0x00007f139c030000 GCTaskThread "GC Thread#0" [stack: 0x00007f137f5e0000,0x00007f137f6e0000] [id=3758]
  0x00007f1360001000 GCTaskThread "GC Thread#1" [stack: 0x00007f131c446000,0x00007f131c546000] [id=3799]
  0x00007f1360008000 GCTaskThread "GC Thread#2" [stack: 0x00007f13062d5000,0x00007f13063d5000] [id=3826]
  0x00007f1360009800 GCTaskThread "GC Thread#3" [stack: 0x00007f13061d3000,0x00007f13062d3000] [id=3827]
  0x00007f136000b000 GCTaskThread "GC Thread#4" [stack: 0x00007f13060d1000,0x00007f13061d1000] [id=3828]
  0x00007f136000c800 GCTaskThread "GC Thread#5" [stack: 0x00007f1305fcf000,0x00007f13060cf000] [id=3829]
  0x00007f136000e800 GCTaskThread "GC Thread#6" [stack: 0x00007f1305b8f000,0x00007f1305c8f000] [id=3832]
  0x00007f1360010000 GCTaskThread "GC Thread#7" [stack: 0x00007f1305a8d000,0x00007f1305b8d000] [id=3833]
  0x00007f1360011800 GCTaskThread "GC Thread#8" [stack: 0x00007f130598b000,0x00007f1305a8b000] [id=3834]
  0x00007f1360013000 GCTaskThread "GC Thread#9" [stack: 0x00007f1305889000,0x00007f1305989000] [id=3835]
  0x00007f1360014800 GCTaskThread "GC Thread#10" [stack: 0x00007f1304352000,0x00007f1304452000] [id=3844]
  0x00007f1360015800 GCTaskThread "GC Thread#11" [stack: 0x00007f1304250000,0x00007f1304350000] [id=3845]
  0x00007f1360017000 GCTaskThread "GC Thread#12" [stack: 0x00007f130414e000,0x00007f130424e000] [id=3846]
  0x00007f139c05e800 ConcurrentGCThread "G1 Main Marker" [stack: 0x00007f137c075000,0x00007f137c175000] [id=3759]
  0x00007f139c060800 ConcurrentGCThread "G1 Conc#0" [stack: 0x00007f1376260000,0x00007f1376360000] [id=3760]
  0x00007f1370001000 ConcurrentGCThread "G1 Conc#1" [stack: 0x00007f1307f00000,0x00007f1308000000] [id=3802]
  0x00007f1370002800 ConcurrentGCThread "G1 Conc#2" [stack: 0x00007f1307dfe000,0x00007f1307efe000] [id=3803]
  0x00007f139c0f7800 ConcurrentGCThread "G1 Refine#0" [stack: 0x00007f136f3f5000,0x00007f136f4f5000] [id=3761]
  0x00007f1364001800 ConcurrentGCThread "G1 Refine#1" [stack: 0x00007f1306eed000,0x00007f1306fed000] [id=3814]
  0x00007f12ec011800 ConcurrentGCThread "G1 Refine#2" [stack: 0x00007f1306deb000,0x00007f1306eeb000] [id=3815]
  0x00007f12dc001000 ConcurrentGCThread "G1 Refine#3" [stack: 0x00007f1306ce9000,0x00007f1306de9000] [id=3816]
  0x00007f12d0001000 ConcurrentGCThread "G1 Refine#4" [stack: 0x00007f1306be7000,0x00007f1306ce7000] [id=3817]
  0x00007f12d4001000 ConcurrentGCThread "G1 Refine#5" [stack: 0x00007f1306ae5000,0x00007f1306be5000] [id=3818]
  0x00007f12c8001000 ConcurrentGCThread "G1 Refine#6" [stack: 0x00007f13069e3000,0x00007f1306ae3000] [id=3819]
  0x00007f12cc001000 ConcurrentGCThread "G1 Refine#7" [stack: 0x00007f13068e1000,0x00007f13069e1000] [id=3820]
  0x00007f12c0001000 ConcurrentGCThread "G1 Refine#8" [stack: 0x00007f13067df000,0x00007f13068df000] [id=3821]
  0x00007f12c4001000 ConcurrentGCThread "G1 Refine#9" [stack: 0x00007f13066dd000,0x00007f13067dd000] [id=3822]
  0x00007f12b8001000 ConcurrentGCThread "G1 Refine#10" [stack: 0x00007f13065db000,0x00007f13066db000] [id=3823]
  0x00007f12bc001000 ConcurrentGCThread "G1 Refine#11" [stack: 0x00007f13064d9000,0x00007f13065d9000] [id=3824]
  0x00007f12b0001000 ConcurrentGCThread "G1 Refine#12" [stack: 0x00007f13063d7000,0x00007f13064d7000] [id=3825]
  0x00007f139c0f9000 ConcurrentGCThread "G1 Young RemSet Sampling" [stack: 0x00007f136f2f3000,0x00007f136f3f3000] [id=3762]

Threads with active compile tasks:

VM state:not at safepoint (normal execution)

VM Mutex/Monitor currently owned by a thread: None

Heap address: 0x000000008d800000, size: 1832 MB, Compressed Oops mode: 32-bit
Narrow klass base: 0x0000000000000000, Narrow klass shift: 3
Compressed class space size: 1073741824 Address: 0x0000000100000000

Heap:
 garbage-first heap   total 194560K, used 99198K [0x000000008d800000, 0x0000000100000000)
  region size 1024K, 5 young (5120K), 3 survivors (3072K)
 Metaspace       used 49623K, capacity 50368K, committed 51456K, reserved 1095680K
  class space    used 5289K, capacity 5576K, committed 5888K, reserved 1048576K
Heap Regions: E=young(eden), S=young(survivor), O=old, HS=humongous(starts), HC=humongous(continues), CS=collection set, F=free, A=archive, TAMS=top-at-mark-start (previous, next)
|   0|0x000000008d800000, 0x000000008d900000, 0x000000008d900000|100%| O|  |TAMS 0x000000008d900000, 0x000000008d800000| Untracked 
|   1|0x000000008d900000, 0x000000008da00000, 0x000000008da00000|100%| O|  |TAMS 0x000000008da00000, 0x000000008d900000| Untracked 
|   2|0x000000008da00000, 0x000000008db00000, 0x000000008db00000|100%| O|  |TAMS 0x000000008db00000, 0x000000008da00000| Complete 
|   3|0x000000008db00000, 0x000000008dc00000, 0x000000008dc00000|100%| O|  |TAMS 0x000000008dc00000, 0x000000008db00000| Untracked 
|   4|0x000000008dc00000, 0x000000008dd00000, 0x000000008dd00000|100%| O|  |TAMS 0x000000008dd00000, 0x000000008dc00000| Untracked 
|   5|0x000000008dd00000, 0x000000008de00000, 0x000000008de00000|100%| O|  |TAMS 0x000000008de00000, 0x000000008dd00000| Complete 
|   6|0x000000008de00000, 0x000000008df00000, 0x000000008df00000|100%| O|  |TAMS 0x000000008df00000, 0x000000008de00000| Untracked 
|   7|0x000000008df00000, 0x000000008e000000, 0x000000008e000000|100%| O|  |TAMS 0x000000008e000000, 0x000000008df00000| Complete 
|   8|0x000000008e000000, 0x000000008e100000, 0x000000008e100000|100%|HS|  |TAMS 0x000000008e100000, 0x000000008e000000| Complete 
|   9|0x000000008e100000, 0x000000008e200000, 0x000000008e200000|100%|HC|  |TAMS 0x000000008e200000, 0x000000008e100000| Complete 
|  10|0x000000008e200000, 0x000000008e300000, 0x000000008e300000|100%|HC|  |TAMS 0x000000008e300000, 0x000000008e200000| Complete 
|  11|0x000000008e300000, 0x000000008e400000, 0x000000008e400000|100%|HS|  |TAMS 0x000000008e300000, 0x000000008e300000| Complete 
|  12|0x000000008e400000, 0x000000008e500000, 0x000000008e500000|100%|HS|  |TAMS 0x000000008e500000, 0x000000008e400000| Complete 
|  13|0x000000008e500000, 0x000000008e600000, 0x000000008e600000|100%|HC|  |TAMS 0x000000008e600000, 0x000000008e500000| Complete 
|  14|0x000000008e600000, 0x000000008e700000, 0x000000008e700000|100%| O|  |TAMS 0x000000008e700000, 0x000000008e600000| Complete 
|  15|0x000000008e700000, 0x000000008e800000, 0x000000008e800000|100%| O|  |TAMS 0x000000008e800000, 0x000000008e700000| Complete 
|  16|0x000000008e800000, 0x000000008e900000, 0x000000008e900000|100%| O|  |TAMS 0x000000008e900000, 0x000000008e800000| Complete 
|  17|0x000000008e900000, 0x000000008ea00000, 0x000000008ea00000|100%|HS|  |TAMS 0x000000008ea00000, 0x000000008e900000| Complete 
|  18|0x000000008ea00000, 0x000000008eb00000, 0x000000008eb00000|100%|HC|  |TAMS 0x000000008eb00000, 0x000000008ea00000| Complete 
|  19|0x000000008eb00000, 0x000000008ec00000, 0x000000008ec00000|100%|HS|  |TAMS 0x000000008eb00000, 0x000000008eb00000| Complete 
|  20|0x000000008ec00000, 0x000000008ed00000, 0x000000008ed00000|100%|HC|  |TAMS 0x000000008ec00000, 0x000000008ec00000| Complete 
|  21|0x000000008ed00000, 0x000000008ee00000, 0x000000008ee00000|100%|HS|  |TAMS 0x000000008ed00000, 0x000000008ed00000| Complete 
|  22|0x000000008ee00000, 0x000000008ef00000, 0x000000008ef00000|100%|HC|  |TAMS 0x000000008ee00000, 0x000000008ee00000| Complete 
|  23|0x000000008ef00000, 0x000000008f000000, 0x000000008f000000|100%|HS|  |TAMS 0x000000008f000000, 0x000000008ef00000| Complete 
|  24|0x000000008f000000, 0x000000008f100000, 0x000000008f100000|100%|HC|  |TAMS 0x000000008f100000, 0x000000008f000000| Complete 
|  25|0x000000008f100000, 0x000000008f200000, 0x000000008f200000|100%| O|  |TAMS 0x000000008f200000, 0x000000008f100000| Complete 
|  26|0x000000008f200000, 0x000000008f300000, 0x000000008f300000|100%| O|  |TAMS 0x000000008f300000, 0x000000008f200000| Complete 
|  27|0x000000008f300000, 0x000000008f300000, 0x000000008f400000|  0%| F|  |TAMS 0x000000008f300000, 0x000000008f300000| Untracked 
|  28|0x000000008f400000, 0x000000008f400000, 0x000000008f500000|  0%| F|  |TAMS 0x000000008f400000, 0x000000008f400000| Untracked 
|  29|0x000000008f500000, 0x000000008f600000, 0x000000008f600000|100%| O|  |TAMS 0x000000008f600000, 0x000000008f500000| Complete 
|  30|0x000000008f600000, 0x000000008f700000, 0x000000008f700000|100%| O|  |TAMS 0x000000008f700000, 0x000000008f600000| Complete 
|  31|0x000000008f700000, 0x000000008f800000, 0x000000008f800000|100%| O|  |TAMS 0x000000008f800000, 0x000000008f700000| Complete 
|  32|0x000000008f800000, 0x000000008f900000, 0x000000008f900000|100%| O|  |TAMS 0x000000008f900000, 0x000000008f800000| Untracked 
|  33|0x000000008f900000, 0x000000008f900000, 0x000000008fa00000|  0%| F|  |TAMS 0x000000008f900000, 0x000000008f900000| Untracked 
|  34|0x000000008fa00000, 0x000000008fb00000, 0x000000008fb00000|100%|HS|  |TAMS 0x000000008fb00000, 0x000000008fa00000| Complete 
|  35|0x000000008fb00000, 0x000000008fc00000, 0x000000008fc00000|100%|HC|  |TAMS 0x000000008fc00000, 0x000000008fb00000| Complete 
|  36|0x000000008fc00000, 0x000000008fd00000, 0x000000008fd00000|100%|HC|  |TAMS 0x000000008fd00000, 0x000000008fc00000| Complete 
|  37|0x000000008fd00000, 0x000000008fe00000, 0x000000008fe00000|100%| O|  |TAMS 0x000000008fe00000, 0x000000008fd00000| Untracked 
|  38|0x000000008fe00000, 0x000000008ff00000, 0x000000008ff00000|100%| O|  |TAMS 0x000000008ff00000, 0x000000008fe00000| Untracked 
|  39|0x000000008ff00000, 0x0000000090000000, 0x0000000090000000|100%| O|  |TAMS 0x0000000090000000, 0x000000008ff00000| Complete 
|  40|0x0000000090000000, 0x0000000090100000, 0x0000000090100000|100%| O|  |TAMS 0x0000000090100000, 0x0000000090000000| Complete 
|  41|0x0000000090100000, 0x0000000090200000, 0x0000000090200000|100%| O|  |TAMS 0x0000000090200000, 0x0000000090100000| Untracked 
|  42|0x0000000090200000, 0x000000009025c800, 0x0000000090300000| 36%| O|  |TAMS 0x000000009025c800, 0x0000000090200000| Untracked 
|  43|0x0000000090300000, 0x0000000090300000, 0x0000000090400000|  0%| F|  |TAMS 0x0000000090300000, 0x0000000090300000| Untracked 
|  44|0x0000000090400000, 0x0000000090400000, 0x0000000090500000|  0%| F|  |TAMS 0x0000000090400000, 0x0000000090400000| Untracked 
|  45|0x0000000090500000, 0x0000000090500000, 0x0000000090600000|  0%| F|  |TAMS 0x0000000090500000, 0x0000000090500000| Untracked 
|  46|0x0000000090600000, 0x0000000090700000, 0x0000000090700000|100%| O|  |TAMS 0x0000000090700000, 0x0000000090600000| Complete 
|  47|0x0000000090700000, 0x0000000090800000, 0x0000000090800000|100%| O|  |TAMS 0x0000000090800000, 0x0000000090700000| Complete 
|  48|0x0000000090800000, 0x0000000090900000, 0x0000000090900000|100%| O|  |TAMS 0x0000000090900000, 0x0000000090800000| Complete 
|  49|0x0000000090900000, 0x0000000090a00000, 0x0000000090a00000|100%| O|  |TAMS 0x0000000090a00000, 0x0000000090900000| Complete 
|  50|0x0000000090a00000, 0x0000000090b00000, 0x0000000090b00000|100%| O|  |TAMS 0x0000000090b00000, 0x0000000090a00000| Complete 
|  51|0x0000000090b00000, 0x0000000090b00000, 0x0000000090c00000|  0%| F|  |TAMS 0x0000000090b00000, 0x0000000090b00000| Untracked 
|  52|0x0000000090c00000, 0x0000000090c00000, 0x0000000090d00000|  0%| F|  |TAMS 0x0000000090c00000, 0x0000000090c00000| Untracked 
|  53|0x0000000090d00000, 0x0000000090e00000, 0x0000000090e00000|100%| O|  |TAMS 0x0000000090e00000, 0x0000000090d00000| Complete 
|  54|0x0000000090e00000, 0x0000000090f00000, 0x0000000090f00000|100%| O|  |TAMS 0x0000000090f00000, 0x0000000090e00000| Complete 
|  55|0x0000000090f00000, 0x0000000091000000, 0x0000000091000000|100%| O|  |TAMS 0x0000000091000000, 0x0000000090f00000| Complete 
|  56|0x0000000091000000, 0x0000000091100000, 0x0000000091100000|100%| O|  |TAMS 0x0000000091100000, 0x0000000091000000| Untracked 
|  57|0x0000000091100000, 0x0000000091200000, 0x0000000091200000|100%| O|  |TAMS 0x0000000091200000, 0x0000000091100000| Complete 
|  58|0x0000000091200000, 0x0000000091200000, 0x0000000091300000|  0%| F|  |TAMS 0x0000000091200000, 0x0000000091200000| Untracked 
|  59|0x0000000091300000, 0x0000000091400000, 0x0000000091400000|100%| O|  |TAMS 0x0000000091400000, 0x0000000091300000| Complete 
|  60|0x0000000091400000, 0x0000000091500000, 0x0000000091500000|100%| O|  |TAMS 0x0000000091500000, 0x0000000091400000| Complete 
|  61|0x0000000091500000, 0x0000000091600000, 0x0000000091600000|100%| O|  |TAMS 0x0000000091600000, 0x0000000091500000| Untracked 
|  62|0x0000000091600000, 0x0000000091600000, 0x0000000091700000|  0%| F|  |TAMS 0x0000000091600000, 0x0000000091600000| Untracked 
|  63|0x0000000091700000, 0x0000000091700000, 0x0000000091800000|  0%| F|  |TAMS 0x0000000091700000, 0x0000000091700000| Untracked 
|  64|0x0000000091800000, 0x0000000091900000, 0x0000000091900000|100%| O|  |TAMS 0x0000000091900000, 0x0000000091800000| Complete 
|  65|0x0000000091900000, 0x0000000091900000, 0x0000000091a00000|  0%| F|  |TAMS 0x0000000091900000, 0x0000000091900000| Untracked 
|  66|0x0000000091a00000, 0x0000000091b00000, 0x0000000091b00000|100%| O|  |TAMS 0x0000000091b00000, 0x0000000091a00000| Untracked 
|  67|0x0000000091b00000, 0x0000000091c00000, 0x0000000091c00000|100%| O|  |TAMS 0x0000000091c00000, 0x0000000091b00000| Untracked 
|  68|0x0000000091c00000, 0x0000000091d00000, 0x0000000091d00000|100%| O|  |TAMS 0x0000000091d00000, 0x0000000091c00000| Untracked 
|  69|0x0000000091d00000, 0x0000000091e00000, 0x0000000091e00000|100%| O|  |TAMS 0x0000000091e00000, 0x0000000091d00000| Untracked 
|  70|0x0000000091e00000, 0x0000000091f00000, 0x0000000091f00000|100%| O|  |TAMS 0x0000000091f00000, 0x0000000091e00000| Untracked 
|  71|0x0000000091f00000, 0x0000000092000000, 0x0000000092000000|100%| O|  |TAMS 0x0000000092000000, 0x0000000091f00000| Complete 
|  72|0x0000000092000000, 0x0000000092100000, 0x0000000092100000|100%| O|  |TAMS 0x0000000092100000, 0x0000000092000000| Untracked 
|  73|0x0000000092100000, 0x0000000092200000, 0x0000000092200000|100%| O|  |TAMS 0x0000000092200000, 0x0000000092100000| Untracked 
|  74|0x0000000092200000, 0x0000000092300000, 0x0000000092300000|100%| O|  |TAMS 0x0000000092300000, 0x0000000092200000| Untracked 
|  75|0x0000000092300000, 0x0000000092400000, 0x0000000092400000|100%| O|  |TAMS 0x0000000092400000, 0x0000000092300000| Untracked 
|  76|0x0000000092400000, 0x0000000092500000, 0x0000000092500000|100%| O|  |TAMS 0x0000000092500000, 0x0000000092400000| Untracked 
|  77|0x0000000092500000, 0x0000000092600000, 0x0000000092600000|100%| O|  |TAMS 0x0000000092600000, 0x0000000092500000| Untracked 
|  78|0x0000000092600000, 0x0000000092700000, 0x0000000092700000|100%| O|  |TAMS 0x0000000092700000, 0x0000000092600000| Untracked 
|  79|0x0000000092700000, 0x0000000092800000, 0x0000000092800000|100%| O|  |TAMS 0x0000000092800000, 0x0000000092700000| Untracked 
|  80|0x0000000092800000, 0x0000000092900000, 0x0000000092900000|100%| O|  |TAMS 0x0000000092900000, 0x0000000092800000| Untracked 
|  81|0x0000000092900000, 0x0000000092a00000, 0x0000000092a00000|100%| O|  |TAMS 0x0000000092a00000, 0x0000000092900000| Complete 
|  82|0x0000000092a00000, 0x0000000092b00000, 0x0000000092b00000|100%| O|  |TAMS 0x0000000092b00000, 0x0000000092a00000| Untracked 
|  83|0x0000000092b00000, 0x0000000092c00000, 0x0000000092c00000|100%| O|  |TAMS 0x0000000092c00000, 0x0000000092b00000| Untracked 
|  84|0x0000000092c00000, 0x0000000092d00000, 0x0000000092d00000|100%| O|  |TAMS 0x0000000092d00000, 0x0000000092c00000| Untracked 
|  85|0x0000000092d00000, 0x0000000092e00000, 0x0000000092e00000|100%| O|  |TAMS 0x0000000092e00000, 0x0000000092d00000| Untracked 
|  86|0x0000000092e00000, 0x0000000092f00000, 0x0000000092f00000|100%| O|  |TAMS 0x0000000092f00000, 0x0000000092e00000| Untracked 
|  87|0x0000000092f00000, 0x0000000093000000, 0x0000000093000000|100%| O|  |TAMS 0x0000000093000000, 0x0000000092f00000| Untracked 
|  88|0x0000000093000000, 0x0000000093100000, 0x0000000093100000|100%| O|  |TAMS 0x0000000093100000, 0x0000000093000000| Untracked 
|  89|0x0000000093100000, 0x0000000093200000, 0x0000000093200000|100%| O|  |TAMS 0x0000000093200000, 0x0000000093100000| Untracked 
|  90|0x0000000093200000, 0x0000000093300000, 0x0000000093300000|100%| O|  |TAMS 0x0000000093300000, 0x0000000093200000| Untracked 
|  91|0x0000000093300000, 0x0000000093400000, 0x0000000093400000|100%| O|  |TAMS 0x0000000093400000, 0x0000000093300000| Untracked 
|  92|0x0000000093400000, 0x0000000093500000, 0x0000000093500000|100%| O|  |TAMS 0x0000000093500000, 0x0000000093400000| Untracked 
|  93|0x0000000093500000, 0x0000000093600000, 0x0000000093600000|100%| O|  |TAMS 0x0000000093600000, 0x0000000093500000| Untracked 
|  94|0x0000000093600000, 0x0000000093700000, 0x0000000093700000|100%| O|  |TAMS 0x0000000093700000, 0x0000000093600000| Untracked 
|  95|0x0000000093700000, 0x0000000093800000, 0x0000000093800000|100%| O|  |TAMS 0x0000000093800000, 0x0000000093700000| Untracked 
|  96|0x0000000093800000, 0x0000000093900000, 0x0000000093900000|100%| O|  |TAMS 0x0000000093900000, 0x0000000093800000| Untracked 
|  97|0x0000000093900000, 0x0000000093a00000, 0x0000000093a00000|100%| O|  |TAMS 0x0000000093a00000, 0x0000000093900000| Untracked 
|  98|0x0000000093a00000, 0x0000000093b00000, 0x0000000093b00000|100%| O|  |TAMS 0x0000000093b00000, 0x0000000093a00000| Untracked 
|  99|0x0000000093b00000, 0x0000000093c00000, 0x0000000093c00000|100%| O|  |TAMS 0x0000000093c00000, 0x0000000093b00000| Untracked 
| 100|0x0000000093c00000, 0x0000000093c00000, 0x0000000093d00000|  0%| F|  |TAMS 0x0000000093c00000, 0x0000000093c00000| Untracked 
| 101|0x0000000093d00000, 0x0000000093e00000, 0x0000000093e00000|100%| O|  |TAMS 0x0000000093e00000, 0x0000000093d00000| Untracked 
| 102|0x0000000093e00000, 0x0000000093f00000, 0x0000000093f00000|100%| O|  |TAMS 0x0000000093f00000, 0x0000000093e00000| Untracked 
| 103|0x0000000093f00000, 0x0000000094000000, 0x0000000094000000|100%| O|  |TAMS 0x0000000094000000, 0x0000000093f00000| Untracked 
| 104|0x0000000094000000, 0x0000000094100000, 0x0000000094100000|100%| O|  |TAMS 0x0000000094100000, 0x0000000094000000| Untracked 
| 105|0x0000000094100000, 0x0000000094200000, 0x0000000094200000|100%| O|  |TAMS 0x0000000094200000, 0x0000000094100000| Complete 
| 106|0x0000000094200000, 0x0000000094200000, 0x0000000094300000|  0%| F|  |TAMS 0x0000000094200000, 0x0000000094200000| Untracked 
| 107|0x0000000094300000, 0x0000000094400000, 0x0000000094400000|100%| O|  |TAMS 0x0000000094400000, 0x0000000094300000| Complete 
| 108|0x0000000094400000, 0x0000000094400000, 0x0000000094500000|  0%| F|  |TAMS 0x0000000094400000, 0x0000000094400000| Untracked 
| 109|0x0000000094500000, 0x0000000094500000, 0x0000000094600000|  0%| F|  |TAMS 0x0000000094500000, 0x0000000094500000| Untracked 
| 110|0x0000000094600000, 0x0000000094600000, 0x0000000094700000|  0%| F|  |TAMS 0x0000000094600000, 0x0000000094600000| Untracked 
| 111|0x0000000094700000, 0x0000000094700000, 0x0000000094800000|  0%| F|  |TAMS 0x0000000094700000, 0x0000000094700000| Untracked 
| 112|0x0000000094800000, 0x0000000094800000, 0x0000000094900000|  0%| F|  |TAMS 0x0000000094800000, 0x0000000094800000| Untracked 
| 113|0x0000000094900000, 0x0000000094900000, 0x0000000094a00000|  0%| F|  |TAMS 0x0000000094900000, 0x0000000094900000| Untracked 
| 114|0x0000000094a00000, 0x0000000094a00000, 0x0000000094b00000|  0%| F|  |TAMS 0x0000000094a00000, 0x0000000094a00000| Untracked 
| 115|0x0000000094b00000, 0x0000000094b00000, 0x0000000094c00000|  0%| F|  |TAMS 0x0000000094b00000, 0x0000000094b00000| Untracked 
| 116|0x0000000094c00000, 0x0000000094c00000, 0x0000000094d00000|  0%| F|  |TAMS 0x0000000094c00000, 0x0000000094c00000| Untracked 
| 117|0x0000000094d00000, 0x0000000094d00000, 0x0000000094e00000|  0%| F|  |TAMS 0x0000000094d00000, 0x0000000094d00000| Untracked 
| 118|0x0000000094e00000, 0x0000000094e00000, 0x0000000094f00000|  0%| F|  |TAMS 0x0000000094e00000, 0x0000000094e00000| Untracked 
| 119|0x0000000094f00000, 0x0000000094f00000, 0x0000000095000000|  0%| F|  |TAMS 0x0000000094f00000, 0x0000000094f00000| Untracked 
| 120|0x0000000095000000, 0x00000000950833e8, 0x0000000095100000| 51%| S|CS|TAMS 0x0000000095000000, 0x0000000095000000| Complete 
| 121|0x0000000095100000, 0x0000000095200000, 0x0000000095200000|100%| S|CS|TAMS 0x0000000095100000, 0x0000000095100000| Complete 
| 122|0x0000000095200000, 0x0000000095300000, 0x0000000095300000|100%| S|CS|TAMS 0x0000000095200000, 0x0000000095200000| Complete 
| 123|0x0000000095300000, 0x0000000095300000, 0x0000000095400000|  0%| F|  |TAMS 0x0000000095300000, 0x0000000095300000| Untracked 
| 124|0x0000000095400000, 0x0000000095400000, 0x0000000095500000|  0%| F|  |TAMS 0x0000000095400000, 0x0000000095400000| Untracked 
| 125|0x0000000095500000, 0x0000000095500000, 0x0000000095600000|  0%| F|  |TAMS 0x0000000095500000, 0x0000000095500000| Untracked 
| 126|0x0000000095600000, 0x0000000095600000, 0x0000000095700000|  0%| F|  |TAMS 0x0000000095600000, 0x0000000095600000| Untracked 
| 127|0x0000000095700000, 0x0000000095700000, 0x0000000095800000|  0%| F|  |TAMS 0x0000000095700000, 0x0000000095700000| Untracked 
| 128|0x0000000095800000, 0x0000000095800000, 0x0000000095900000|  0%| F|  |TAMS 0x0000000095800000, 0x0000000095800000| Untracked 
| 129|0x0000000095900000, 0x0000000095900000, 0x0000000095a00000|  0%| F|  |TAMS 0x0000000095900000, 0x0000000095900000| Untracked 
| 130|0x0000000095a00000, 0x0000000095a00000, 0x0000000095b00000|  0%| F|  |TAMS 0x0000000095a00000, 0x0000000095a00000| Untracked 
| 131|0x0000000095b00000, 0x0000000095b00000, 0x0000000095c00000|  0%| F|  |TAMS 0x0000000095b00000, 0x0000000095b00000| Untracked 
| 132|0x0000000095c00000, 0x0000000095c00000, 0x0000000095d00000|  0%| F|  |TAMS 0x0000000095c00000, 0x0000000095c00000| Untracked 
| 133|0x0000000095d00000, 0x0000000095d00000, 0x0000000095e00000|  0%| F|  |TAMS 0x0000000095d00000, 0x0000000095d00000| Untracked 
| 134|0x0000000095e00000, 0x0000000095e00000, 0x0000000095f00000|  0%| F|  |TAMS 0x0000000095e00000, 0x0000000095e00000| Untracked 
| 135|0x0000000095f00000, 0x0000000095f00000, 0x0000000096000000|  0%| F|  |TAMS 0x0000000095f00000, 0x0000000095f00000| Untracked 
| 136|0x0000000096000000, 0x0000000096000000, 0x0000000096100000|  0%| F|  |TAMS 0x0000000096000000, 0x0000000096000000| Untracked 
| 137|0x0000000096100000, 0x0000000096100000, 0x0000000096200000|  0%| F|  |TAMS 0x0000000096100000, 0x0000000096100000| Untracked 
| 138|0x0000000096200000, 0x0000000096200000, 0x0000000096300000|  0%| F|  |TAMS 0x0000000096200000, 0x0000000096200000| Untracked 
| 139|0x0000000096300000, 0x0000000096300000, 0x0000000096400000|  0%| F|  |TAMS 0x0000000096300000, 0x0000000096300000| Untracked 
| 140|0x0000000096400000, 0x0000000096400000, 0x0000000096500000|  0%| F|  |TAMS 0x0000000096400000, 0x0000000096400000| Untracked 
| 141|0x0000000096500000, 0x0000000096500000, 0x0000000096600000|  0%| F|  |TAMS 0x0000000096500000, 0x0000000096500000| Untracked 
| 142|0x0000000096600000, 0x0000000096600000, 0x0000000096700000|  0%| F|  |TAMS 0x0000000096600000, 0x0000000096600000| Untracked 
| 143|0x0000000096700000, 0x0000000096700000, 0x0000000096800000|  0%| F|  |TAMS 0x0000000096700000, 0x0000000096700000| Untracked 
| 144|0x0000000096800000, 0x0000000096800000, 0x0000000096900000|  0%| F|  |TAMS 0x0000000096800000, 0x0000000096800000| Untracked 
| 145|0x0000000096900000, 0x0000000096900000, 0x0000000096a00000|  0%| F|  |TAMS 0x0000000096900000, 0x0000000096900000| Untracked 
| 146|0x0000000096a00000, 0x0000000096a00000, 0x0000000096b00000|  0%| F|  |TAMS 0x0000000096a00000, 0x0000000096a00000| Untracked 
| 147|0x0000000096b00000, 0x0000000096b00000, 0x0000000096c00000|  0%| F|  |TAMS 0x0000000096b00000, 0x0000000096b00000| Untracked 
| 148|0x0000000096c00000, 0x0000000096c00000, 0x0000000096d00000|  0%| F|  |TAMS 0x0000000096c00000, 0x0000000096c00000| Untracked 
| 149|0x0000000096d00000, 0x0000000096d00000, 0x0000000096e00000|  0%| F|  |TAMS 0x0000000096d00000, 0x0000000096d00000| Untracked 
| 150|0x0000000096e00000, 0x0000000096e00000, 0x0000000096f00000|  0%| F|  |TAMS 0x0000000096e00000, 0x0000000096e00000| Untracked 
| 151|0x0000000096f00000, 0x0000000096f00000, 0x0000000097000000|  0%| F|  |TAMS 0x0000000096f00000, 0x0000000096f00000| Untracked 
| 152|0x0000000097000000, 0x0000000097000000, 0x0000000097100000|  0%| F|  |TAMS 0x0000000097000000, 0x0000000097000000| Untracked 
| 153|0x0000000097100000, 0x0000000097100000, 0x0000000097200000|  0%| F|  |TAMS 0x0000000097100000, 0x0000000097100000| Untracked 
| 154|0x0000000097200000, 0x0000000097200000, 0x0000000097300000|  0%| F|  |TAMS 0x0000000097200000, 0x0000000097200000| Untracked 
| 155|0x0000000097300000, 0x0000000097300000, 0x0000000097400000|  0%| F|  |TAMS 0x0000000097300000, 0x0000000097300000| Untracked 
| 156|0x0000000097400000, 0x0000000097400000, 0x0000000097500000|  0%| F|  |TAMS 0x0000000097400000, 0x0000000097400000| Untracked 
| 157|0x0000000097500000, 0x0000000097500000, 0x0000000097600000|  0%| F|  |TAMS 0x0000000097500000, 0x0000000097500000| Untracked 
| 158|0x0000000097600000, 0x0000000097600000, 0x0000000097700000|  0%| F|  |TAMS 0x0000000097600000, 0x0000000097600000| Untracked 
| 159|0x0000000097700000, 0x0000000097700000, 0x0000000097800000|  0%| F|  |TAMS 0x0000000097700000, 0x0000000097700000| Untracked 
| 160|0x0000000097800000, 0x0000000097800000, 0x0000000097900000|  0%| F|  |TAMS 0x0000000097800000, 0x0000000097800000| Untracked 
| 161|0x0000000097900000, 0x0000000097900000, 0x0000000097a00000|  0%| F|  |TAMS 0x0000000097900000, 0x0000000097900000| Untracked 
| 162|0x0000000097a00000, 0x0000000097a00000, 0x0000000097b00000|  0%| F|  |TAMS 0x0000000097a00000, 0x0000000097a00000| Untracked 
| 163|0x0000000097b00000, 0x0000000097b00000, 0x0000000097c00000|  0%| F|  |TAMS 0x0000000097b00000, 0x0000000097b00000| Untracked 
| 164|0x0000000097c00000, 0x0000000097c00000, 0x0000000097d00000|  0%| F|  |TAMS 0x0000000097c00000, 0x0000000097c00000| Untracked 
| 165|0x0000000097d00000, 0x0000000097d00000, 0x0000000097e00000|  0%| F|  |TAMS 0x0000000097d00000, 0x0000000097d00000| Untracked 
| 166|0x0000000097e00000, 0x0000000097e00000, 0x0000000097f00000|  0%| F|  |TAMS 0x0000000097e00000, 0x0000000097e00000| Untracked 
| 167|0x0000000097f00000, 0x0000000097f00000, 0x0000000098000000|  0%| F|  |TAMS 0x0000000097f00000, 0x0000000097f00000| Untracked 
| 168|0x0000000098000000, 0x0000000098000000, 0x0000000098100000|  0%| F|  |TAMS 0x0000000098000000, 0x0000000098000000| Untracked 
| 169|0x0000000098100000, 0x0000000098100000, 0x0000000098200000|  0%| F|  |TAMS 0x0000000098100000, 0x0000000098100000| Untracked 
| 170|0x0000000098200000, 0x0000000098200000, 0x0000000098300000|  0%| F|  |TAMS 0x0000000098200000, 0x0000000098200000| Untracked 
| 171|0x0000000098300000, 0x0000000098300000, 0x0000000098400000|  0%| F|  |TAMS 0x0000000098300000, 0x0000000098300000| Untracked 
| 172|0x0000000098400000, 0x0000000098400000, 0x0000000098500000|  0%| F|  |TAMS 0x0000000098400000, 0x0000000098400000| Untracked 
| 173|0x0000000098500000, 0x0000000098500000, 0x0000000098600000|  0%| F|  |TAMS 0x0000000098500000, 0x0000000098500000| Untracked 
| 174|0x0000000098600000, 0x0000000098600000, 0x0000000098700000|  0%| F|  |TAMS 0x0000000098600000, 0x0000000098600000| Untracked 
| 175|0x0000000098700000, 0x0000000098700000, 0x0000000098800000|  0%| F|  |TAMS 0x0000000098700000, 0x0000000098700000| Untracked 
| 176|0x0000000098800000, 0x0000000098800000, 0x0000000098900000|  0%| F|  |TAMS 0x0000000098800000, 0x0000000098800000| Untracked 
| 177|0x0000000098900000, 0x0000000098900000, 0x0000000098a00000|  0%| F|  |TAMS 0x0000000098900000, 0x0000000098900000| Untracked 
| 178|0x0000000098a00000, 0x0000000098a00000, 0x0000000098b00000|  0%| F|  |TAMS 0x0000000098a00000, 0x0000000098a00000| Untracked 
| 179|0x0000000098b00000, 0x0000000098b00000, 0x0000000098c00000|  0%| F|  |TAMS 0x0000000098b00000, 0x0000000098b00000| Untracked 
| 180|0x0000000098c00000, 0x0000000098c00000, 0x0000000098d00000|  0%| F|  |TAMS 0x0000000098c00000, 0x0000000098c00000| Untracked 
| 181|0x0000000098d00000, 0x0000000098d00000, 0x0000000098e00000|  0%| F|  |TAMS 0x0000000098d00000, 0x0000000098d00000| Untracked 
| 182|0x0000000098e00000, 0x0000000098e00000, 0x0000000098f00000|  0%| F|  |TAMS 0x0000000098e00000, 0x0000000098e00000| Untracked 
| 183|0x0000000098f00000, 0x0000000098f00000, 0x0000000099000000|  0%| F|  |TAMS 0x0000000098f00000, 0x0000000098f00000| Untracked 
| 184|0x0000000099000000, 0x0000000099000000, 0x0000000099100000|  0%| F|  |TAMS 0x0000000099000000, 0x0000000099000000| Untracked 
| 185|0x0000000099100000, 0x0000000099100000, 0x0000000099200000|  0%| F|  |TAMS 0x0000000099100000, 0x0000000099100000| Untracked 
| 186|0x0000000099200000, 0x0000000099200000, 0x0000000099300000|  0%| F|  |TAMS 0x0000000099200000, 0x0000000099200000| Untracked 
| 187|0x0000000099300000, 0x0000000099300000, 0x0000000099400000|  0%| F|  |TAMS 0x0000000099300000, 0x0000000099300000| Untracked 
| 188|0x0000000099400000, 0x00000000994ee5d8, 0x0000000099500000| 93%| E|  |TAMS 0x0000000099400000, 0x0000000099400000| Complete 
| 189|0x0000000099500000, 0x0000000099600000, 0x0000000099600000|100%| E|CS|TAMS 0x0000000099500000, 0x0000000099500000| Complete 

Card table byte_map: [0x00007f137e1a9000,0x00007f137e53d000] _byte_map_base: 0x00007f137dd3d000

Marking Bits (Prev, Next): (CMBitMap*) 0x00007f139c0569a0, (CMBitMap*) 0x00007f139c056968
 Prev Bits: [0x00007f1376360000, 0x00007f1378000000)
 Next Bits: [0x00007f137c175000, 0x00007f137de15000)

Polling page: 0x00007f13b4c41000

Metaspace:

Usage:
  Non-class:     43,74 MB capacity,    43,30 MB ( 99%) used,   359,30 KB ( <1%) free+waste,    98,56 KB ( <1%) overhead. 
      Class:      5,45 MB capacity,     5,17 MB ( 95%) used,   243,49 KB (  4%) free+waste,    42,69 KB ( <1%) overhead. 
       Both:     49,19 MB capacity,    48,46 MB ( 99%) used,   602,79 KB (  1%) free+waste,   141,25 KB ( <1%) overhead. 

Virtual space:
  Non-class space:       46,00 MB reserved,      44,50 MB ( 97%) committed 
      Class space:        1,00 GB reserved,       5,75 MB ( <1%) committed 
             Both:        1,04 GB reserved,      50,25 MB (  5%) committed 

Chunk freelists:
   Non-Class:  712,00 KB
       Class:  248,00 KB
        Both:  960,00 KB

MaxMetaspaceSize: unlimited
CompressedClassSpaceSize: 1,00 GB
Initial GC threshold: 20,80 MB
Current GC threshold: 83,75 MB
CDS: off

CodeHeap 'non-profiled nmethods': size=119172Kb used=7007Kb max_used=7007Kb free=112165Kb
 bounds [0x00007f1387368000, 0x00007f1387a48000, 0x00007f138e7c9000]
CodeHeap 'profiled nmethods': size=119168Kb used=22189Kb max_used=22189Kb free=96978Kb
 bounds [0x00007f137ff08000, 0x00007f13814b8000, 0x00007f1387368000]
CodeHeap 'non-nmethods': size=7420Kb used=1515Kb max_used=3195Kb free=5904Kb
 bounds [0x00007f137f7c9000, 0x00007f137faf9000, 0x00007f137ff08000]
 total_blobs=10353 nmethods=9475 adapters=789
 compilation: enabled
              stopped_count=0, restarted_count=0
 full_count=0

Compilation events (20 events):
Event: 2031,569 Thread 0x00007f139c2c2800 9473       3       sun.swing.MenuItemLayoutHelper::alignRect (26 bytes)
Event: 2031,570 Thread 0x00007f139c2c2800 nmethod 9473 0x00007f13814ae590 code [0x00007f13814ae740, 0x00007f13814ae890]
Event: 2031,573 Thread 0x00007f139c2c2800 9474       1       java.awt.image.VolatileImage::getTransparency (5 bytes)
Event: 2031,574 Thread 0x00007f139c2c2800 nmethod 9474 0x00007f1387a3c810 code [0x00007f1387a3c9c0, 0x00007f1387a3ca70]
Event: 2031,579 Thread 0x00007f139c2c2800 9475       3       java.awt.geom.Path2D$Float::append (229 bytes)
Event: 2031,580 Thread 0x00007f139c2c2800 nmethod 9475 0x00007f13814ae990 code [0x00007f13814aec00, 0x00007f13814af5c0]
Event: 2031,587 Thread 0x00007f139c2c2800 9478       1       sun.swing.MenuItemLayoutHelper$LayoutResult::getArrowRect (5 bytes)
Event: 2031,588 Thread 0x00007f139c2c2800 nmethod 9478 0x00007f1387a3cb10 code [0x00007f1387a3ccc0, 0x00007f1387a3cd70]
Event: 2031,588 Thread 0x00007f139c2c2800 9476       1       javax.swing.plaf.synth.SynthMenuItemLayoutHelper::getStyle (5 bytes)
Event: 2031,588 Thread 0x00007f139c2c2800 nmethod 9476 0x00007f1387a3ce10 code [0x00007f1387a3cfc0, 0x00007f1387a3d070]
Event: 2031,588 Thread 0x00007f139c2c2800 9477       1       sun.swing.MenuItemLayoutHelper$LayoutResult::getTextRect (5 bytes)
Event: 2031,588 Thread 0x00007f139c2c2800 nmethod 9477 0x00007f1387a3d110 code [0x00007f1387a3d2c0, 0x00007f1387a3d370]
Event: 2077,847 Thread 0x00007f139c2c0800 9479 % !   4       javax.swing.TimerQueue::run @ 9 (242 bytes)
Event: 2077,874 Thread 0x00007f139c2c0800 nmethod 9479% 0x00007f1387a3d410 code [0x00007f1387a3d720, 0x00007f1387a3e390]
Event: 2118,986 Thread 0x00007f139c2c0800 9480   !   4       javax.swing.plaf.basic.BasicTextUI::paint (85 bytes)
Event: 2118,994 Thread 0x00007f139c2c0800 nmethod 9480 0x00007f1387a3ee10 code [0x00007f1387a3efe0, 0x00007f1387a3f8c8]
Event: 2153,312 Thread 0x00007f139c2c2800 9481   !   3       jssc.SerialPort$LinuxEventThread::run (541 bytes)
Event: 2153,318 Thread 0x00007f139c2c2800 nmethod 9481 0x00007f13814af890 code [0x00007f13814afc60, 0x00007f13814b1f00]
Event: 2153,601 Thread 0x00007f139c2c2800 9482  s    3       java.awt.KeyboardFocusManager::getMostRecentFocusOwner (29 bytes)
Event: 2153,601 Thread 0x00007f139c2c2800 nmethod 9482 0x00007f13814b2b90 code [0x00007f13814b2d80, 0x00007f13814b3390]

GC Heap History (20 events):
Event: 789,470 GC heap before
{Heap before GC invocations=25 (full 0):
 garbage-first heap   total 194560K, used 123052K [0x000000008d800000, 0x0000000100000000)
  region size 1024K, 44 young (45056K), 1 survivors (1024K)
 Metaspace       used 49135K, capacity 50180K, committed 50688K, reserved 1093632K
  class space    used 5364K, capacity 5768K, committed 5888K, reserved 1048576K
}
Event: 789,472 GC heap after
{Heap after GC invocations=26 (full 0):
 garbage-first heap   total 194560K, used 79117K [0x000000008d800000, 0x0000000100000000)
  region size 1024K, 1 young (1024K), 1 survivors (1024K)
 Metaspace       used 49135K, capacity 50180K, committed 50688K, reserved 1093632K
  class space    used 5364K, capacity 5768K, committed 5888K, reserved 1048576K
}
Event: 925,397 GC heap before
{Heap before GC invocations=26 (full 0):
 garbage-first heap   total 194560K, used 127245K [0x000000008d800000, 0x0000000100000000)
  region size 1024K, 48 young (49152K), 1 survivors (1024K)
 Metaspace       used 49270K, capacity 50245K, committed 50688K, reserved 1093632K
  class space    used 5364K, capacity 5768K, committed 5888K, reserved 1048576K
}
Event: 925,400 GC heap after
{Heap after GC invocations=27 (full 0):
 garbage-first heap   total 194560K, used 79475K [0x000000008d800000, 0x0000000100000000)
  region size 1024K, 1 young (1024K), 1 survivors (1024K)
 Metaspace       used 49270K, capacity 50245K, committed 50688K, reserved 1093632K
  class space    used 5364K, capacity 5768K, committed 5888K, reserved 1048576K
}
Event: 1095,374 GC heap before
{Heap before GC invocations=27 (full 0):
 garbage-first heap   total 194560K, used 131699K [0x000000008d800000, 0x0000000100000000)
  region size 1024K, 52 young (53248K), 1 survivors (1024K)
 Metaspace       used 49362K, capacity 50374K, committed 50688K, reserved 1093632K
  class space    used 5369K, capacity 5768K, committed 5888K, reserved 1048576K
}
Event: 1095,376 GC heap after
{Heap after GC invocations=28 (full 0):
 garbage-first heap   total 194560K, used 79658K [0x000000008d800000, 0x0000000100000000)
  region size 1024K, 2 young (2048K), 2 survivors (2048K)
 Metaspace       used 49362K, capacity 50374K, committed 50688K, reserved 1093632K
  class space    used 5369K, capacity 5768K, committed 5888K, reserved 1048576K
}
Event: 1302,709 GC heap before
{Heap before GC invocations=28 (full 0):
 garbage-first heap   total 194560K, used 139050K [0x000000008d800000, 0x0000000100000000)
  region size 1024K, 57 young (58368K), 2 survivors (2048K)
 Metaspace       used 49641K, capacity 50613K, committed 50944K, reserved 1093632K
  class space    used 5393K, capacity 5805K, committed 5888K, reserved 1048576K
}
Event: 1302,712 GC heap after
{Heap after GC invocations=29 (full 0):
 garbage-first heap   total 194560K, used 84246K [0x000000008d800000, 0x0000000100000000)
  region size 1024K, 4 young (4096K), 4 survivors (4096K)
 Metaspace       used 49641K, capacity 50613K, committed 50944K, reserved 1093632K
  class space    used 5393K, capacity 5805K, committed 5888K, reserved 1048576K
}
Event: 1482,360 GC heap before
{Heap before GC invocations=29 (full 0):
 garbage-first heap   total 194560K, used 154902K [0x000000008d800000, 0x0000000100000000)
  region size 1024K, 68 young (69632K), 4 survivors (4096K)
 Metaspace       used 49832K, capacity 50779K, committed 51200K, reserved 1095680K
  class space    used 5414K, capacity 5817K, committed 5888K, reserved 1048576K
}
Event: 1482,364 GC heap after
{Heap after GC invocations=30 (full 0):
 garbage-first heap   total 194560K, used 91650K [0x000000008d800000, 0x0000000100000000)
  region size 1024K, 5 young (5120K), 5 survivors (5120K)
 Metaspace       used 49832K, capacity 50779K, committed 51200K, reserved 1095680K
  class space    used 5414K, capacity 5817K, committed 5888K, reserved 1048576K
}
Event: 1626,946 GC heap before
{Heap before GC invocations=30 (full 0):
 garbage-first heap   total 194560K, used 148994K [0x000000008d800000, 0x0000000100000000)
  region size 1024K, 62 young (63488K), 5 survivors (5120K)
 Metaspace       used 49915K, capacity 50913K, committed 51200K, reserved 1095680K
  class space    used 5414K, capacity 5819K, committed 5888K, reserved 1048576K
}
Event: 1626,950 GC heap after
{Heap after GC invocations=31 (full 0):
 garbage-first heap   total 194560K, used 90638K [0x000000008d800000, 0x0000000100000000)
  region size 1024K, 7 young (7168K), 7 survivors (7168K)
 Metaspace       used 49915K, capacity 50913K, committed 51200K, reserved 1095680K
  class space    used 5414K, capacity 5819K, committed 5888K, reserved 1048576K
}
Event: 1774,330 GC heap before
{Heap before GC invocations=32 (full 0):
 garbage-first heap   total 194560K, used 164366K [0x000000008d800000, 0x0000000100000000)
  region size 1024K, 70 young (71680K), 7 survivors (7168K)
 Metaspace       used 50073K, capacity 51105K, committed 51456K, reserved 1095680K
  class space    used 5414K, capacity 5819K, committed 5888K, reserved 1048576K
}
Event: 1774,335 GC heap after
{Heap after GC invocations=33 (full 0):
 garbage-first heap   total 194560K, used 99396K [0x000000008d800000, 0x0000000100000000)
  region size 1024K, 6 young (6144K), 6 survivors (6144K)
 Metaspace       used 50073K, capacity 51105K, committed 51456K, reserved 1095680K
  class space    used 5414K, capacity 5819K, committed 5888K, reserved 1048576K
}
Event: 1781,701 GC heap before
{Heap before GC invocations=33 (full 0):
 garbage-first heap   total 194560K, used 102468K [0x000000008d800000, 0x0000000100000000)
  region size 1024K, 9 young (9216K), 6 survivors (6144K)
 Metaspace       used 50073K, capacity 51105K, committed 51456K, reserved 1095680K
  class space    used 5414K, capacity 5819K, committed 5888K, reserved 1048576K
}
Event: 1781,704 GC heap after
{Heap after GC invocations=34 (full 0):
 garbage-first heap   total 194560K, used 90672K [0x000000008d800000, 0x0000000100000000)
  region size 1024K, 1 young (1024K), 1 survivors (1024K)
 Metaspace       used 50073K, capacity 51105K, committed 51456K, reserved 1095680K
  class space    used 5414K, capacity 5819K, committed 5888K, reserved 1048576K
}
Event: 1969,530 GC heap before
{Heap before GC invocations=34 (full 0):
 garbage-first heap   total 194560K, used 131632K [0x000000008d800000, 0x0000000100000000)
  region size 1024K, 42 young (43008K), 1 survivors (1024K)
 Metaspace       used 50125K, capacity 51169K, committed 51456K, reserved 1095680K
  class space    used 5415K, capacity 5819K, committed 5888K, reserved 1048576K
}
Event: 1969,532 GC heap after
{Heap after GC invocations=35 (full 0):
 garbage-first heap   total 194560K, used 91340K [0x000000008d800000, 0x0000000100000000)
  region size 1024K, 1 young (1024K), 1 survivors (1024K)
 Metaspace       used 50125K, capacity 51169K, committed 51456K, reserved 1095680K
  class space    used 5415K, capacity 5819K, committed 5888K, reserved 1048576K
}
Event: 2150,657 GC heap before
{Heap before GC invocations=36 (full 0):
 garbage-first heap   total 194560K, used 163020K [0x000000008d800000, 0x0000000100000000)
  region size 1024K, 67 young (68608K), 1 survivors (1024K)
 Metaspace       used 49623K, capacity 50368K, committed 51456K, reserved 1095680K
  class space    used 5289K, capacity 5576K, committed 5888K, reserved 1048576K
}
Event: 2150,659 GC heap after
{Heap after GC invocations=37 (full 0):
 garbage-first heap   total 194560K, used 98174K [0x000000008d800000, 0x0000000100000000)
  region size 1024K, 3 young (3072K), 3 survivors (3072K)
 Metaspace       used 49623K, capacity 50368K, committed 51456K, reserved 1095680K
  class space    used 5289K, capacity 5576K, committed 5888K, reserved 1048576K
}

Deoptimization events (20 events):
Event: 1969,570 Thread 0x00007f139c6f2800 Uncommon trap: trap_request=0xffffffde fr.pc=0x00007f138779a040 relative=0x0000000000000640
Event: 1969,570 Thread 0x00007f139c6f2800 Uncommon trap: reason=class_check action=maybe_recompile pc=0x00007f138779a040 method=java.util.HashMap.removeNode(ILjava/lang/Object;Ljava/lang/Object;ZZ)Ljava/util/HashMap$Node; @ 68 c2
Event: 1969,570 Thread 0x00007f139c6f2800 DEOPT PACKING pc=0x00007f138779a040 sp=0x00007f136d073550
Event: 1969,570 Thread 0x00007f139c6f2800 DEOPT UNPACKING pc=0x00007f137f812ea5 sp=0x00007f136d073478 mode 2
Event: 1969,570 Thread 0x00007f139c6f2800 Uncommon trap: trap_request=0xffffffde fr.pc=0x00007f138779a040 relative=0x0000000000000640
Event: 1969,570 Thread 0x00007f139c6f2800 Uncommon trap: reason=class_check action=maybe_recompile pc=0x00007f138779a040 method=java.util.HashMap.removeNode(ILjava/lang/Object;Ljava/lang/Object;ZZ)Ljava/util/HashMap$Node; @ 68 c2
Event: 1969,570 Thread 0x00007f139c6f2800 DEOPT PACKING pc=0x00007f138779a040 sp=0x00007f136d073550
Event: 1969,570 Thread 0x00007f139c6f2800 DEOPT UNPACKING pc=0x00007f137f812ea5 sp=0x00007f136d073478 mode 2
Event: 1969,570 Thread 0x00007f139c6f2800 Uncommon trap: trap_request=0xffffffde fr.pc=0x00007f138778f6d0 relative=0x00000000000005f0
Event: 1969,570 Thread 0x00007f139c6f2800 Uncommon trap: reason=class_check action=maybe_recompile pc=0x00007f138778f6d0 method=java.util.HashMap.removeNode(ILjava/lang/Object;Ljava/lang/Object;ZZ)Ljava/util/HashMap$Node; @ 68 c2
Event: 1969,570 Thread 0x00007f139c6f2800 DEOPT PACKING pc=0x00007f138778f6d0 sp=0x00007f136d0734c0
Event: 1969,570 Thread 0x00007f139c6f2800 DEOPT UNPACKING pc=0x00007f137f812ea5 sp=0x00007f136d073478 mode 2
Event: 2025,995 Thread 0x00007f139cd8b800 DEOPT PACKING pc=0x00007f138142f917 sp=0x00007f1305fcb7e0
Event: 2025,995 Thread 0x00007f139cd8b800 DEOPT UNPACKING pc=0x00007f137f81364a sp=0x00007f1305fcad08 mode 0
Event: 2131,782 Thread 0x00007f139d62b000 DEOPT PACKING pc=0x00007f13814704f6 sp=0x00007f13078f78b0
Event: 2131,782 Thread 0x00007f139d62b000 DEOPT UNPACKING pc=0x00007f137f81364a sp=0x00007f13078f6e50 mode 0
Event: 2153,225 Thread 0x00007f129c040000 Uncommon trap: trap_request=0xffffff4d fr.pc=0x00007f1387838b8c relative=0x000000000000040c
Event: 2153,225 Thread 0x00007f129c040000 Uncommon trap: reason=unstable_if action=reinterpret pc=0x00007f1387838b8c method=jssc.SerialPort$LinuxEventThread.run()V @ 166 c2
Event: 2153,225 Thread 0x00007f129c040000 DEOPT PACKING pc=0x00007f1387838b8c sp=0x00007f131d950a00
Event: 2153,225 Thread 0x00007f129c040000 DEOPT UNPACKING pc=0x00007f137f812ea5 sp=0x00007f131d950998 mode 2

Classes redefined (0 events):
No events

Internal exceptions (20 events):
Event: 74,001 Thread 0x00007f139d5d0800 Exception <a 'sun/nio/fs/UnixException'{0x0000000094b85fc8}> (0x0000000094b85fc8) thrown at [src/hotspot/share/prims/jni.cpp, line 616]
Event: 74,001 Thread 0x00007f139d5d0800 Exception <a 'sun/nio/fs/UnixException'{0x0000000094b85ff8}> (0x0000000094b85ff8) thrown at [src/hotspot/share/prims/jni.cpp, line 616]
Event: 74,001 Thread 0x00007f139d5d0800 Exception <a 'sun/nio/fs/UnixException'{0x0000000094b860e8}> (0x0000000094b860e8) thrown at [src/hotspot/share/prims/jni.cpp, line 616]
Event: 74,002 Thread 0x00007f139d5d0800 Exception <a 'sun/nio/fs/UnixException'{0x0000000094b86638}> (0x0000000094b86638) thrown at [src/hotspot/share/prims/jni.cpp, line 616]
Event: 74,002 Thread 0x00007f139d5d0800 Exception <a 'sun/nio/fs/UnixException'{0x0000000094b86668}> (0x0000000094b86668) thrown at [src/hotspot/share/prims/jni.cpp, line 616]
Event: 74,003 Thread 0x00007f139d5d0800 Exception <a 'sun/nio/fs/UnixException'{0x0000000094b86758}> (0x0000000094b86758) thrown at [src/hotspot/share/prims/jni.cpp, line 616]
Event: 75,538 Thread 0x00007f139d5d0800 Exception <a 'sun/nio/fs/UnixException'{0x0000000094398608}> (0x0000000094398608) thrown at [src/hotspot/share/prims/jni.cpp, line 616]
Event: 75,538 Thread 0x00007f139d5d0800 Exception <a 'sun/nio/fs/UnixException'{0x0000000094398638}> (0x0000000094398638) thrown at [src/hotspot/share/prims/jni.cpp, line 616]
Event: 75,538 Thread 0x00007f139d5d0800 Exception <a 'sun/nio/fs/UnixException'{0x0000000094398728}> (0x0000000094398728) thrown at [src/hotspot/share/prims/jni.cpp, line 616]
Event: 75,539 Thread 0x00007f139d5d0800 Exception <a 'sun/nio/fs/UnixException'{0x0000000094398c78}> (0x0000000094398c78) thrown at [src/hotspot/share/prims/jni.cpp, line 616]
Event: 75,560 Thread 0x00007f139d5d0800 Exception <a 'sun/nio/fs/UnixException'{0x0000000094398ca8}> (0x0000000094398ca8) thrown at [src/hotspot/share/prims/jni.cpp, line 616]
Event: 75,804 Thread 0x00007f139d5d0800 Exception <a 'java/lang/NoSuchMethodError'{0x00000000978254c8}: 'void java.lang.invoke.DirectMethodHandle$Holder.invokeSpecial(java.lang.Object, java.lang.Object, java.lang.Object, java.lang.Object, java.lang.Object)'> (0x00000000978254c8) thrown at [src/hotspot/share/interpreter/linkResolver.cpp, line 773]
Event: 75,815 Thread 0x00007f129c08e800 Implicit null exception at 0x00007f138738f5a1 to 0x00007f138738ff9c
Event: 75,818 Thread 0x00007f129c08e800 Implicit null exception at 0x00007f138769e113 to 0x00007f138769e904
Event: 75,818 Thread 0x00007f129c08e800 Implicit null exception at 0x00007f138763dc74 to 0x00007f138763e25c
Event: 75,899 Thread 0x00007f139cd8b800 Exception <a 'java/lang/NoSuchMethodError'{0x000000009764c310}: 'java.lang.Object java.lang.invoke.DirectMethodHandle$Holder.invokeStatic(java.lang.Object, java.lang.Object, java.lang.Object, java.lang.Object, java.lang.Object, java.lang.Object, java.lang.Object, java.lang.Object, int, int, java.lang.Object)'> (0x000000009764c310) thrown at [src/hotspot/share/interpreter/linkResolver.cpp, line 773]
Event: 75,901 Thread 0x00007f139cd8b800 Exception <a 'java/lang/NoSuchMethodError'{0x00000000976694e8}: 'java.lang.Object java.lang.invoke.DirectMethodHandle$Holder.invokeStatic(java.lang.Object, java.lang.Object, java.lang.Object, java.lang.Object, java.lang.Object, java.lang.Object, java.lang.Object, java.lang.Object, int, int, java.lang.Object, java.lang.Object)'> (0x00000000976694e8) thrown at [src/hotspot/share/interpreter/linkResolver.cpp, line 773]
Event: 1257,839 Thread 0x00007f139cd8b800 Implicit null exception at 0x00007f1387806cb0 to 0x00007f1387806d3c
Event: 1264,916 Thread 0x00007f139cd8b800 Implicit null exception at 0x00007f13877fe9a6 to 0x00007f13877feee8
Event: 1374,136 Thread 0x00007f139cd8b800 Implicit null exception at 0x00007f1387844804 to 0x00007f1387845648

Events (20 events):
Event: 2150,660 Executing VM operation: RevokeBias
Event: 2150,660 Executing VM operation: RevokeBias done
Event: 2150,660 Executing VM operation: RevokeBias
Event: 2150,660 Executing VM operation: RevokeBias done
Event: 2150,661 Executing VM operation: RevokeBias
Event: 2150,661 Executing VM operation: RevokeBias done
Event: 2150,661 Executing VM operation: RevokeBias
Event: 2150,661 Executing VM operation: RevokeBias done
Event: 2150,661 Executing VM operation: RevokeBias
Event: 2150,661 Executing VM operation: RevokeBias done
Event: 2150,661 Executing VM operation: RevokeBias
Event: 2150,662 Executing VM operation: RevokeBias done
Event: 2150,662 Executing VM operation: RevokeBias
Event: 2150,662 Executing VM operation: RevokeBias done
Event: 2150,662 Executing VM operation: RevokeBias
Event: 2150,662 Executing VM operation: RevokeBias done
Event: 2150,662 Executing VM operation: RevokeBias
Event: 2150,662 Executing VM operation: RevokeBias done
Event: 2153,591 Thread 0x00007f129c040000 Thread exited: 0x00007f129c040000
Event: 2161,222 loading class jdk/internal/misc/Signal$1


Dynamic libraries:
8d800000-99600000 rw-p 00000000 00:00 0 
99600000-100000000 ---p 00000000 00:00 0 
100000000-1005c0000 rw-p 00000000 00:00 0 
1005c0000-140000000 ---p 00000000 00:00 0 
562551800000-562551801000 r-xp 00000000 07:0e 5592                       /snap/arduino/70/usr/lib/jvm/java-11-openjdk-amd64/bin/java
562551a01000-562551a02000 r--p 00001000 07:0e 5592                       /snap/arduino/70/usr/lib/jvm/java-11-openjdk-amd64/bin/java
562551a02000-562551a03000 rw-p 00002000 07:0e 5592                       /snap/arduino/70/usr/lib/jvm/java-11-openjdk-amd64/bin/java
562552abb000-562552b3e000 rw-p 00000000 00:00 0                          [heap]
7f1262457000-7f1263dff000 r-xp 00000000 07:04 8648                       /snap/arduino/70/gnome-platform/usr/lib/x86_64-linux-gnu/libicudata.so.60.2
7f1263dff000-7f1263ffe000 ---p 019a8000 07:04 8648                       /snap/arduino/70/gnome-platform/usr/lib/x86_64-linux-gnu/libicudata.so.60.2
7f1263ffe000-7f1263fff000 r--p 019a7000 07:04 8648                       /snap/arduino/70/gnome-platform/usr/lib/x86_64-linux-gnu/libicudata.so.60.2
7f1263fff000-7f1264000000 rw-p 019a8000 07:04 8648                       /snap/arduino/70/gnome-platform/usr/lib/x86_64-linux-gnu/libicudata.so.60.2
7f1264000000-7f1264021000 rw-p 00000000 00:00 0 
7f1264021000-7f1268000000 ---p 00000000 00:00 0 
7f1268000000-7f1268021000 rw-p 00000000 00:00 0 
7f1268021000-7f126c000000 ---p 00000000 00:00 0 
7f126c000000-7f126c021000 rw-p 00000000 00:00 0 
7f126c021000-7f1270000000 ---p 00000000 00:00 0 
7f1270000000-7f12700cb000 rw-p 00000000 00:00 0 
7f12700cb000-7f1274000000 ---p 00000000 00:00 0 
7f12747ff000-7f12757ff000 rw-s 00000000 00:01 32800                      /SYSV00000000 (deleted)
7f12757ff000-7f1275804000 r-xp 00000000 07:04 8275                       /snap/arduino/70/gnome-platform/usr/lib/x86_64-linux-gnu/gdk-pixbuf-2.0/2.10.0/loaders/libpixbufloader-png.so
7f1275804000-7f1275a03000 ---p 00005000 07:04 8275                       /snap/arduino/70/gnome-platform/usr/lib/x86_64-linux-gnu/gdk-pixbuf-2.0/2.10.0/loaders/libpixbufloader-png.so
7f1275a03000-7f1275a04000 r--p 00004000 07:04 8275                       /snap/arduino/70/gnome-platform/usr/lib/x86_64-linux-gnu/gdk-pixbuf-2.0/2.10.0/loaders/libpixbufloader-png.so
7f1275a04000-7f1275a05000 rw-p 00005000 07:04 8275                       /snap/arduino/70/gnome-platform/usr/lib/x86_64-linux-gnu/gdk-pixbuf-2.0/2.10.0/loaders/libpixbufloader-png.so
7f1275a05000-7f1275ba9000 r-xp 00000000 07:04 8658                       /snap/arduino/70/gnome-platform/usr/lib/x86_64-linux-gnu/libicuuc.so.60.2
7f1275ba9000-7f1275da8000 ---p 001a4000 07:04 8658                       /snap/arduino/70/gnome-platform/usr/lib/x86_64-linux-gnu/libicuuc.so.60.2
7f1275da8000-7f1275dbb000 r--p 001a3000 07:04 8658                       /snap/arduino/70/gnome-platform/usr/lib/x86_64-linux-gnu/libicuuc.so.60.2
7f1275dbb000-7f1275dbc000 rw-p 001b6000 07:04 8658                       /snap/arduino/70/gnome-platform/usr/lib/x86_64-linux-gnu/libicuuc.so.60.2
7f1275dbc000-7f1275dbd000 rw-p 00000000 00:00 0 
7f1275dbd000-7f1275f73000 r-xp 00000000 07:04 8847                       /snap/arduino/70/gnome-platform/usr/lib/x86_64-linux-gnu/libxml2.so.2.9.4
7f1275f73000-7f1276173000 ---p 001b6000 07:04 8847                       /snap/arduino/70/gnome-platform/usr/lib/x86_64-linux-gnu/libxml2.so.2.9.4
7f1276173000-7f127617b000 r--p 001b6000 07:04 8847                       /snap/arduino/70/gnome-platform/usr/lib/x86_64-linux-gnu/libxml2.so.2.9.4
7f127617b000-7f127617d000 rw-p 001be000 07:04 8847                       /snap/arduino/70/gnome-platform/usr/lib/x86_64-linux-gnu/libxml2.so.2.9.4
7f127617d000-7f127617e000 rw-p 00000000 00:00 0 
7f127617e000-7f12761b5000 r-xp 00000000 07:04 8478                       /snap/arduino/70/gnome-platform/usr/lib/x86_64-linux-gnu/libcroco-0.6.so.3.0.1
7f12761b5000-7f12763b5000 ---p 00037000 07:04 8478                       /snap/arduino/70/gnome-platform/usr/lib/x86_64-linux-gnu/libcroco-0.6.so.3.0.1
7f12763b5000-7f12763b8000 r--p 00037000 07:04 8478                       /snap/arduino/70/gnome-platform/usr/lib/x86_64-linux-gnu/libcroco-0.6.so.3.0.1
7f12763b8000-7f12763b9000 rw-p 0003a000 07:04 8478                       /snap/arduino/70/gnome-platform/usr/lib/x86_64-linux-gnu/libcroco-0.6.so.3.0.1
7f12763b9000-7f12763ef000 r-xp 00000000 07:04 8757                       /snap/arduino/70/gnome-platform/usr/lib/x86_64-linux-gnu/librsvg-2.so.2.40.20
7f12763ef000-7f12765ef000 ---p 00036000 07:04 8757                       /snap/arduino/70/gnome-platform/usr/lib/x86_64-linux-gnu/librsvg-2.so.2.40.20
7f12765ef000-7f12765f0000 r--p 00036000 07:04 8757                       /snap/arduino/70/gnome-platform/usr/lib/x86_64-linux-gnu/librsvg-2.so.2.40.20
7f12765f0000-7f12765f1000 rw-p 00037000 07:04 8757                       /snap/arduino/70/gnome-platform/usr/lib/x86_64-linux-gnu/librsvg-2.so.2.40.20
7f12765f1000-7f12765f3000 r-xp 00000000 07:04 8278                       /snap/arduino/70/gnome-platform/usr/lib/x86_64-linux-gnu/gdk-pixbuf-2.0/2.10.0/loaders/libpixbufloader-svg.so
7f12765f3000-7f12767f2000 ---p 00002000 07:04 8278                       /snap/arduino/70/gnome-platform/usr/lib/x86_64-linux-gnu/gdk-pixbuf-2.0/2.10.0/loaders/libpixbufloader-svg.so
7f12767f2000-7f12767f3000 r--p 00001000 07:04 8278                       /snap/arduino/70/gnome-platform/usr/lib/x86_64-linux-gnu/gdk-pixbuf-2.0/2.10.0/loaders/libpixbufloader-svg.so
7f12767f3000-7f12767f4000 rw-p 00002000 07:04 8278                       /snap/arduino/70/gnome-platform/usr/lib/x86_64-linux-gnu/gdk-pixbuf-2.0/2.10.0/loaders/libpixbufloader-svg.so
7f12767f4000-7f12767f7000 r-xp 00000000 103:0a 1836275                   /home/snow/snap/arduino/70/.jssc/linux/libjSSC-2.8_x86_64.so
7f12767f7000-7f12769f6000 ---p 00003000 103:0a 1836275                   /home/snow/snap/arduino/70/.jssc/linux/libjSSC-2.8_x86_64.so
7f12769f6000-7f12769f7000 r--p 00002000 103:0a 1836275                   /home/snow/snap/arduino/70/.jssc/linux/libjSSC-2.8_x86_64.so
7f12769f7000-7f12769f8000 rw-p 00003000 103:0a 1836275                   /home/snow/snap/arduino/70/.jssc/linux/libjSSC-2.8_x86_64.so
7f12769f8000-7f1276bf8000 rw-p 00000000 00:00 0 
7f1276bf8000-7f1276df8000 rw-p 00000000 00:00 0 
7f1276df8000-7f1276ff8000 rw-p 00000000 00:00 0 
7f1276ff8000-7f12771f8000 rw-p 00000000 00:00 0 
7f12771f8000-7f12771fa000 r-xp 00000000 07:0e 5816                       /snap/arduino/70/usr/lib/jvm/java-11-openjdk-amd64/lib/libextnet.so
7f12771fa000-7f12773f9000 ---p 00002000 07:0e 5816                       /snap/arduino/70/usr/lib/jvm/java-11-openjdk-amd64/lib/libextnet.so
7f12773f9000-7f12773fa000 r--p 00001000 07:0e 5816                       /snap/arduino/70/usr/lib/jvm/java-11-openjdk-amd64/lib/libextnet.so
7f12773fa000-7f12773fb000 rw-p 00002000 07:0e 5816                       /snap/arduino/70/usr/lib/jvm/java-11-openjdk-amd64/lib/libextnet.so
7f12773fb000-7f12773ff000 r-xp 00000000 07:04 8287                       /snap/arduino/70/gnome-platform/usr/lib/x86_64-linux-gnu/gio/modules/libgiognomeproxy.so
7f12773ff000-7f12775fe000 ---p 00004000 07:04 8287                       /snap/arduino/70/gnome-platform/usr/lib/x86_64-linux-gnu/gio/modules/libgiognomeproxy.so
7f12775fe000-7f12775ff000 r--p 00003000 07:04 8287                       /snap/arduino/70/gnome-platform/usr/lib/x86_64-linux-gnu/gio/modules/libgiognomeproxy.so
7f12775ff000-7f1277600000 rw-p 00004000 07:04 8287                       /snap/arduino/70/gnome-platform/usr/lib/x86_64-linux-gnu/gio/modules/libgiognomeproxy.so
7f1277600000-7f1277800000 rw-p 00000000 00:00 0 
7f1277e00000-7f1277e80000 rw-p 00000000 00:00 0 
7f1277e80000-7f1278000000 ---p 00000000 00:00 0 
7f1278000000-7f1278021000 rw-p 00000000 00:00 0 
7f1278021000-7f127c000000 ---p 00000000 00:00 0 
7f127c000000-7f127c344000 rw-p 00000000 00:00 0 
7f127c344000-7f1280000000 ---p 00000000 00:00 0 
7f1280000000-7f1280021000 rw-p 00000000 00:00 0 
7f1280021000-7f1284000000 ---p 00000000 00:00 0 
7f1284000000-7f128407c000 rw-p 00000000 00:00 0 
7f128407c000-7f1288000000 ---p 00000000 00:00 0 
7f1288000000-7f1288021000 rw-p 00000000 00:00 0 
7f1288021000-7f128c000000 ---p 00000000 00:00 0 
7f128c000000-7f128c021000 rw-p 00000000 00:00 0 
7f128c021000-7f1290000000 ---p 00000000 00:00 0 
7f1290000000-7f1290021000 rw-p 00000000 00:00 0 
7f1290021000-7f1294000000 ---p 00000000 00:00 0 
7f1294000000-7f1294021000 rw-p 00000000 00:00 0 
7f1294021000-7f1298000000 ---p 00000000 00:00 0 
7f1298000000-7f1298021000 rw-p 00000000 00:00 0 
7f1298021000-7f129c000000 ---p 00000000 00:00 0 
7f129c000000-7f129c3dd000 rw-p 00000000 00:00 0 
7f129c3dd000-7f12a0000000 ---p 00000000 00:00 0 
7f12a0000000-7f12a0021000 rw-p 00000000 00:00 0 
7f12a0021000-7f12a4000000 ---p 00000000 00:00 0 
7f12a4000000-7f12a4021000 rw-p 00000000 00:00 0 
7f12a4021000-7f12a8000000 -