#
# A fatal error has been detected by the Java Runtime Environment:
#
#  SIGSEGV (0xb) at pc=0x00007f94a1fb9381, pid=2643, tid=2657
#
# JRE version: OpenJDK Runtime Environment (11.0.13+8) (build 11.0.13+8-Ubuntu-0ubuntu1.18.04)
# Java VM: OpenJDK 64-Bit Server VM (11.0.13+8-Ubuntu-0ubuntu1.18.04, mixed mode, tiered, compressed oops, g1 gc, linux-amd64)
# Problematic frame:
# C  [libjimage.so+0x2381]
#
# Core dump will be written. Default location: core.2643 (may not exist)
#
# If you would like to submit a bug report, please visit:
#   https://bugs.launchpad.net/ubuntu/+source/openjdk-lts
#

---------------  S U M M A R Y ------------

Command Line: -DAPP_DIR=/snap/arduino/70 -Duser.home=/home/snow/snap/arduino/70 processing.app.Base collecting_dataset.ino

Host: AMD Ryzen 7 5800H with Radeon Graphics, 16 cores, 7G, Ubuntu 20.04.4 LTS
Time: Sun Jul  3 20:33:20 2022 WIB elapsed time: 9329.677598 seconds (0d 2h 35m 29s)

---------------  T H R E A D  ---------------

Current thread (0x00007f948c2bc000):  JavaThread "Signal Dispatcher" daemon [_thread_in_vm, id=2657, stack(0x00007f9468af0000,0x00007f9468bf1000)]

Stack: [0x00007f9468af0000,0x00007f9468bf1000],  sp=0x00007f9468bee230,  free space=1016k
Native frames: (J=compiled Java code, A=aot compiled Java code, j=interpreted, Vv=VM code, C=native code)
C  [libjimage.so+0x2381]
C  [libjimage.so+0x2efa]
C  [libjimage.so+0x33c5]  JIMAGE_FindResource+0xd5
V  [libjvm.so+0x59fb1f]
V  [libjvm.so+0x5a1c3b]
V  [libjvm.so+0xd8c67c]
V  [libjvm.so+0xd8b2ba]
V  [libjvm.so+0xd8d7b6]
V  [libjvm.so+0x64961d]
V  [libjvm.so+0x82e67a]
j  jdk.internal.misc.Signal.dispatch(I)V+25 java.base@11.0.13
v  ~StubRoutines::call_stub
V  [libjvm.so+0x837533]
V  [libjvm.so+0x8363c0]
V  [libjvm.so+0xb72439]
V  [libjvm.so+0xdc2650]
V  [libjvm.so+0xdbe7b9]
V  [libjvm.so+0xb8429e]

Java frames: (J=compiled Java code, j=interpreted, Vv=VM code)
j  jdk.internal.misc.Signal.dispatch(I)V+25 java.base@11.0.13
v  ~StubRoutines::call_stub

siginfo: si_signo: 11 (SIGSEGV), si_code: 1 (SEGV_MAPERR), si_addr: 0x00007f948386eb9c

Register to memory mapping:

RAX=0x0000000000006ee0 is an unknown value
RBX=0x00007f9468bee2e1 is pointing into the stack for thread: 0x00007f948c2bc000
RCX=0x00007f948385301c is an unknown value
RDX=0x0000000000006ee0 is an unknown value
RSP=0x00007f9468bee230 is pointing into the stack for thread: 0x00007f948c2bc000
RBP=0x00007f9468bee250 is pointing into the stack for thread: 0x00007f948c2bc000
RSI=0x00007f9468bee2e0 is pointing into the stack for thread: 0x00007f948c2bc000
RDI=0x00007f94a21bc030: <offset 0x0000000000205030> in /snap/arduino/70/usr/lib/jvm/java-11-openjdk-amd64/lib/libjimage.so at 0x00007f94a1fb7000
R8 =0x0 is NULL
R9 =0x0000000076100fa4 is an unknown value
R10=0x00007f9468bee303 is pointing into the stack for thread: 0x00007f948c2bc000
R11=0x6c616e6769532f63 is an unknown value
R12=0x00007f9468bee2e0 is pointing into the stack for thread: 0x00007f948c2bc000
R13=0x0000000000008457 is an unknown value
R14=0x00007f9468bef378 is pointing into the stack for thread: 0x00007f948c2bc000
R15=0x00007f948c2bcbd0 points into unknown readable memory: 0x65746e692f6b646a | 6a 64 6b 2f 69 6e 74 65


Registers:
RAX=0x0000000000006ee0, RBX=0x00007f9468bee2e1, RCX=0x00007f948385301c, RDX=0x0000000000006ee0
RSP=0x00007f9468bee230, RBP=0x00007f9468bee250, RSI=0x00007f9468bee2e0, RDI=0x00007f94a21bc030
R8 =0x0000000000000000, R9 =0x0000000076100fa4, R10=0x00007f9468bee303, R11=0x6c616e6769532f63
R12=0x00007f9468bee2e0, R13=0x0000000000008457, R14=0x00007f9468bef378, R15=0x00007f948c2bcbd0
RIP=0x00007f94a1fb9381, EFLAGS=0x0000000000010212, CSGSFS=0x002b000000000033, ERR=0x0000000000000004
  TRAPNO=0x000000000000000e

Top of Stack: (sp=0x00007f9468bee230)
0x00007f9468bee230:   0000000000000000 00007f948c023f60
0x00007f9468bee240:   0000000000000000 00007f9468bee2e0
0x00007f9468bee250:   00007f9468bee2c0 00007f94a1fb9efa
0x00007f9468bee260:   0000000000000000 0000000000000000 

Instructions: (pc=0x00007f94a1fb9381)
0x00007f94a1fb9281:   48 89 df 48 89 4d 88 e8 53 f3 ff ff 48 8b 4d 88
0x00007f94a1fb9291:   44 03 6d 90 e9 42 fd ff ff 66 0f 1f 44 00 00 8b
0x00007f94a1fb92a1:   08 41 89 0e 44 89 c1 8b 74 08 fc 41 89 74 0e fc
0x00007f94a1fb92b1:   e9 d8 fe ff ff 66 2e 0f 1f 84 00 00 00 00 00 b9
0x00007f94a1fb92c1:   0a 00 00 00 e9 95 fd ff ff 44 89 c1 0f b7 74 08
0x00007f94a1fb92d1:   fe 66 41 89 74 0e fe e9 b1 fe ff ff 0f 1f 00 0f
0x00007f94a1fb92e1:   b6 17 89 f1 4c 8d 47 01 84 d2 74 1a 0f 1f 00 69
0x00007f94a1fb92f1:   c9 93 01 00 01 49 83 c0 01 31 d1 41 0f b6 50 ff
0x00007f94a1fb9301:   84 d2 75 eb 89 ce 89 f0 25 ff ff ff 7f c3 90 48
0x00007f94a1fb9311:   85 d2 0f 84 e1 00 00 00 85 c9 0f 84 d9 00 00 00
0x00007f94a1fb9321:   55 48 89 e5 41 55 41 54 53 48 8d 5e 01 48 83 ec
0x00007f94a1fb9331:   08 44 0f b6 06 45 84 c0 0f 84 b1 00 00 00 49 89
0x00007f94a1fb9341:   da b8 93 01 00 01 66 0f 1f 84 00 00 00 00 00 44
0x00007f94a1fb9351:   69 c8 93 01 00 01 49 83 c2 01 41 0f b6 c0 45 0f
0x00007f94a1fb9361:   b6 42 ff 44 31 c8 45 84 c0 75 e4 25 ff ff ff 7f
0x00007f94a1fb9371:   41 89 cd 48 89 d1 31 d2 49 89 f4 41 f7 f5 89 d0
0x00007f94a1fb9381:   8b 34 81 48 8b 07 ff 50 20 85 c0 7f 22 ba ff ff
0x00007f94a1fb9391:   ff ff 74 04 f7 d0 89 c2 48 83 c4 08 89 d0 5b 41
0x00007f94a1fb93a1:   5c 41 5d 5d c3 66 2e 0f 1f 84 00 00 00 00 00 41
0x00007f94a1fb93b1:   0f b6 34 24 89 c7 40 84 f6 74 1b 0f 1f 40 00 69
0x00007f94a1fb93c1:   ff 93 01 00 01 48 83 c3 01 31 f7 0f b6 73 ff 40
0x00007f94a1fb93d1:   84 f6 75 eb 89 f8 25 ff ff ff 7f 31 d2 48 83 c4
0x00007f94a1fb93e1:   08 41 f7 f5 5b 41 5c 41 5d 5d 89 d0 c3 66 90 b8
0x00007f94a1fb93f1:   93 01 00 01 e9 77 ff ff ff 83 ca ff 89 d0 c3 0f
0x00007f94a1fb9401:   b6 17 48 89 f8 84 d2 75 19 eb 1e 0f 1f 40 00 38
0x00007f94a1fb9411:   ca 75 1c 48 83 c0 01 0f b6 10 48 83 c6 01 84 d2
0x00007f94a1fb9421:   74 15 0f b6 0e 84 c9 75 e6 c3 0f 1f 44 00 00 31
0x00007f94a1fb9431:   c0 c3 0f 1f 44 00 00 c3 90 66 0f 1f 44 00 00 48
0x00007f94a1fb9441:   85 f6 74 5a 0f b6 06 84 c0 74 54 0f 1f 40 00 0f
0x00007f94a1fb9451:   b6 d0 83 e0 07 c1 fa 03 44 8d 50 01 0f b6 c0 41
0x00007f94a1fb9461:   89 d1 4c 8d 44 06 02 48 8d 56 01 31 c0 66 90 0f
0x00007f94a1fb9471:   b6 0a 48 c1 e0 08 48 83 c2 01 48 09 c8 49 39 d0 


Stack slot to memory mapping:
stack at sp + 0 slots: 0x0 is NULL
stack at sp + 1 slots: 0x00007f948c023f60 points into unknown readable memory: 0x00007f948c6e39c0 | c0 39 6e 8c 94 7f 00 00
stack at sp + 2 slots: 0x0 is NULL
stack at sp + 3 slots: 0x00007f9468bee2e0 is pointing into the stack for thread: 0x00007f948c2bc000
stack at sp + 4 slots: 0x00007f9468bee2c0 is pointing into the stack for thread: 0x00007f948c2bc000
stack at sp + 5 slots: 0x00007f94a1fb9efa: <offset 0x0000000000002efa> in /snap/arduino/70/usr/lib/jvm/java-11-openjdk-amd64/lib/libjimage.so at 0x00007f94a1fb7000
stack at sp + 6 slots: 0x0 is NULL
stack at sp + 7 slots: 0x0 is NULL


---------------  P R O C E S S  ---------------

Threads class SMR info:
_java_thread_list=0x00007f93ec001e00, length=22, elements={
0x00007f948c2a4000, 0x00007f948c2a8000, 0x00007f948c2bc000, 0x00007f948c2be000,
0x00007f948c2c0800, 0x00007f948c2c2800, 0x00007f948c2c4800, 0x00007f948c35c800,
0x00007f948c5d3000, 0x00007f948c6bd800, 0x00007f93dc001800, 0x00007f93e0011000,
0x00007f948d259800, 0x00007f948d25b000, 0x00007f948d294000, 0x00007f948d444800,
0x00007f948c017800, 0x00007f93dc03b800, 0x00007f93dc03c000, 0x00007f93dc03e800,
0x00007f93dc043000, 0x00007f93dc044000
}

Java Threads: ( => current thread )
  0x00007f948c2a4000 JavaThread "Reference Handler" daemon [_thread_blocked, id=2655, stack(0x00007f9468cf2000,0x00007f9468df3000)]
  0x00007f948c2a8000 JavaThread "Finalizer" daemon [_thread_blocked, id=2656, stack(0x00007f9468bf1000,0x00007f9468cf2000)]
=>0x00007f948c2bc000 JavaThread "Signal Dispatcher" daemon [_thread_in_vm, id=2657, stack(0x00007f9468af0000,0x00007f9468bf1000)]
  0x00007f948c2be000 JavaThread "Service Thread" daemon [_thread_blocked, id=2658, stack(0x00007f94689ef000,0x00007f9468af0000)]
  0x00007f948c2c0800 JavaThread "C2 CompilerThread0" daemon [_thread_blocked, id=2659, stack(0x00007f94688ee000,0x00007f94689ef000)]
  0x00007f948c2c2800 JavaThread "C1 CompilerThread0" daemon [_thread_blocked, id=2660, stack(0x00007f94687ed000,0x00007f94688ee000)]
  0x00007f948c2c4800 JavaThread "Sweeper thread" daemon [_thread_blocked, id=2661, stack(0x00007f94686ec000,0x00007f94687ed000)]
  0x00007f948c35c800 JavaThread "Common-Cleaner" daemon [_thread_blocked, id=2663, stack(0x00007f94684e9000,0x00007f94685ea000)]
  0x00007f948c5d3000 JavaThread "Java2D Disposer" daemon [_thread_blocked, id=2678, stack(0x00007f9437eff000,0x00007f9438000000)]
  0x00007f948c6bd800 JavaThread "AWT-XAWT" daemon [_thread_in_native, id=2679, stack(0x00007f9437bfe000,0x00007f9437cff000)]
  0x00007f93dc001800 JavaThread "cc.arduino.packages.discoverers.serial.SerialDiscovery" [_thread_blocked, id=2700, stack(0x00007f94197ed000,0x00007f94198ee000)]
  0x00007f93e0011000 JavaThread "Multihomed mDNS.Timer" daemon [_thread_blocked, id=2701, stack(0x00007f94199ef000,0x00007f9419af0000)]
  0x00007f948d259800 JavaThread "AWT-Shutdown" [_thread_blocked, id=2716, stack(0x00007f94198ee000,0x00007f94199ef000)]
  0x00007f948d25b000 JavaThread "AWT-EventQueue-0" [_thread_blocked, id=2717, stack(0x00007f94186d0000,0x00007f94187d1000)]
  0x00007f948d294000 JavaThread "Batik CleanerThread" daemon [_thread_blocked, id=2722, stack(0x00007f9419cf2000,0x00007f9419df3000)]
  0x00007f948d444800 JavaThread "TimerQueue" daemon [_thread_blocked, id=2724, stack(0x00007f9419df3000,0x00007f9419ef4000)]
  0x00007f948c017800 JavaThread "DestroyJavaVM" [_thread_blocked, id=2648, stack(0x00007f94a82b1000,0x00007f94a83b2000)]
  0x00007f93dc03b800 JavaThread "JmDNS(fe80-0-0-0-cb9e-7b6f-5dd4-db34-wlp5s0.local.).Timer" daemon [_thread_blocked, id=3314, stack(0x00007f943641e000,0x00007f943651f000)]
  0x00007f93dc03c000 JavaThread "JmDNS(fe80-0-0-0-cb9e-7b6f-5dd4-db34-wlp5s0.local.).State.Timer" [_thread_blocked, id=3315, stack(0x00007f9419bf1000,0x00007f9419cf2000)]
  0x00007f93dc03e800 JavaThread "SocketListener(192-168-43-139.local.)" daemon [_thread_in_native, id=3320, stack(0x00007f9419ff5000,0x00007f941a0f6000)]
  0x00007f93dc043000 JavaThread "JmDNS(192-168-43-139.local.).Timer" daemon [_thread_blocked, id=3321, stack(0x00007f941bcff000,0x00007f941be00000)]
  0x00007f93dc044000 JavaThread "JmDNS(192-168-43-139.local.).State.Timer" [_thread_blocked, id=3322, stack(0x00007f94200b7000,0x00007f94201b8000)]

Other Threads:
  0x00007f948c29b800 VMThread "VM Thread" [stack: 0x00007f9468df5000,0x00007f9468ef5000] [id=2654]
  0x00007f948c34d000 WatcherThread [stack: 0x00007f94685ec000,0x00007f94686ec000] [id=2662]
  0x00007f948c030000 GCTaskThread "GC Thread#0" [stack: 0x00007f94a129b000,0x00007f94a139b000] [id=2649]
  0x00007f945c001000 GCTaskThread "GC Thread#1" [stack: 0x00007f941a6fc000,0x00007f941a7fc000] [id=2687]
  0x00007f945c008000 GCTaskThread "GC Thread#2" [stack: 0x00007f9418cdd000,0x00007f9418ddd000] [id=2710]
  0x00007f945c009800 GCTaskThread "GC Thread#3" [stack: 0x00007f9418bdb000,0x00007f9418cdb000] [id=2711]
  0x00007f945c00b000 GCTaskThread "GC Thread#4" [stack: 0x00007f9418193000,0x00007f9418293000] [id=2718]
  0x00007f945c00c000 GCTaskThread "GC Thread#5" [stack: 0x00007f9418091000,0x00007f9418191000] [id=2719]
  0x00007f945c00d000 GCTaskThread "GC Thread#6" [stack: 0x00007f939bf00000,0x00007f939c000000] [id=2720]
  0x00007f945c00e000 GCTaskThread "GC Thread#7" [stack: 0x00007f939bdfe000,0x00007f939befe000] [id=2721]
  0x00007f945c010000 GCTaskThread "GC Thread#8" [stack: 0x00007f939a5ca000,0x00007f939a6ca000] [id=2731]
  0x00007f945c011800 GCTaskThread "GC Thread#9" [stack: 0x00007f939a4c8000,0x00007f939a5c8000] [id=2732]
  0x00007f945c012800 GCTaskThread "GC Thread#10" [stack: 0x00007f939a3c6000,0x00007f939a4c6000] [id=2733]
  0x00007f945c014800 GCTaskThread "GC Thread#11" [stack: 0x00007f939a2c4000,0x00007f939a3c4000] [id=2734]
  0x00007f945c016000 GCTaskThread "GC Thread#12" [stack: 0x00007f939a1c2000,0x00007f939a2c2000] [id=2735]
  0x00007f948c05e800 ConcurrentGCThread "G1 Main Marker" [stack: 0x00007f94a00f8000,0x00007f94a01f8000] [id=2650]
  0x00007f948c060800 ConcurrentGCThread "G1 Conc#0" [stack: 0x00007f94706eb000,0x00007f94707eb000] [id=2651]
  0x00007f946c001000 ConcurrentGCThread "G1 Conc#1" [stack: 0x00007f941a3fa000,0x00007f941a4fa000] [id=2690]
  0x00007f946c002800 ConcurrentGCThread "G1 Conc#2" [stack: 0x00007f941a2f8000,0x00007f941a3f8000] [id=2691]
  0x00007f948c0f7800 ConcurrentGCThread "G1 Refine#0" [stack: 0x00007f94697f9000,0x00007f94698f9000] [id=2652]
  0x00007f9460001800 ConcurrentGCThread "G1 Refine#1" [stack: 0x00007f94194ed000,0x00007f94195ed000] [id=2702]
  0x00007f93e001c000 ConcurrentGCThread "G1 Refine#2" [stack: 0x00007f94193eb000,0x00007f94194eb000] [id=2703]
  0x00007f93d8001000 ConcurrentGCThread "G1 Refine#3" [stack: 0x00007f94192e9000,0x00007f94193e9000] [id=2704]
  0x00007f93cc001000 ConcurrentGCThread "G1 Refine#4" [stack: 0x00007f94191e7000,0x00007f94192e7000] [id=2705]
  0x00007f93d0001000 ConcurrentGCThread "G1 Refine#5" [stack: 0x00007f94190e5000,0x00007f94191e5000] [id=2706]
  0x00007f93c4001000 ConcurrentGCThread "G1 Refine#6" [stack: 0x00007f9418fe3000,0x00007f94190e3000] [id=2707]
  0x00007f93c8001000 ConcurrentGCThread "G1 Refine#7" [stack: 0x00007f9418ee1000,0x00007f9418fe1000] [id=2708]
  0x00007f93bc001000 ConcurrentGCThread "G1 Refine#8" [stack: 0x00007f9418ddf000,0x00007f9418edf000] [id=2709]
  0x00007f93c0001000 ConcurrentGCThread "G1 Refine#9" [stack: 0x00007f9418ad9000,0x00007f9418bd9000] [id=2712]
  0x00007f93ac001000 ConcurrentGCThread "G1 Refine#10" [stack: 0x00007f94189d7000,0x00007f9418ad7000] [id=2713]
  0x00007f93b0001000 ConcurrentGCThread "G1 Refine#11" [stack: 0x00007f94188d5000,0x00007f94189d5000] [id=2714]
  0x00007f93a4001000 ConcurrentGCThread "G1 Refine#12" [stack: 0x00007f94187d3000,0x00007f94188d3000] [id=2715]
  0x00007f948c0f9000 ConcurrentGCThread "G1 Young RemSet Sampling" [stack: 0x00007f94696f7000,0x00007f94697f7000] [id=2653]

Threads with active compile tasks:

VM state:not at safepoint (normal execution)

VM Mutex/Monitor currently owned by a thread: None

Heap address: 0x000000008d800000, size: 1832 MB, Compressed Oops mode: 32-bit
Narrow klass base: 0x0000000000000000, Narrow klass shift: 3
Compressed class space size: 1073741824 Address: 0x0000000100000000

Heap:
 garbage-first heap   total 193536K, used 113072K [0x000000008d800000, 0x0000000100000000)
  region size 1024K, 32 young (32768K), 2 survivors (2048K)
 Metaspace       used 46663K, capacity 47291K, committed 48512K, reserved 1091584K
  class space    used 4920K, capacity 5162K, committed 5504K, reserved 1048576K
Heap Regions: E=young(eden), S=young(survivor), O=old, HS=humongous(starts), HC=humongous(continues), CS=collection set, F=free, A=archive, TAMS=top-at-mark-start (previous, next)
|   0|0x000000008d800000, 0x000000008d800000, 0x000000008d900000|  0%| F|  |TAMS 0x000000008d800000, 0x000000008d800000| Untracked 
|   1|0x000000008d900000, 0x000000008da00000, 0x000000008da00000|100%| O|  |TAMS 0x000000008da00000, 0x000000008d900000| Untracked 
|   2|0x000000008da00000, 0x000000008db00000, 0x000000008db00000|100%| O|  |TAMS 0x000000008db00000, 0x000000008da00000| Complete 
|   3|0x000000008db00000, 0x000000008dc00000, 0x000000008dc00000|100%| O|  |TAMS 0x000000008dc00000, 0x000000008db00000| Untracked 
|   4|0x000000008dc00000, 0x000000008dd00000, 0x000000008dd00000|100%| O|  |TAMS 0x000000008dd00000, 0x000000008dc00000| Untracked 
|   5|0x000000008dd00000, 0x000000008de00000, 0x000000008de00000|100%| O|  |TAMS 0x000000008de00000, 0x000000008dd00000| Complete 
|   6|0x000000008de00000, 0x000000008df00000, 0x000000008df00000|100%| O|  |TAMS 0x000000008df00000, 0x000000008de00000| Complete 
|   7|0x000000008df00000, 0x000000008e000000, 0x000000008e000000|100%| O|  |TAMS 0x000000008e000000, 0x000000008df00000| Complete 
|   8|0x000000008e000000, 0x000000008e100000, 0x000000008e100000|100%| O|  |TAMS 0x000000008e100000, 0x000000008e000000| Complete 
|   9|0x000000008e100000, 0x000000008e100000, 0x000000008e200000|  0%| F|  |TAMS 0x000000008e100000, 0x000000008e100000| Untracked 
|  10|0x000000008e200000, 0x000000008e300000, 0x000000008e300000|100%|HS|  |TAMS 0x000000008e300000, 0x000000008e200000| Complete 
|  11|0x000000008e300000, 0x000000008e400000, 0x000000008e400000|100%|HC|  |TAMS 0x000000008e400000, 0x000000008e300000| Complete 
|  12|0x000000008e400000, 0x000000008e400000, 0x000000008e500000|  0%| F|  |TAMS 0x000000008e400000, 0x000000008e400000| Untracked 
|  13|0x000000008e500000, 0x000000008e500000, 0x000000008e600000|  0%| F|  |TAMS 0x000000008e500000, 0x000000008e500000| Untracked 
|  14|0x000000008e600000, 0x000000008e700000, 0x000000008e700000|100%|HS|  |TAMS 0x000000008e700000, 0x000000008e600000| Complete 
|  15|0x000000008e700000, 0x000000008e800000, 0x000000008e800000|100%| O|  |TAMS 0x000000008e800000, 0x000000008e700000| Complete 
|  16|0x000000008e800000, 0x000000008e900000, 0x000000008e900000|100%| O|  |TAMS 0x000000008e900000, 0x000000008e800000| Complete 
|  17|0x000000008e900000, 0x000000008ea00000, 0x000000008ea00000|100%| O|  |TAMS 0x000000008ea00000, 0x000000008e900000| Complete 
|  18|0x000000008ea00000, 0x000000008ea00000, 0x000000008eb00000|  0%| F|  |TAMS 0x000000008ea00000, 0x000000008ea00000| Untracked 
|  19|0x000000008eb00000, 0x000000008ec00000, 0x000000008ec00000|100%|HS|  |TAMS 0x000000008ec00000, 0x000000008eb00000| Complete 
|  20|0x000000008ec00000, 0x000000008ed00000, 0x000000008ed00000|100%|HC|  |TAMS 0x000000008ed00000, 0x000000008ec00000| Complete 
|  21|0x000000008ed00000, 0x000000008ee00000, 0x000000008ee00000|100%|HS|  |TAMS 0x000000008ee00000, 0x000000008ed00000| Complete 
|  22|0x000000008ee00000, 0x000000008ef00000, 0x000000008ef00000|100%|HC|  |TAMS 0x000000008ef00000, 0x000000008ee00000| Complete 
|  23|0x000000008ef00000, 0x000000008f000000, 0x000000008f000000|100%| O|  |TAMS 0x000000008f000000, 0x000000008ef00000| Untracked 
|  24|0x000000008f000000, 0x000000008f100000, 0x000000008f100000|100%| O|  |TAMS 0x000000008f100000, 0x000000008f000000| Complete 
|  25|0x000000008f100000, 0x000000008f200000, 0x000000008f200000|100%| O|  |TAMS 0x000000008f200000, 0x000000008f100000| Complete 
|  26|0x000000008f200000, 0x000000008f300000, 0x000000008f300000|100%| O|  |TAMS 0x000000008f300000, 0x000000008f200000| Complete 
|  27|0x000000008f300000, 0x000000008f400000, 0x000000008f400000|100%|HS|  |TAMS 0x000000008f400000, 0x000000008f300000| Complete 
|  28|0x000000008f400000, 0x000000008f500000, 0x000000008f500000|100%|HC|  |TAMS 0x000000008f500000, 0x000000008f400000| Complete 
|  29|0x000000008f500000, 0x000000008f600000, 0x000000008f600000|100%|HS|  |TAMS 0x000000008f600000, 0x000000008f500000| Complete 
|  30|0x000000008f600000, 0x000000008f700000, 0x000000008f700000|100%|HS|  |TAMS 0x000000008f700000, 0x000000008f600000| Complete 
|  31|0x000000008f700000, 0x000000008f800000, 0x000000008f800000|100%| O|  |TAMS 0x000000008f800000, 0x000000008f700000| Complete 
|  32|0x000000008f800000, 0x000000008f900000, 0x000000008f900000|100%| O|  |TAMS 0x000000008f900000, 0x000000008f800000| Complete 
|  33|0x000000008f900000, 0x000000008fa00000, 0x000000008fa00000|100%| O|  |TAMS 0x000000008fa00000, 0x000000008f900000| Complete 
|  34|0x000000008fa00000, 0x000000008fa08200, 0x000000008fb00000|  3%| O|  |TAMS 0x000000008fa08200, 0x000000008fa00000| Untracked 
|  35|0x000000008fb00000, 0x000000008fb00000, 0x000000008fc00000|  0%| F|  |TAMS 0x000000008fb00000, 0x000000008fb00000| Untracked 
|  36|0x000000008fc00000, 0x000000008fc00000, 0x000000008fd00000|  0%| F|  |TAMS 0x000000008fc00000, 0x000000008fc00000| Untracked 
|  37|0x000000008fd00000, 0x000000008fd00000, 0x000000008fe00000|  0%| F|  |TAMS 0x000000008fd00000, 0x000000008fd00000| Untracked 
|  38|0x000000008fe00000, 0x000000008fe00000, 0x000000008ff00000|  0%| F|  |TAMS 0x000000008fe00000, 0x000000008fe00000| Untracked 
|  39|0x000000008ff00000, 0x000000008ff00000, 0x0000000090000000|  0%| F|  |TAMS 0x000000008ff00000, 0x000000008ff00000| Untracked 
|  40|0x0000000090000000, 0x0000000090000000, 0x0000000090100000|  0%| F|  |TAMS 0x0000000090000000, 0x0000000090000000| Untracked 
|  41|0x0000000090100000, 0x0000000090100000, 0x0000000090200000|  0%| F|  |TAMS 0x0000000090100000, 0x0000000090100000| Untracked 
|  42|0x0000000090200000, 0x0000000090200000, 0x0000000090300000|  0%| F|  |TAMS 0x0000000090200000, 0x0000000090200000| Untracked 
|  43|0x0000000090300000, 0x0000000090300000, 0x0000000090400000|  0%| F|  |TAMS 0x0000000090300000, 0x0000000090300000| Untracked 
|  44|0x0000000090400000, 0x0000000090500000, 0x0000000090500000|100%| O|  |TAMS 0x0000000090500000, 0x0000000090400000| Complete 
|  45|0x0000000090500000, 0x0000000090500000, 0x0000000090600000|  0%| F|  |TAMS 0x0000000090500000, 0x0000000090500000| Untracked 
|  46|0x0000000090600000, 0x0000000090700000, 0x0000000090700000|100%| O|  |TAMS 0x0000000090700000, 0x0000000090600000| Untracked 
|  47|0x0000000090700000, 0x0000000090800000, 0x0000000090800000|100%| O|  |TAMS 0x0000000090800000, 0x0000000090700000| Complete 
|  48|0x0000000090800000, 0x0000000090800000, 0x0000000090900000|  0%| F|  |TAMS 0x0000000090800000, 0x0000000090800000| Untracked 
|  49|0x0000000090900000, 0x0000000090900000, 0x0000000090a00000|  0%| F|  |TAMS 0x0000000090900000, 0x0000000090900000| Untracked 
|  50|0x0000000090a00000, 0x0000000090a00000, 0x0000000090b00000|  0%| F|  |TAMS 0x0000000090a00000, 0x0000000090a00000| Untracked 
|  51|0x0000000090b00000, 0x0000000090b00000, 0x0000000090c00000|  0%| F|  |TAMS 0x0000000090b00000, 0x0000000090b00000| Untracked 
|  52|0x0000000090c00000, 0x0000000090c00000, 0x0000000090d00000|  0%| F|  |TAMS 0x0000000090c00000, 0x0000000090c00000| Untracked 
|  53|0x0000000090d00000, 0x0000000090e00000, 0x0000000090e00000|100%| O|  |TAMS 0x0000000090e00000, 0x0000000090d00000| Complete 
|  54|0x0000000090e00000, 0x0000000090f00000, 0x0000000090f00000|100%| O|  |TAMS 0x0000000090f00000, 0x0000000090e00000| Complete 
|  55|0x0000000090f00000, 0x0000000091000000, 0x0000000091000000|100%| O|  |TAMS 0x0000000091000000, 0x0000000090f00000| Untracked 
|  56|0x0000000091000000, 0x0000000091100000, 0x0000000091100000|100%| O|  |TAMS 0x0000000091100000, 0x0000000091000000| Complete 
|  57|0x0000000091100000, 0x0000000091200000, 0x0000000091200000|100%| O|  |TAMS 0x0000000091200000, 0x0000000091100000| Complete 
|  58|0x0000000091200000, 0x0000000091200000, 0x0000000091300000|  0%| F|  |TAMS 0x0000000091200000, 0x0000000091200000| Untracked 
|  59|0x0000000091300000, 0x0000000091300000, 0x0000000091400000|  0%| F|  |TAMS 0x0000000091300000, 0x0000000091300000| Untracked 
|  60|0x0000000091400000, 0x0000000091400000, 0x0000000091500000|  0%| F|  |TAMS 0x0000000091400000, 0x0000000091400000| Untracked 
|  61|0x0000000091500000, 0x0000000091600000, 0x0000000091600000|100%| O|  |TAMS 0x0000000091600000, 0x0000000091500000| Complete 
|  62|0x0000000091600000, 0x0000000091700000, 0x0000000091700000|100%| O|  |TAMS 0x0000000091700000, 0x0000000091600000| Untracked 
|  63|0x0000000091700000, 0x0000000091700000, 0x0000000091800000|  0%| F|  |TAMS 0x0000000091700000, 0x0000000091700000| Untracked 
|  64|0x0000000091800000, 0x0000000091900000, 0x0000000091900000|100%| O|  |TAMS 0x0000000091900000, 0x0000000091800000| Complete 
|  65|0x0000000091900000, 0x0000000091a00000, 0x0000000091a00000|100%| O|  |TAMS 0x0000000091a00000, 0x0000000091900000| Complete 
|  66|0x0000000091a00000, 0x0000000091b00000, 0x0000000091b00000|100%| O|  |TAMS 0x0000000091b00000, 0x0000000091a00000| Untracked 
|  67|0x0000000091b00000, 0x0000000091c00000, 0x0000000091c00000|100%| O|  |TAMS 0x0000000091c00000, 0x0000000091b00000| Complete 
|  68|0x0000000091c00000, 0x0000000091d00000, 0x0000000091d00000|100%| O|  |TAMS 0x0000000091d00000, 0x0000000091c00000| Untracked 
|  69|0x0000000091d00000, 0x0000000091e00000, 0x0000000091e00000|100%| O|  |TAMS 0x0000000091e00000, 0x0000000091d00000| Untracked 
|  70|0x0000000091e00000, 0x0000000091f00000, 0x0000000091f00000|100%| O|  |TAMS 0x0000000091f00000, 0x0000000091e00000| Complete 
|  71|0x0000000091f00000, 0x0000000092000000, 0x0000000092000000|100%| O|  |TAMS 0x0000000092000000, 0x0000000091f00000| Untracked 
|  72|0x0000000092000000, 0x0000000092100000, 0x0000000092100000|100%| O|  |TAMS 0x0000000092100000, 0x0000000092000000| Untracked 
|  73|0x0000000092100000, 0x0000000092200000, 0x0000000092200000|100%| O|  |TAMS 0x0000000092200000, 0x0000000092100000| Untracked 
|  74|0x0000000092200000, 0x0000000092300000, 0x0000000092300000|100%| O|  |TAMS 0x0000000092300000, 0x0000000092200000| Untracked 
|  75|0x0000000092300000, 0x0000000092400000, 0x0000000092400000|100%| O|  |TAMS 0x0000000092400000, 0x0000000092300000| Untracked 
|  76|0x0000000092400000, 0x0000000092500000, 0x0000000092500000|100%| O|  |TAMS 0x0000000092500000, 0x0000000092400000| Untracked 
|  77|0x0000000092500000, 0x0000000092600000, 0x0000000092600000|100%| O|  |TAMS 0x0000000092600000, 0x0000000092500000| Untracked 
|  78|0x0000000092600000, 0x0000000092700000, 0x0000000092700000|100%| O|  |TAMS 0x0000000092700000, 0x0000000092600000| Untracked 
|  79|0x0000000092700000, 0x0000000092800000, 0x0000000092800000|100%| O|  |TAMS 0x0000000092800000, 0x0000000092700000| Untracked 
|  80|0x0000000092800000, 0x0000000092900000, 0x0000000092900000|100%| O|  |TAMS 0x0000000092900000, 0x0000000092800000| Untracked 
|  81|0x0000000092900000, 0x0000000092a00000, 0x0000000092a00000|100%| O|  |TAMS 0x0000000092a00000, 0x0000000092900000| Untracked 
|  82|0x0000000092a00000, 0x0000000092b00000, 0x0000000092b00000|100%| O|  |TAMS 0x0000000092b00000, 0x0000000092a00000| Untracked 
|  83|0x0000000092b00000, 0x0000000092c00000, 0x0000000092c00000|100%| O|  |TAMS 0x0000000092c00000, 0x0000000092b00000| Untracked 
|  84|0x0000000092c00000, 0x0000000092d00000, 0x0000000092d00000|100%| O|  |TAMS 0x0000000092d00000, 0x0000000092c00000| Untracked 
|  85|0x0000000092d00000, 0x0000000092e00000, 0x0000000092e00000|100%| O|  |TAMS 0x0000000092e00000, 0x0000000092d00000| Untracked 
|  86|0x0000000092e00000, 0x0000000092f00000, 0x0000000092f00000|100%| O|  |TAMS 0x0000000092f00000, 0x0000000092e00000| Untracked 
|  87|0x0000000092f00000, 0x0000000092f00000, 0x0000000093000000|  0%| F|  |TAMS 0x0000000092f00000, 0x0000000092f00000| Untracked 
|  88|0x0000000093000000, 0x0000000093100000, 0x0000000093100000|100%| O|  |TAMS 0x0000000093100000, 0x0000000093000000| Untracked 
|  89|0x0000000093100000, 0x0000000093200000, 0x0000000093200000|100%| O|  |TAMS 0x0000000093200000, 0x0000000093100000| Untracked 
|  90|0x0000000093200000, 0x0000000093300000, 0x0000000093300000|100%| O|  |TAMS 0x0000000093300000, 0x0000000093200000| Untracked 
|  91|0x0000000093300000, 0x0000000093400000, 0x0000000093400000|100%| O|  |TAMS 0x0000000093400000, 0x0000000093300000| Untracked 
|  92|0x0000000093400000, 0x0000000093500000, 0x0000000093500000|100%| O|  |TAMS 0x0000000093500000, 0x0000000093400000| Complete 
|  93|0x0000000093500000, 0x0000000093600000, 0x0000000093600000|100%| O|  |TAMS 0x0000000093600000, 0x0000000093500000| Complete 
|  94|0x0000000093600000, 0x0000000093600000, 0x0000000093700000|  0%| F|  |TAMS 0x0000000093600000, 0x0000000093600000| Untracked 
|  95|0x0000000093700000, 0x0000000093700000, 0x0000000093800000|  0%| F|  |TAMS 0x0000000093700000, 0x0000000093700000| Untracked 
|  96|0x0000000093800000, 0x0000000093800000, 0x0000000093900000|  0%| F|  |TAMS 0x0000000093800000, 0x0000000093800000| Untracked 
|  97|0x0000000093900000, 0x0000000093900000, 0x0000000093a00000|  0%| F|  |TAMS 0x0000000093900000, 0x0000000093900000| Untracked 
|  98|0x0000000093a00000, 0x0000000093a00000, 0x0000000093b00000|  0%| F|  |TAMS 0x0000000093a00000, 0x0000000093a00000| Untracked 
|  99|0x0000000093b00000, 0x0000000093b00000, 0x0000000093c00000|  0%| F|  |TAMS 0x0000000093b00000, 0x0000000093b00000| Untracked 
| 100|0x0000000093c00000, 0x0000000093c00000, 0x0000000093d00000|  0%| F|  |TAMS 0x0000000093c00000, 0x0000000093c00000| Untracked 
| 101|0x0000000093d00000, 0x0000000093d00000, 0x0000000093e00000|  0%| F|  |TAMS 0x0000000093d00000, 0x0000000093d00000| Untracked 
| 102|0x0000000093e00000, 0x0000000093e00000, 0x0000000093f00000|  0%| F|  |TAMS 0x0000000093e00000, 0x0000000093e00000| Untracked 
| 103|0x0000000093f00000, 0x0000000093f63f18, 0x0000000094000000| 39%| S|CS|TAMS 0x0000000093f00000, 0x0000000093f00000| Complete 
| 104|0x0000000094000000, 0x0000000094100000, 0x0000000094100000|100%| S|CS|TAMS 0x0000000094000000, 0x0000000094000000| Complete 
| 105|0x0000000094100000, 0x0000000094100000, 0x0000000094200000|  0%| F|  |TAMS 0x0000000094100000, 0x0000000094100000| Untracked 
| 106|0x0000000094200000, 0x0000000094200000, 0x0000000094300000|  0%| F|  |TAMS 0x0000000094200000, 0x0000000094200000| Untracked 
| 107|0x0000000094300000, 0x0000000094300000, 0x0000000094400000|  0%| F|  |TAMS 0x0000000094300000, 0x0000000094300000| Untracked 
| 108|0x0000000094400000, 0x0000000094400000, 0x0000000094500000|  0%| F|  |TAMS 0x0000000094400000, 0x0000000094400000| Untracked 
| 109|0x0000000094500000, 0x0000000094500000, 0x0000000094600000|  0%| F|  |TAMS 0x0000000094500000, 0x0000000094500000| Untracked 
| 110|0x0000000094600000, 0x0000000094600000, 0x0000000094700000|  0%| F|  |TAMS 0x0000000094600000, 0x0000000094600000| Untracked 
| 111|0x0000000094700000, 0x0000000094700000, 0x0000000094800000|  0%| F|  |TAMS 0x0000000094700000, 0x0000000094700000| Untracked 
| 112|0x0000000094800000, 0x0000000094800000, 0x0000000094900000|  0%| F|  |TAMS 0x0000000094800000, 0x0000000094800000| Untracked 
| 113|0x0000000094900000, 0x0000000094900000, 0x0000000094a00000|  0%| F|  |TAMS 0x0000000094900000, 0x0000000094900000| Untracked 
| 114|0x0000000094a00000, 0x0000000094a00000, 0x0000000094b00000|  0%| F|  |TAMS 0x0000000094a00000, 0x0000000094a00000| Untracked 
| 115|0x0000000094b00000, 0x0000000094b00000, 0x0000000094c00000|  0%| F|  |TAMS 0x0000000094b00000, 0x0000000094b00000| Untracked 
| 116|0x0000000094c00000, 0x0000000094c00000, 0x0000000094d00000|  0%| F|  |TAMS 0x0000000094c00000, 0x0000000094c00000| Untracked 
| 117|0x0000000094d00000, 0x0000000094d00000, 0x0000000094e00000|  0%| F|  |TAMS 0x0000000094d00000, 0x0000000094d00000| Untracked 
| 118|0x0000000094e00000, 0x0000000094e00000, 0x0000000094f00000|  0%| F|  |TAMS 0x0000000094e00000, 0x0000000094e00000| Untracked 
| 119|0x0000000094f00000, 0x0000000094f00000, 0x0000000095000000|  0%| F|  |TAMS 0x0000000094f00000, 0x0000000094f00000| Untracked 
| 120|0x0000000095000000, 0x0000000095000000, 0x0000000095100000|  0%| F|  |TAMS 0x0000000095000000, 0x0000000095000000| Untracked 
| 121|0x0000000095100000, 0x0000000095100000, 0x0000000095200000|  0%| F|  |TAMS 0x0000000095100000, 0x0000000095100000| Untracked 
| 122|0x0000000095200000, 0x0000000095200000, 0x0000000095300000|  0%| F|  |TAMS 0x0000000095200000, 0x0000000095200000| Untracked 
| 123|0x0000000095300000, 0x0000000095300000, 0x0000000095400000|  0%| F|  |TAMS 0x0000000095300000, 0x0000000095300000| Untracked 
| 124|0x0000000095400000, 0x0000000095400000, 0x0000000095500000|  0%| F|  |TAMS 0x0000000095400000, 0x0000000095400000| Untracked 
| 125|0x0000000095500000, 0x0000000095500000, 0x0000000095600000|  0%| F|  |TAMS 0x0000000095500000, 0x0000000095500000| Untracked 
| 126|0x0000000095600000, 0x0000000095600000, 0x0000000095700000|  0%| F|  |TAMS 0x0000000095600000, 0x0000000095600000| Untracked 
| 127|0x0000000095700000, 0x0000000095700000, 0x0000000095800000|  0%| F|  |TAMS 0x0000000095700000, 0x0000000095700000| Untracked 
| 128|0x0000000095800000, 0x0000000095800000, 0x0000000095900000|  0%| F|  |TAMS 0x0000000095800000, 0x0000000095800000| Untracked 
| 129|0x0000000095900000, 0x0000000095900000, 0x0000000095a00000|  0%| F|  |TAMS 0x0000000095900000, 0x0000000095900000| Untracked 
| 130|0x0000000095a00000, 0x0000000095a00000, 0x0000000095b00000|  0%| F|  |TAMS 0x0000000095a00000, 0x0000000095a00000| Untracked 
| 131|0x0000000095b00000, 0x0000000095b00000, 0x0000000095c00000|  0%| F|  |TAMS 0x0000000095b00000, 0x0000000095b00000| Untracked 
| 132|0x0000000095c00000, 0x0000000095c00000, 0x0000000095d00000|  0%| F|  |TAMS 0x0000000095c00000, 0x0000000095c00000| Untracked 
| 133|0x0000000095d00000, 0x0000000095d00000, 0x0000000095e00000|  0%| F|  |TAMS 0x0000000095d00000, 0x0000000095d00000| Untracked 
| 134|0x0000000095e00000, 0x0000000095e00000, 0x0000000095f00000|  0%| F|  |TAMS 0x0000000095e00000, 0x0000000095e00000| Untracked 
| 135|0x0000000095f00000, 0x0000000095f00000, 0x0000000096000000|  0%| F|  |TAMS 0x0000000095f00000, 0x0000000095f00000| Untracked 
| 136|0x0000000096000000, 0x0000000096000000, 0x0000000096100000|  0%| F|  |TAMS 0x0000000096000000, 0x0000000096000000| Untracked 
| 137|0x0000000096100000, 0x0000000096100000, 0x0000000096200000|  0%| F|  |TAMS 0x0000000096100000, 0x0000000096100000| Untracked 
| 138|0x0000000096200000, 0x0000000096200000, 0x0000000096300000|  0%| F|  |TAMS 0x0000000096200000, 0x0000000096200000| Untracked 
| 139|0x0000000096300000, 0x0000000096300000, 0x0000000096400000|  0%| F|  |TAMS 0x0000000096300000, 0x0000000096300000| Untracked 
| 140|0x0000000096400000, 0x0000000096400000, 0x0000000096500000|  0%| F|  |TAMS 0x0000000096400000, 0x0000000096400000| Untracked 
| 141|0x0000000096500000, 0x0000000096500000, 0x0000000096600000|  0%| F|  |TAMS 0x0000000096500000, 0x0000000096500000| Untracked 
| 142|0x0000000096600000, 0x0000000096600000, 0x0000000096700000|  0%| F|  |TAMS 0x0000000096600000, 0x0000000096600000| Untracked 
| 143|0x0000000096700000, 0x0000000096700000, 0x0000000096800000|  0%| F|  |TAMS 0x0000000096700000, 0x0000000096700000| Untracked 
| 144|0x0000000096800000, 0x0000000096800000, 0x0000000096900000|  0%| F|  |TAMS 0x0000000096800000, 0x0000000096800000| Untracked 
| 145|0x0000000096900000, 0x0000000096900000, 0x0000000096a00000|  0%| F|  |TAMS 0x0000000096900000, 0x0000000096900000| Untracked 
| 146|0x0000000096a00000, 0x0000000096a00000, 0x0000000096b00000|  0%| F|  |TAMS 0x0000000096a00000, 0x0000000096a00000| Untracked 
| 147|0x0000000096b00000, 0x0000000096bb6e40, 0x0000000096c00000| 71%| E|  |TAMS 0x0000000096b00000, 0x0000000096b00000| Complete 
| 148|0x0000000096c00000, 0x0000000096d00000, 0x0000000096d00000|100%| E|CS|TAMS 0x0000000096c00000, 0x0000000096c00000| Complete 
| 149|0x0000000096d00000, 0x0000000096e00000, 0x0000000096e00000|100%| E|CS|TAMS 0x0000000096d00000, 0x0000000096d00000| Complete 
| 150|0x0000000096e00000, 0x0000000096f00000, 0x0000000096f00000|100%| E|CS|TAMS 0x0000000096e00000, 0x0000000096e00000| Complete 
| 151|0x0000000096f00000, 0x0000000097000000, 0x0000000097000000|100%| E|CS|TAMS 0x0000000096f00000, 0x0000000096f00000| Complete 
| 152|0x0000000097000000, 0x0000000097100000, 0x0000000097100000|100%| E|CS|TAMS 0x0000000097000000, 0x0000000097000000| Complete 
| 153|0x0000000097100000, 0x0000000097200000, 0x0000000097200000|100%| E|CS|TAMS 0x0000000097100000, 0x0000000097100000| Complete 
| 154|0x0000000097200000, 0x0000000097300000, 0x0000000097300000|100%| E|CS|TAMS 0x0000000097200000, 0x0000000097200000| Complete 
| 155|0x0000000097300000, 0x0000000097400000, 0x0000000097400000|100%| E|CS|TAMS 0x0000000097300000, 0x0000000097300000| Complete 
| 156|0x0000000097400000, 0x0000000097500000, 0x0000000097500000|100%| E|CS|TAMS 0x0000000097400000, 0x0000000097400000| Complete 
| 157|0x0000000097500000, 0x0000000097600000, 0x0000000097600000|100%| E|CS|TAMS 0x0000000097500000, 0x0000000097500000| Complete 
| 158|0x0000000097600000, 0x0000000097700000, 0x0000000097700000|100%| E|CS|TAMS 0x0000000097600000, 0x0000000097600000| Complete 
| 159|0x0000000097700000, 0x0000000097800000, 0x0000000097800000|100%| E|CS|TAMS 0x0000000097700000, 0x0000000097700000| Complete 
| 160|0x0000000097800000, 0x0000000097900000, 0x0000000097900000|100%| E|CS|TAMS 0x0000000097800000, 0x0000000097800000| Complete 
| 161|0x0000000097900000, 0x0000000097a00000, 0x0000000097a00000|100%| E|CS|TAMS 0x0000000097900000, 0x0000000097900000| Complete 
| 162|0x0000000097a00000, 0x0000000097b00000, 0x0000000097b00000|100%| E|CS|TAMS 0x0000000097a00000, 0x0000000097a00000| Complete 
| 163|0x0000000097b00000, 0x0000000097c00000, 0x0000000097c00000|100%| E|CS|TAMS 0x0000000097b00000, 0x0000000097b00000| Complete 
| 164|0x0000000097c00000, 0x0000000097d00000, 0x0000000097d00000|100%| E|CS|TAMS 0x0000000097c00000, 0x0000000097c00000| Complete 
| 165|0x0000000097d00000, 0x0000000097e00000, 0x0000000097e00000|100%| E|CS|TAMS 0x0000000097d00000, 0x0000000097d00000| Complete 
| 166|0x0000000097e00000, 0x0000000097f00000, 0x0000000097f00000|100%| E|CS|TAMS 0x0000000097e00000, 0x0000000097e00000| Complete 
| 167|0x0000000097f00000, 0x0000000098000000, 0x0000000098000000|100%| E|CS|TAMS 0x0000000097f00000, 0x0000000097f00000| Complete 
| 168|0x0000000098000000, 0x0000000098100000, 0x0000000098100000|100%| E|CS|TAMS 0x0000000098000000, 0x0000000098000000| Complete 
| 169|0x0000000098100000, 0x0000000098200000, 0x0000000098200000|100%| E|CS|TAMS 0x0000000098100000, 0x0000000098100000| Complete 
| 170|0x0000000098200000, 0x0000000098300000, 0x0000000098300000|100%| E|CS|TAMS 0x0000000098200000, 0x0000000098200000| Complete 
| 171|0x0000000098300000, 0x0000000098400000, 0x0000000098400000|100%| E|CS|TAMS 0x0000000098300000, 0x0000000098300000| Complete 
| 172|0x0000000098400000, 0x0000000098500000, 0x0000000098500000|100%| E|CS|TAMS 0x0000000098400000, 0x0000000098400000| Complete 
| 173|0x0000000098500000, 0x0000000098600000, 0x0000000098600000|100%| E|CS|TAMS 0x0000000098500000, 0x0000000098500000| Complete 
| 174|0x0000000098600000, 0x0000000098700000, 0x0000000098700000|100%| E|CS|TAMS 0x0000000098600000, 0x0000000098600000| Complete 
| 175|0x0000000098700000, 0x0000000098800000, 0x0000000098800000|100%| O|  |TAMS 0x0000000098800000, 0x0000000098700000| Complete 
| 176|0x0000000098800000, 0x0000000098900000, 0x0000000098900000|100%| E|CS|TAMS 0x0000000098800000, 0x0000000098800000| Complete 
| 177|0x0000000098900000, 0x0000000098a00000, 0x0000000098a00000|100%| O|  |TAMS 0x0000000098a00000, 0x0000000098900000| Untracked 
| 178|0x0000000098a00000, 0x0000000098b00000, 0x0000000098b00000|100%| E|CS|TAMS 0x0000000098a00000, 0x0000000098a00000| Complete 
| 179|0x0000000098b00000, 0x0000000098c00000, 0x0000000098c00000|100%| O|  |TAMS 0x0000000098c00000, 0x0000000098b00000| Untracked 
| 180|0x0000000098c00000, 0x0000000098d00000, 0x0000000098d00000|100%| O|  |TAMS 0x0000000098d00000, 0x0000000098c00000| Untracked 
| 181|0x0000000098d00000, 0x0000000098e00000, 0x0000000098e00000|100%| O|  |TAMS 0x0000000098e00000, 0x0000000098d00000| Untracked 
| 182|0x0000000098e00000, 0x0000000098f00000, 0x0000000098f00000|100%| O|  |TAMS 0x0000000098f00000, 0x0000000098e00000| Untracked 
| 183|0x0000000098f00000, 0x0000000099000000, 0x0000000099000000|100%| O|  |TAMS 0x0000000099000000, 0x0000000098f00000| Untracked 
| 184|0x0000000099000000, 0x0000000099100000, 0x0000000099100000|100%| O|  |TAMS 0x0000000099100000, 0x0000000099000000| Untracked 
| 185|0x0000000099100000, 0x0000000099200000, 0x0000000099200000|100%| O|  |TAMS 0x0000000099200000, 0x0000000099100000| Untracked 
| 186|0x0000000099200000, 0x0000000099300000, 0x0000000099300000|100%| O|  |TAMS 0x0000000099300000, 0x0000000099200000| Untracked 
| 187|0x0000000099300000, 0x0000000099400000, 0x0000000099400000|100%| O|  |TAMS 0x0000000099400000, 0x0000000099300000| Untracked 
| 188|0x0000000099400000, 0x0000000099500000, 0x0000000099500000|100%| O|  |TAMS 0x0000000099500000, 0x0000000099400000| Complete 

Card table byte_map: [0x00007f94744bf000,0x00007f9474853000] _byte_map_base: 0x00007f9474053000

Marking Bits (Prev, Next): (CMBitMap*) 0x00007f948c0569a0, (CMBitMap*) 0x00007f948c056968
 Prev Bits: [0x00007f94707eb000, 0x00007f947248b000)
 Next Bits: [0x00007f947248b000, 0x00007f947412b000)

Polling page: 0x00007f94af131000

Metaspace:

Usage:
  Non-class:     41,14 MB capacity,    40,76 MB (>99%) used,   303,96 KB ( <1%) free+waste,    81,94 KB ( <1%) overhead. 
      Class:      5,04 MB capacity,     4,81 MB ( 95%) used,   207,34 KB (  4%) free+waste,    34,31 KB ( <1%) overhead. 
       Both:     46,18 MB capacity,    45,57 MB ( 99%) used,   511,30 KB (  1%) free+waste,   116,25 KB ( <1%) overhead. 

Virtual space:
  Non-class space:       42,00 MB reserved,      42,00 MB (100%) committed 
      Class space:        1,00 GB reserved,       5,38 MB ( <1%) committed 
             Both:        1,04 GB reserved,      47,38 MB (  4%) committed 

Chunk freelists:
   Non-Class:  875,00 KB
       Class:  310,00 KB
        Both:  1,16 MB

MaxMetaspaceSize: unlimited
CompressedClassSpaceSize: 1,00 GB
Initial GC threshold: 20,80 MB
Current GC threshold: 78,96 MB
CDS: off

CodeHeap 'non-profiled nmethods': size=119172Kb used=6959Kb max_used=6959Kb free=112212Kb
 bounds [0x00007f947c3f2000, 0x00007f947cac2000, 0x00007f9483853000]
CodeHeap 'profiled nmethods': size=119168Kb used=19843Kb max_used=19843Kb free=99324Kb
 bounds [0x00007f9474f92000, 0x00007f9476302000, 0x00007f947c3f2000]
CodeHeap 'non-nmethods': size=7420Kb used=1503Kb max_used=3185Kb free=5916Kb
 bounds [0x00007f9474853000, 0x00007f9474bc3000, 0x00007f9474f92000]
 total_blobs=9455 nmethods=8589 adapters=777
 compilation: enabled
              stopped_count=0, restarted_count=0
 full_count=0

Compilation events (20 events):
Event: 9312,674 Thread 0x00007f948c2c2800 8595       3       java.awt.event.InputEvent::isControlDown (17 bytes)
Event: 9312,674 Thread 0x00007f948c2c2800 nmethod 8595 0x00007f94762ee390 code [0x00007f94762ee540, 0x00007f94762ee690]
Event: 9312,674 Thread 0x00007f948c2c2800 8596   !   3       java.awt.Component::dispatchMouseWheelToAncestor (266 bytes)
Event: 9312,676 Thread 0x00007f948c2c2800 nmethod 8596 0x00007f94762ee710 code [0x00007f94762eeac0, 0x00007f94762f0c30]
Event: 9312,676 Thread 0x00007f948c2c2800 8598       3       java.awt.event.MouseWheelEvent::getUnitsToScroll (10 bytes)
Event: 9312,676 Thread 0x00007f948c2c2800 nmethod 8598 0x00007f94762f1610 code [0x00007f94762f17c0, 0x00007f94762f18b0]
Event: 9312,676 Thread 0x00007f948c2c2800 8599       3       javax.swing.JViewport::getViewRect (16 bytes)
Event: 9312,676 Thread 0x00007f948c2c2800 nmethod 8599 0x00007f94762f1910 code [0x00007f94762f1b20, 0x00007f94762f2280]
Event: 9314,976 Thread 0x00007f948c2c0800 8600       4       java.awt.AWTEventMulticaster::mouseMoved (27 bytes)
Event: 9314,982 Thread 0x00007f948c2c0800 nmethod 8600 0x00007f947cab7d10 code [0x00007f947cab7ee0, 0x00007f947cab8208]
Event: 9315,400 Thread 0x00007f948c2c0800 8601   !   4       javax.swing.TimerQueue::sharedInstance (44 bytes)
Event: 9315,405 Thread 0x00007f948c2c0800 nmethod 8601 0x00007f947cab8490 code [0x00007f947cab8660, 0x00007f947cab8a28]
Event: 9316,283 Thread 0x00007f948c2c2800 8602       3       org.fife.ui.rsyntaxtextarea.TokenImpl::copyFrom (81 bytes)
Event: 9316,284 Thread 0x00007f948c2c2800 nmethod 8602 0x00007f94762f2590 code [0x00007f94762f2780, 0x00007f94762f2bd0]
Event: 9316,349 Thread 0x00007f948c2c0800 8603   !   4       sun.awt.X11.XComponentPeer::pSetCursor (71 bytes)
Event: 9316,402 Thread 0x00007f948c2c0800 nmethod 8603 0x00007f947cab8b90 code [0x00007f947cab8ec0, 0x00007f947caba708]
Event: 9316,437 Thread 0x00007f948c2c0800 8604   !   4       sun.awt.X11.XAwtState::getComponentMouseEntered (37 bytes)
Event: 9316,467 Thread 0x00007f948c2c0800 nmethod 8604 0x00007f947cabbc10 code [0x00007f947cabbe60, 0x00007f947cabd260]
Event: 9317,536 Thread 0x00007f948c2c2800 8605       1       java.awt.Component::getFocusTraversalKeysEnabled (5 bytes)
Event: 9317,536 Thread 0x00007f948c2c2800 nmethod 8605 0x00007f947cabd990 code [0x00007f947cabdb40, 0x00007f947cabdbf0]

GC Heap History (20 events):
Event: 6458,987 GC heap before
{Heap before GC invocations=22 (full 0):
 garbage-first heap   total 193536K, used 135959K [0x000000008d800000, 0x0000000100000000)
  region size 1024K, 45 young (46080K), 2 survivors (2048K)
 Metaspace       used 45924K, capacity 46599K, committed 48000K, reserved 1091584K
  class space    used 4905K, capacity 5150K, committed 5504K, reserved 1048576K
}
Event: 6458,990 GC heap after
{Heap after GC invocations=23 (full 0):
 garbage-first heap   total 193536K, used 84246K [0x000000008d800000, 0x0000000100000000)
  region size 1024K, 3 young (3072K), 3 survivors (3072K)
 Metaspace       used 45924K, capacity 46599K, committed 48000K, reserved 1091584K
  class space    used 4905K, capacity 5150K, committed 5504K, reserved 1048576K
}
Event: 6478,025 GC heap before
{Heap before GC invocations=23 (full 0):
 garbage-first heap   total 193536K, used 90390K [0x000000008d800000, 0x0000000100000000)
  region size 1024K, 9 young (9216K), 3 survivors (3072K)
 Metaspace       used 45935K, capacity 46599K, committed 48000K, reserved 1091584K
  class space    used 4905K, capacity 5150K, committed 5504K, reserved 1048576K
}
Event: 6478,028 GC heap after
{Heap after GC invocations=24 (full 0):
 garbage-first heap   total 193536K, used 75314K [0x000000008d800000, 0x0000000100000000)
  region size 1024K, 1 young (1024K), 1 survivors (1024K)
 Metaspace       used 45935K, capacity 46599K, committed 48000K, reserved 1091584K
  class space    used 4905K, capacity 5150K, committed 5504K, reserved 1048576K
}
Event: 6652,488 GC heap before
{Heap before GC invocations=24 (full 0):
 garbage-first heap   total 193536K, used 131634K [0x000000008d800000, 0x0000000100000000)
  region size 1024K, 56 young (57344K), 1 survivors (1024K)
 Metaspace       used 45963K, capacity 46599K, committed 48000K, reserved 1091584K
  class space    used 4906K, capacity 5150K, committed 5504K, reserved 1048576K
}
Event: 6652,490 GC heap after
{Heap after GC invocations=25 (full 0):
 garbage-first heap   total 193536K, used 75334K [0x000000008d800000, 0x0000000100000000)
  region size 1024K, 1 young (1024K), 1 survivors (1024K)
 Metaspace       used 45963K, capacity 46599K, committed 48000K, reserved 1091584K
  class space    used 4906K, capacity 5150K, committed 5504K, reserved 1048576K
}
Event: 6984,336 GC heap before
{Heap before GC invocations=25 (full 0):
 garbage-first heap   total 193536K, used 100934K [0x000000008d800000, 0x0000000100000000)
  region size 1024K, 27 young (27648K), 1 survivors (1024K)
 Metaspace       used 46484K, capacity 47175K, committed 48256K, reserved 1091584K
  class space    used 4957K, capacity 5236K, committed 5504K, reserved 1048576K
}
Event: 6984,338 GC heap after
{Heap after GC invocations=26 (full 0):
 garbage-first heap   total 193536K, used 75665K [0x000000008d800000, 0x0000000100000000)
  region size 1024K, 1 young (1024K), 1 survivors (1024K)
 Metaspace       used 46484K, capacity 47175K, committed 48256K, reserved 1091584K
  class space    used 4957K, capacity 5236K, committed 5504K, reserved 1048576K
}
Event: 8248,995 GC heap before
{Heap before GC invocations=27 (full 0):
 garbage-first heap   total 193536K, used 157585K [0x000000008d800000, 0x0000000100000000)
  region size 1024K, 75 young (76800K), 1 survivors (1024K)
 Metaspace       used 46665K, capacity 47371K, committed 48512K, reserved 1091584K
  class space    used 4959K, capacity 5237K, committed 5504K, reserved 1048576K
}
Event: 8248,998 GC heap after
{Heap after GC invocations=28 (full 0):
 garbage-first heap   total 193536K, used 82901K [0x000000008d800000, 0x0000000100000000)
  region size 1024K, 2 young (2048K), 2 survivors (2048K)
 Metaspace       used 46665K, capacity 47371K, committed 48512K, reserved 1091584K
  class space    used 4959K, capacity 5237K, committed 5504K, reserved 1048576K
}
Event: 8268,864 GC heap before
{Heap before GC invocations=28 (full 0):
 garbage-first heap   total 193536K, used 90069K [0x000000008d800000, 0x0000000100000000)
  region size 1024K, 9 young (9216K), 2 survivors (2048K)
 Metaspace       used 46665K, capacity 47371K, committed 48512K, reserved 1091584K
  class space    used 4959K, capacity 5237K, committed 5504K, reserved 1048576K
}
Event: 8268,867 GC heap after
{Heap after GC invocations=29 (full 0):
 garbage-first heap   total 193536K, used 78343K [0x000000008d800000, 0x0000000100000000)
  region size 1024K, 1 young (1024K), 1 survivors (1024K)
 Metaspace       used 46665K, capacity 47371K, committed 48512K, reserved 1091584K
  class space    used 4959K, capacity 5237K, committed 5504K, reserved 1048576K
}
Event: 8517,264 GC heap before
{Heap before GC invocations=29 (full 0):
 garbage-first heap   total 193536K, used 96775K [0x000000008d800000, 0x0000000100000000)
  region size 1024K, 20 young (20480K), 1 survivors (1024K)
 Metaspace       used 46686K, capacity 47375K, committed 48512K, reserved 1091584K
  class space    used 4959K, capacity 5237K, committed 5504K, reserved 1048576K
}
Event: 8517,267 GC heap after
{Heap after GC invocations=30 (full 0):
 garbage-first heap   total 193536K, used 78386K [0x000000008d800000, 0x0000000100000000)
  region size 1024K, 1 young (1024K), 1 survivors (1024K)
 Metaspace       used 46686K, capacity 47375K, committed 48512K, reserved 1091584K
  class space    used 4959K, capacity 5237K, committed 5504K, reserved 1048576K
}
Event: 8816,593 GC heap before
{Heap before GC invocations=31 (full 0):
 garbage-first heap   total 193536K, used 155186K [0x000000008d800000, 0x0000000100000000)
  region size 1024K, 73 young (74752K), 1 survivors (1024K)
 Metaspace       used 46577K, capacity 47163K, committed 48512K, reserved 1091584K
  class space    used 4920K, capacity 5162K, committed 5504K, reserved 1048576K
}
Event: 8816,597 GC heap after
{Heap after GC invocations=32 (full 0):
 garbage-first heap   total 193536K, used 82554K [0x000000008d800000, 0x0000000100000000)
  region size 1024K, 2 young (2048K), 2 survivors (2048K)
 Metaspace       used 46577K, capacity 47163K, committed 48512K, reserved 1091584K
  class space    used 4920K, capacity 5162K, committed 5504K, reserved 1048576K
}
Event: 8891,819 GC heap before
{Heap before GC invocations=32 (full 0):
 garbage-first heap   total 193536K, used 92794K [0x000000008d800000, 0x0000000100000000)
  region size 1024K, 9 young (9216K), 2 survivors (2048K)
 Metaspace       used 46631K, capacity 47227K, committed 48512K, reserved 1091584K
  class space    used 4920K, capacity 5162K, committed 5504K, reserved 1048576K
}
Event: 8891,823 GC heap after
{Heap after GC invocations=33 (full 0):
 garbage-first heap   total 193536K, used 83220K [0x000000008d800000, 0x0000000100000000)
  region size 1024K, 2 young (2048K), 2 survivors (2048K)
 Metaspace       used 46631K, capacity 47227K, committed 48512K, reserved 1091584K
  class space    used 4920K, capacity 5162K, committed 5504K, reserved 1048576K
}
Event: 9080,055 GC heap before
{Heap before GC invocations=33 (full 0):
 garbage-first heap   total 193536K, used 154900K [0x000000008d800000, 0x0000000100000000)
  region size 1024K, 72 young (73728K), 2 survivors (2048K)
 Metaspace       used 46642K, capacity 47227K, committed 48512K, reserved 1091584K
  class space    used 4920K, capacity 5162K, committed 5504K, reserved 1048576K
}
Event: 9080,058 GC heap after
{Heap after GC invocations=34 (full 0):
 garbage-first heap   total 193536K, used 83376K [0x000000008d800000, 0x0000000100000000)
  region size 1024K, 2 young (2048K), 2 survivors (2048K)
 Metaspace       used 46642K, capacity 47227K, committed 48512K, reserved 1091584K
  class space    used 4920K, capacity 5162K, committed 5504K, reserved 1048576K
}

Deoptimization events (20 events):
Event: 8507,914 Thread 0x00007f948d25b000 DEOPT PACKING pc=0x00007f947c98c660 sp=0x00007f94187cf700
Event: 8507,914 Thread 0x00007f948d25b000 DEOPT UNPACKING pc=0x00007f947489cea5 sp=0x00007f94187cf5a0 mode 2
Event: 8517,230 Thread 0x00007f948d25b000 Uncommon trap: trap_request=0xffffffde fr.pc=0x00007f947c7aad28 relative=0x00000000000000e8
Event: 8517,230 Thread 0x00007f948d25b000 Uncommon trap: reason=class_check action=maybe_recompile pc=0x00007f947c7aad28 method=javax.swing.plaf.basic.BasicBorders$MarginBorder.getBorderInsets(Ljava/awt/Component;Ljava/awt/Insets;)Ljava/awt/Insets; @ 47 c2
Event: 8517,230 Thread 0x00007f948d25b000 DEOPT PACKING pc=0x00007f947c7aad28 sp=0x00007f94187cbb10
Event: 8517,230 Thread 0x00007f948d25b000 DEOPT UNPACKING pc=0x00007f947489cea5 sp=0x00007f94187cbaa8 mode 2
Event: 8517,341 Thread 0x00007f948d25b000 Uncommon trap: trap_request=0xffffff4d fr.pc=0x00007f947c9f6544 relative=0x00000000000029c4
Event: 8517,341 Thread 0x00007f948d25b000 Uncommon trap: reason=unstable_if action=reinterpret pc=0x00007f947c9f6544 method=java.awt.Component$BltBufferStrategy.revalidate(Z)V @ 61 c2
Event: 8517,341 Thread 0x00007f948d25b000 DEOPT PACKING pc=0x00007f947c9f6544 sp=0x00007f94187cc830
Event: 8517,341 Thread 0x00007f948d25b000 DEOPT UNPACKING pc=0x00007f947489cea5 sp=0x00007f94187cc6b0 mode 2
Event: 8604,270 Thread 0x00007f948d25b000 DEOPT PACKING pc=0x00007f9476206ddd sp=0x00007f94187cf7e0
Event: 8604,270 Thread 0x00007f948d25b000 DEOPT UNPACKING pc=0x00007f947489d64a sp=0x00007f94187ced08 mode 0
Event: 8764,535 Thread 0x00007f948d444800 DEOPT PACKING pc=0x00007f9476210376 sp=0x00007f9419ef28b0
Event: 8764,535 Thread 0x00007f948d444800 DEOPT UNPACKING pc=0x00007f947489d64a sp=0x00007f9419ef1e50 mode 0
Event: 8915,389 Thread 0x00007f948d25b000 DEOPT PACKING pc=0x00007f9475a88262 sp=0x00007f94187cc050
Event: 8915,389 Thread 0x00007f948d25b000 DEOPT UNPACKING pc=0x00007f947489d64a sp=0x00007f94187cb520 mode 0
Event: 9106,864 Thread 0x00007f948c6bd800 Uncommon trap: trap_request=0xffffffc6 fr.pc=0x00007f947c9bd078 relative=0x0000000000004b78
Event: 9106,864 Thread 0x00007f948c6bd800 Uncommon trap: reason=bimorphic_or_optimized_type_check action=maybe_recompile pc=0x00007f947c9bd078 method=sun.awt.X11.XToolkit.processGlobalMotionEvent(Lsun/awt/X11/XEvent;Lsun/awt/X11/XBaseWindow;)V @ 162 c2
Event: 9106,864 Thread 0x00007f948c6bd800 DEOPT PACKING pc=0x00007f947c9bd078 sp=0x00007f9437cfd820
Event: 9106,864 Thread 0x00007f948c6bd800 DEOPT UNPACKING pc=0x00007f947489cea5 sp=0x00007f9437cfd7a0 mode 2

Classes redefined (0 events):
No events

Internal exceptions (20 events):
Event: 73,836 Thread 0x00007f948d4a9000 Exception <a 'sun/nio/fs/UnixException'{0x000000009468cf58}> (0x000000009468cf58) thrown at [src/hotspot/share/prims/jni.cpp, line 616]
Event: 73,856 Thread 0x00007f948d4a9000 Exception <a 'sun/nio/fs/UnixException'{0x000000009468cf88}> (0x000000009468cf88) thrown at [src/hotspot/share/prims/jni.cpp, line 616]
Event: 74,143 Thread 0x00007f948d4a9000 Exception <a 'java/lang/NoSuchMethodError'{0x0000000096e640b8}: 'void java.lang.invoke.DirectMethodHandle$Holder.invokeSpecial(java.lang.Object, java.lang.Object, java.lang.Object, java.lang.Object, java.lang.Object)'> (0x0000000096e640b8) thrown at [src/hotspot/share/interpreter/linkResolver.cpp, line 773]
Event: 74,158 Thread 0x00007f93a00d6800 Implicit null exception at 0x00007f947c4194a1 to 0x00007f947c419ea0
Event: 74,159 Thread 0x00007f93a00d6800 Implicit null exception at 0x00007f947c42e673 to 0x00007f947c42eb40
Event: 74,159 Thread 0x00007f93a00d6800 Implicit null exception at 0x00007f947c6cfaf4 to 0x00007f947c6d00dc
Event: 74,244 Thread 0x00007f948d25b000 Exception <a 'java/lang/NoSuchMethodError'{0x0000000096c229b8}: 'java.lang.Object java.lang.invoke.DirectMethodHandle$Holder.invokeStatic(java.lang.Object, java.lang.Object, java.lang.Object, java.lang.Object, java.lang.Object, java.lang.Object, java.lang.Object, java.lang.Object, int, int, java.lang.Object)'> (0x0000000096c229b8) thrown at [src/hotspot/share/interpreter/linkResolver.cpp, line 773]
Event: 74,246 Thread 0x00007f948d25b000 Exception <a 'java/lang/NoSuchMethodError'{0x0000000096c3f770}: 'java.lang.Object java.lang.invoke.DirectMethodHandle$Holder.invokeStatic(java.lang.Object, java.lang.Object, java.lang.Object, java.lang.Object, java.lang.Object, java.lang.Object, java.lang.Object, java.lang.Object, int, int, java.lang.Object, java.lang.Object)'> (0x0000000096c3f770) thrown at [src/hotspot/share/interpreter/linkResolver.cpp, line 773]
Event: 5112,033 Thread 0x00007f93dc03b800 Exception <a 'java/io/IOException'{0x000000009798bc80}> (0x000000009798bc80) thrown at [src/hotspot/share/prims/jni.cpp, line 616]
Event: 5112,043 Thread 0x00007f93dc03c000 Exception <a 'java/io/IOException'{0x00000000979ae698}> (0x00000000979ae698) thrown at [src/hotspot/share/prims/jni.cpp, line 616]
Event: 6179,228 Thread 0x00007f948d25b000 Implicit null exception at 0x00007f947c78356c to 0x00007f947c78372c
Event: 6179,233 Thread 0x00007f948d25b000 Implicit null exception at 0x00007f947c57a21e to 0x00007f947c57b2f8
Event: 6179,233 Thread 0x00007f948d25b000 Implicit null exception at 0x00007f947c577c48 to 0x00007f947c577f38
Event: 6179,233 Thread 0x00007f948d25b000 Implicit null exception at 0x00007f947c5761b6 to 0x00007f947c576280
Event: 6222,015 Thread 0x00007f948d25b000 Implicit null exception at 0x00007f947c66fd36 to 0x00007f947c66ff9c
Event: 6222,052 Thread 0x00007f948d25b000 Implicit null exception at 0x00007f947c7b5ff6 to 0x00007f947c7b6484
Event: 6346,493 Thread 0x00007f948d25b000 Implicit null exception at 0x00007f947c821657 to 0x00007f947c8216f8
Event: 6347,077 Thread 0x00007f948d25b000 Implicit null exception at 0x00007f947c87cba6 to 0x00007f947c87d0f8
Event: 6768,956 Thread 0x00007f948d25b000 Exception <a 'java/lang/NoSuchMethodError'{0x00000000977060f0}: 'java.lang.Object java.lang.invoke.DelegatingMethodHandle$Holder.reinvoke_L(java.lang.Object, int, int, java.lang.Object, java.lang.Object, java.lang.Object)'> (0x00000000977060f0) thrown at [src/hotspot/share/interpreter/linkResolver.cpp, line 773]
Event: 8507,913 Thread 0x00007f948d25b000 Implicit null exception at 0x00007f947c98b378 to 0x00007f947c98c644

Events (20 events):
Event: 9080,054 Executing VM operation: G1CollectForAllocation
Event: 9080,058 Executing VM operation: G1CollectForAllocation done
Event: 9080,081 Executing VM operation: CGC_Operation
Event: 9080,084 Executing VM operation: CGC_Operation done
Event: 9080,092 Executing VM operation: CGC_Operation
Event: 9080,093 Executing VM operation: CGC_Operation done
Event: 9118,942 Thread 0x00007f93a015a800 Thread exited: 0x00007f93a015a800
Event: 9122,681 Executing VM operation: RevokeBias
Event: 9122,681 Executing VM operation: RevokeBias done
Event: 9122,729 Executing VM operation: RevokeBias
Event: 9122,729 Executing VM operation: RevokeBias done
Event: 9123,682 Executing VM operation: RevokeBias
Event: 9123,682 Executing VM operation: RevokeBias done
Event: 9123,683 Executing VM operation: BulkRevokeBias
Event: 9123,683 Executing VM operation: BulkRevokeBias done
Event: 9206,869 Executing VM operation: RevokeBias
Event: 9206,870 Executing VM operation: RevokeBias done
Event: 9206,926 Executing VM operation: RevokeBias
Event: 9206,927 Executing VM operation: RevokeBias done
Event: 9329,652 loading class jdk/internal/misc/Signal$1


Dynamic libraries:
8d800000-99500000 rw-p 00000000 00:00 0 
99500000-100000000 ---p 00000000 00:00 0 
100000000-100560000 rw-p 00000000 00:00 0 
100560000-140000000 ---p 00000000 00:00 0 
55a50c000000-55a50c001000 r-xp 00000000 07:01 5592                       /snap/arduino/70/usr/lib/jvm/java-11-openjdk-amd64/bin/java
55a50c201000-55a50c202000 r--p 00001000 07:01 5592                       /snap/arduino/70/usr/lib/jvm/java-11-openjdk-amd64/bin/java
55a50c202000-55a50c203000 rw-p 00002000 07:01 5592                       /snap/arduino/70/usr/lib/jvm/java-11-openjdk-amd64/bin/java
55a50cf18000-55a50cf9b000 rw-p 00000000 00:00 0                          [heap]
7f936a457000-7f936bdff000 r-xp 00000000 07:12 8648                       /snap/arduino/70/gnome-platform/usr/lib/x86_64-linux-gnu/libicudata.so.60.2
7f936bdff000-7f936bffe000 ---p 019a8000 07:12 8648                       /snap/arduino/70/gnome-platform/usr/lib/x86_64-linux-gnu/libicudata.so.60.2
7f936bffe000-7f936bfff000 r--p 019a7000 07:12 8648                       /snap/arduino/70/gnome-platform/usr/lib/x86_64-linux-gnu/libicudata.so.60.2
7f936bfff000-7f936c000000 rw-p 019a8000 07:12 8648                       /snap/arduino/70/gnome-platform/usr/lib/x86_64-linux-gnu/libicudata.so.60.2
7f936c000000-7f936c021000 rw-p 00000000 00:00 0 
7f936c021000-7f9370000000 ---p 00000000 00:00 0 
7f9370000000-7f9370021000 rw-p 00000000 00:00 0 
7f9370021000-7f9374000000 ---p 00000000 00:00 0 
7f9374000000-7f9374021000 rw-p 00000000 00:00 0 
7f9374021000-7f9378000000 ---p 00000000 00:00 0 
7f9378000000-7f9378021000 rw-p 00000000 00:00 0 
7f9378021000-7f937c000000 ---p 00000000 00:00 0 
7f937c000000-7f937c076000 rw-p 00000000 00:00 0 
7f937c076000-7f9380000000 ---p 00000000 00:00 0 
7f9380000000-7f9380021000 rw-p 00000000 00:00 0 
7f9380021000-7f9384000000 ---p 00000000 00:00 0 
7f9384000000-7f93840b2000 rw-p 00000000 00:00 0 
7f93840b2000-7f9388000000 ---p 00000000 00:00 0 
7f9388000000-7f93880e7000 rw-p 00000000 00:00 0 
7f93880e7000-7f938c000000 ---p 00000000 00:00 0 
7f938c000000-7f938c021000 rw-p 00000000 00:00 0 
7f938c021000-7f9390000000 ---p 00000000 00:00 0 
7f9390000000-7f9390318000 rw-p 00000000 00:00 0 
7f9390318000-7f9394000000 ---p 00000000 00:00 0 
7f9394000000-7f9394021000 rw-p 00000000 00:00 0 
7f9394021000-7f9398000000 ---p 00000000 00:00 0 
7f93981b8000-7f93981bd000 r-xp 00000000 07:12 8275                       /snap/arduino/70/gnome-platform/usr/lib/x86_64-linux-gnu/gdk-pixbuf-2.0/2.10.0/loaders/libpixbufloader-png.so
7f93981bd000-7f93983bc000 ---p 00005000 07:12 8275                       /snap/arduino/70/gnome-platform/usr/lib/x86_64-linux-gnu/gdk-pixbuf-2.0/2.10.0/loaders/libpixbufloader-png.so
7f93983bc000-7f93983bd000 r--p 00004000 07:12 8275                       /snap/arduino/70/gnome-platform/usr/lib/x86_64-linux-gnu/gdk-pixbuf-2.0/2.10.0/loaders/libpixbufloader-png.so
7f93983bd000-7f93983be000 rw-p 00005000 07:12 8275                       /snap/arduino/70/gnome-platform/usr/lib/x86_64-linux-gnu/gdk-pixbuf-2.0/2.10.0/loaders/libpixbufloader-png.so
7f93983be000-7f9398562000 r-xp 00000000 07:12 8658                       /snap/arduino/70/gnome-platform/usr/lib/x86_64-linux-gnu/libicuuc.so.60.2
7f9398562000-7f9398761000 ---p 001a4000 07:12 8658                       /snap/arduino/70/gnome-platform/usr/lib/x86_64-linux-gnu/libicuuc.so.60.2
7f9398761000-7f9398774000 r--p 001a3000 07:12 8658                       /snap/arduino/70/gnome-platform/usr/lib/x86_64-linux-gnu/libicuuc.so.60.2
7f9398774000-7f9398775000 rw-p 001b6000 07:12 8658                       /snap/arduino/70/gnome-platform/usr/lib/x86_64-linux-gnu/libicuuc.so.60.2
7f9398775000-7f9398776000 rw-p 00000000 00:00 0 
7f9398776000-7f939892c000 r-xp 00000000 07:12 8847                       /snap/arduino/70/gnome-platform/usr/lib/x86_64-linux-gnu/libxml2.so.2.9.4
7f939892c000-7f9398b2c000 ---p 001b6000 07:12 8847                       /snap/arduino/70/gnome-platform/usr/lib/x86_64-linux-gnu/libxml2.so.2.9.4
7f9398b2c000-7f9398b34000 r--p 001b6000 07:12 8847                       /snap/arduino/70/gnome-platform/usr/lib/x86_64-linux-gnu/libxml2.so.2.9.4
7f9398b34000-7f9398b36000 rw-p 001be000 07:12 8847                       /snap/arduino/70/gnome-platform/usr/lib/x86_64-linux-gnu/libxml2.so.2.9.4
7f9398b36000-7f9398b37000 rw-p 00000000 00:00 0 
7f9398b37000-7f9398b6e000 r-xp 00000000 07:12 8478                       /snap/arduino/70/gnome-platform/usr/lib/x86_64-linux-gnu/libcroco-0.6.so.3.0.1
7f9398b6e000-7f9398d6e000 ---p 00037000 07:12 8478                       /snap/arduino/70/gnome-platform/usr/lib/x86_64-linux-gnu/libcroco-0.6.so.3.0.1
7f9398d6e000-7f9398d71000 r--p 00037000 07:12 8478                       /snap/arduino/70/gnome-platform/usr/lib/x86_64-linux-gnu/libcroco-0.6.so.3.0.1
7f9398d71000-7f9398d72000 rw-p 0003a000 07:12 8478                       /snap/arduino/70/gnome-platform/usr/lib/x86_64-linux-gnu/libcroco-0.6.so.3.0.1
7f9398d72000-7f9398da8000 r-xp 00000000 07:12 8757                       /snap/arduino/70/gnome-platform/usr/lib/x86_64-linux-gnu/librsvg-2.so.2.40.20
7f9398da8000-7f9398fa8000 ---p 00036000 07:12 8757                       /snap/arduino/70/gnome-platform/usr/lib/x86_64-linux-gnu/librsvg-2.so.2.40.20
7f9398fa8000-7f9398fa9000 r--p 00036000 07:12 8757                       /snap/arduino/70/gnome-platform/usr/lib/x86_64-linux-gnu/librsvg-2.so.2.40.20
7f9398fa9000-7f9398faa000 rw-p 00037000 07:12 8757                       /snap/arduino/70/gnome-platform/usr/lib/x86_64-linux-gnu/librsvg-2.so.2.40.20
7f9398faa000-7f9398fac000 r-xp 00000000 07:12 8278                       /snap/arduino/70/gnome-platform/usr/lib/x86_64-linux-gnu/gdk-pixbuf-2.0/2.10.0/loaders/libpixbufloader-svg.so
7f9398fac000-7f93991ab000 ---p 00002000 07:12 8278                       /snap/arduino/70/gnome-platform/usr/lib/x86_64-linux-gnu/gdk-pixbuf-2.0/2.10.0/loaders/libpixbufloader-svg.so
7f93991ab000-7f93991ac000 r--p 00001000 07:12 8278                       /snap/arduino/70/gnome-platform/usr/lib/x86_64-linux-gnu/gdk-pixbuf-2.0/2.10.0/loaders/libpixbufloader-svg.so
7f93991ac000-7f93991ad000 rw-p 00002000 07:12 8278                       /snap/arduino/70/gnome-platform/usr/lib/x86_64-linux-gnu/gdk-pixbuf-2.0/2.10.0/loaders/libpixbufloader-svg.so
7f93991ad000-7f93991b0000 r-xp 00000000 103:0a 1836275                   /home/snow/snap/arduino/70/.jssc/linux/libjSSC-2.8_x86_64.so
7f93991b0000-7f93993af000 ---p 00003000 103:0a 1836275                   /home/snow/snap/arduino/70/.jssc/linux/libjSSC-2.8_x86_64.so
7f93993af000-7f93993b0000 r--p 00002000 103:0a 1836275                   /home/snow/snap/arduino/70/.jssc/linux/libjSSC-2.8_x86_64.so
7f93993b0000-7f93993b1000 rw-p 00003000 103:0a 1836275                   /home/snow/snap/arduino/70/.jssc/linux/libjSSC-2.8_x86_64.so
7f93993b1000-7f93995b1000 rw-p 00000000 00:00 0 
7f93995b1000-7f93997b1000 rw-p 00000000 00:00 0 
7f93997b1000-7f93999b1000 rw-p 00000000 00:00 0 
7f93999b1000-7f93999b6000 r-xp 00000000 07:04 1462                       /lib/x86_64-linux-gnu/libnss_dns-2.27.so
7f93999b6000-7f9399bb6000 ---p 00005000 07:04 1462                       /lib/x86_64-linux-gnu/libnss_dns-2.27.so
7f9399bb6000-7f9399bb7000 r--p 00005000 07:04 1462                       /lib/x86_64-linux-gnu/libnss_dns-2.27.so
7f9399bb7000-7f9399bb8000 rw-p 00006000 07:04 1462                       /lib/x86_64-linux-gnu/libnss_dns-2.27.so
7f9399bb8000-7f9399bba000 r-xp 00000000 07:01 5816                       /snap/arduino/70/usr/lib/jvm/java-11-openjdk-amd64/lib/libextnet.so
7f9399bba000-7f9399db9000 ---p 00002000 07:01 5816                       /snap/arduino/70/usr/lib/jvm/java-11-openjdk-amd64/lib/libextnet.so
7f9399db9000-7f9399dba000 r--p 00001000 07:01 5816                       /snap/arduino/70/usr/lib/jvm/java-11-openjdk-amd64/lib/libextnet.so
7f9399dba000-7f9399dbb000 rw-p 00002000 07:01 5816                       /snap/arduino/70/usr/lib/jvm/java-11-openjdk-amd64/lib/libextnet.so
7f9399dbb000-7f9399dbf000 r-xp 00000000 07:12 8287                       /snap/arduino/70/gnome-platform/usr/lib/x86_64-linux-gnu/gio/modules/libgiognomeproxy.so
7f9399dbf000-7f9399fbe000 ---p 00004000 07:12 8287                       /snap/arduino/70/gnome-platform/usr/lib/x86_64-linux-gnu/gio/modules/libgiognomeproxy.so
7f9399fbe000-7f9399fbf000 r--p 00003000 07:12 8287                       /snap/arduino/70/gnome-platform/usr/lib/x86_64-linux-gnu/gio/modules/libgiognomeproxy.so
7f9399fbf000-7f9399fc0000 rw-p 00004000 07:12 8287                       /snap/arduino/70/gnome-platform/usr/lib/x86_64-linux-gnu/gio/modules/libgiognomeproxy.so
7f9399fc0000-7f939a1c0000 rw-p 00000000 00:00 0 
7f939a1c0000-7f939a1c1000 ---p 00000000 00:00 0 
7f939a1c1000-7f939a2c2000 rw-p 00000000 00:00 0 
7f939a2c2000-7f939a2c3000 ---p 00000000 00:00 0 
7f939a2c3000-7f939a3c4000 rw-p 00000000 00:00 0 
7f939a3c4000-7f939a3c5000 ---p 00000000 00:00 0 
7f939a3c5000-7f939a4c6000 rw-p 00000000 00:00 0 
7f939a4c6000-7f939a4c7000 ---p 00000000 00:00 0 
7f939a4c7000-7f939a5c8000 rw-p 00000000 00:00 0 
7f939a5c8000-7f939a5c9000 ---p 00000000 00:00 0 
7f939a5c9000-7f939a6ca000 rw-p 00000000 00:00 0 
7f939a6ca000-7f939aeca000 rw-s 00000000 00:01 15                         /SYSV00000000 (deleted)
7f939aeca000-7f939b0ca000 rw-s 00000000 00:01 13                         /SYSV00000000 (deleted)
7f939b0ca000-7f939b0f4000 r-xp 00000000 07:01 5842                       /snap/arduino/70/usr/lib/jvm/java-11-openjdk-amd64/lib/libsunec.so
7f939b0f4000-7f939b2f3000 ---p 0002a000 07:01 5842                       /snap/arduino/70/usr/lib/jvm/java-11-openjdk-amd64/lib/libsunec.so
7f939b2f3000-7f939b2f7000 r--p 00029000 07:01 5842                       /snap/arduino/70/usr/lib/jvm/java-11-openjdk-amd64/lib/libsunec.so
7f939b2f7000-7f939b2f9000 rw-p 0002d000 07:01 5842                       /snap/arduino/70/usr/lib/jvm/java-11-openjdk-amd64/lib/libsunec.so
7f939b2f9000-7f939b2fd000 ---p 00000000 00:00 0 
7f939b2fd000-7f939b3fa000 rw-p 00000000 00:00 0 
7f939b3fa000-7f939b3fe000 ---p 00000000 00:00 0 
7f939b3fe000-7f939b4fb000 rw-p 00000000 00:00 0 
7f939b4fb000-7f939b4ff000 ---p 00000000 00:00 0 
7f939b4ff000-7f939b7fc000 rw-p 00000000 00:00 0 
7f939b7fc000-7f939b9fc000 rw-p 00000000 00:00 0 
7f939b9fc000-7f939bbfc000 rw-p 00000000 00:00 0 
7f939bbfc000-7f939bdfc000 rw-p 00000000 00:00 0 
7f939bdfc000-7f939bdfd000 ---p 00000000 00:00 0 
7f939bdfd000-7f939befe000 rw-p 00000000 00:00 0 
7f939befe000-7f939beff000 ---p 00000000 00:00 0 
7f939beff000-7f939c000000 rw-p 00000000 00:00 0 
7f939c000000-7f939c021000 rw-p 00000000 00:00 0 
7f939c021000-7f93a0000000 ---p 00000000 00:00 0 
7f93a0000000-7f93a03c4000 rw-p 00000000 00:00 0 
7f93a03c4000-7f93a4000000 ---p 00000000 00:00 0 
7f93a4000000-7f93a4021000 rw-p 00000000 00:00 0 
7f93a4021000-7f93a8000000 ---p 00000000 00:00 0 
7f93a8000000-7f93a8021000 rw-p 00000000 00:00 0 
7f93a8021000-7f93ac000000 ---p 00000000 00:00 0 
7f93ac000000-7f93ac021000 rw-p 00000000 00:00 0 
7f93ac021000-7f93b0000000 ---p 00000000 00:00 0 
7f93b0000000-7f93b0021000 rw-p 00000000 00:00 0 
7f93b0021000-7f93b4000000 ---p 00000000 00:00 0 
7f93b4000000-7f93b4021000 rw-p 00000000 00:00 0 
7f93b4021000-7f93b8000000 ---p 00000000 00:00 0 
7f93b8000000-7f93b8021000 rw-p 00000000 00:00 0 
7f93b8021000-7f93bc000000 ---p 00000000 00:00 0 
7f93bc000000-7f93bc021000 rw-p 00000000 00:00 0 
7f93bc021000-7f93c0000000 ---p 00000000 00:00 0 
7f93c0000000-7f93c0021000 rw-p 00000000 00:00 0 
7f93c0021000-7f93c4000000 ---p 00000000 00:00 0 
7f93c4000000-7f93c4021000 rw-p 00000000 00:00 0 
7f93c4021000-7f93c8000000 ---p 00000000 00:00 0 
7f93c8000000-7f93c8021000 rw-p 00000000 00:00 0 
7f93c8021000-7f93cc000000 ---p 00000000 00:00 0 
7f93cc000000-7f93cc021000 rw-p 00000000 00:00 0 
7f93cc021000-7f93d0000000 ---p 00000000 00:00 0 
7f93d0000000-7f93d0021000 rw-p 00000000 00:00 0 
7f93d0021000-7f93d4000000 ---p 00000000 00:00 0 
7f93d4000000-7f93d4021000 rw-p 00000000 00:00 0 
7f93d4021000-7f93d8000000 ---p 00000000 00:00 0 
7f93d8000000-7f93d8021000 rw-p 00000000 00:00 0 
7f93d8021000-7f93dc000000 ---p 00000000 00:00 0 
7f93dc000000-7f93dc048000 rw-p 00000000 00:00 0 
7f93dc048000-7f93e0000000 ---p 00000000 00:00 0 
7f93e0000000-7f93e0030000 rw-p 00000000 00:00 0 
7f93e0030000-7f93e4000000 ---p 00000000 00:00 0 
7f93e4000000-7f93e4429000 rw-p 00000000 00:00 0 
7f93e4429000-7f93e8000000 ---p 00000000 00:00 0 
7f93e8000000-7f93e8655000 rw-p 00000000 00:00 0 
7f93e8655000-7f93ec000000 ---p 00000000 00:00 0 
7f93ec000000-7f93ec6b6000 rw-p 00000000 00:00 0 
7f93ec6b6000-7f93f0000000 ---p 00000000 00:00 0 
7f93f0000000-7f93f0363000 rw-p 00000000 00:00 0 
7f93f0363000-7f93f4000000 ---p 00000000 00:00 0 
7f93f4000000-7f93f4021000 rw-p 00000000 00:00 0 
7f93f4021000-7f93f8000000 ---p 00000000 00:00 0 
7f93f8000000-7f93f86c4000 rw-p 00000000 00:00 0 
7f93f86c4000-7f93fc000000 ---p 00000000 00:00 0 
7f93fc000000-7f93fc271000 rw-p 00000000 00:00 0 
7f93fc271000-7f9400000000 ---p 00000000 00:00 0 
7f9400000000-7f9400021000 rw-p 00000000 00:00 0 
7f9400021000-7f9404000000 ---p 00000000 00:00 0 
7f9404000000-7f94044ec000 rw-p 00000000 00:00 0 
7f94044ec000-7f9408000000 ---p 00000000 00:00 0 
7f9408000000-7f9408412000 rw-p 00000000 00:00 0 
7f9408412000-7f940c000000 ---p 00000000 00:00 0 
7f940c000000-7f940c679000 rw-p 00000000 00:00 0 
7f940c679000-7f9410000000 ---p 00000000 00:00 0 
7f9410000000-7f94104b6000 rw-p 00000000 00:00 0 
7f94104b6000-7f9414000000 ---p 00000000 00:00 0 
7f9414000000-7f941559d000 rw-p 00000000 00:00 0 
7f941559d000-7f9418000000 ---p 00000000 00:00 0 
7f941808f000-7f9418090000 ---p 00000000 00:00 0 
7f9418090000-7f9418191000 rw-p 00000000 00:00 0 
7f9418191000-7f9418192000 ---p 00000000 00:00 0 
7f9418192000-7f9418493000 rw-p 00000000 00:00 0 
7f9418493000-7f94184ce000 r-xp 00000000 07:01 3266                       /snap/arduino/70/lib/libastylej.so
7f94184ce000-7f94186ce000 ---p 0003b000 07:01 3266                       /snap/arduino/70/lib/libastylej.so
7f94186ce000-7f94186cf000 rw-p 0003b000 07:01 3266                       /snap/arduino/70/lib/libastylej.so
7f94186cf000-7f94186d0000 rw-p 00000000 00:00 0 
7f94186d0000-7f94186d4000 ---p 00000000 00:00 0 
7f94186d4000-7f94187d1000 rw-p 00000000 00:00 0 
7f94187d1000-7f94187d2000 ---p 00000000 00:00 0 
7f94187d2000-7f94188d3000 rw-p 00000000 00:00 0 
7f94188d3000-7f94188d4000 ---p 00000000 00:00 0 
7f94188d4000-7f94189d5000 rw-p 00000000 00:00 0 
7f94189d5000-7f94189d6000 ---p 00000000 00:00 0 
7f94189d6000-7f9418ad7000 rw-p 00000000 00:00 0 
7f9418ad7000-7f9418ad8000 ---p 00000000 00:00 0 
7f9418ad8000-7f9418bd9000 rw-p 00000000 00:00 0 
7f9418bd9000-7f9418bda000 ---p 00000000 00:00 0 
7f9418bda000-7f9418cdb000 rw-p 00000000 00:00 0 
7f9418cdb000-7f9418cdc000 ---p 00000000 00:00 0 
7f9418cdc000-7f9418ddd000 rw-p 00000000 00:00 0 
7f9418ddd000-7f9418dde000 ---p 00000000 00:00 0 
7f9418dde000-7f9418edf000 rw-p 00000000 00:00 0 
7f9418edf000-7f9418ee0000 ---p 00000000 00:00 0 
7f9418ee0000-7f9418fe1000 rw-p 00000000 00:00 0 
7f9418fe1000-7f9418fe2000 ---p 00000000 00:00 0 
7f9418fe2000-7f94190e3000 rw-p 00000000 00:00 0 
7f94190e3000-7f94190e4000 ---p 00000000 00:00 0 
7f94190e4000-7f94191e5000 rw-p 00000000 00:00 0 
7f94191e5000-7f94191e6000 ---p 00000000 00:00 0 
7f94191e6000-7f94192e7000 rw-p 00000000 00:00 0 
7f94192e7000-7f94192e8000 ---p 00000000 00:00 0 
7f94192e8000-7f94193e9000 rw-p 00000000 00:00 0 
7f94193e9000-7f94193ea000 ---p 00000000 00:00 0 
7f94193ea000-7f94194eb000 rw-p 00000000 00:00 0 
7f94194eb000-7f94194ec000 ---p 00000000 00:00 0 
7f94194ec000-7f94197ed000 rw-p 00000000 00:00 0 
7f94197ed000-7f94197f1000 ---p 00000000 00:00 0 
7f94197f1000-7f94198ee000 rw-p 00000000 00:00 0 
7f94198ee000-7f94198f2000 ---p 00000000 00:00 0 
7f94198f2000-7f94199ef000 rw-p 00000000 00:00 0 
7f94199ef000-7f94199f3000 ---p 00000000 00:00 0 
7f94199f3000-7f9419af0000 rw-p 00000000 00:00 0 
7f9419af0000-7f9419af4000 ---p 00000000 00:00 0 
7f9419af4000-7f9419bf1000 rw-p 00000000 00:00 0 
7f9419bf1000-7f9419bf5000 ---p 00000000 00:00 0 
7f9419bf5000-7f9419cf2000 rw-p 00000000 00:00 0 
7f9419cf2000-7f9419cf6000 ---p 00000000 00:00 0 
7f9419cf6000-7f9419df3000 rw-p 00000000 00:00 0 
7f9419df3000-7f9419df7000 ---p 00000000 00:00 0 
7f9419df7000-7f9419ef4000 rw-p 00000000 00:00 0 
7f9419ef4000-7f9419ef8000 ---p 00000000 00:00 0 
7f9419ef8000-7f9419ff5000 rw-p 00000000 00:00 0 
7f9419ff5000-7f9419ff9000 ---p 00000000 00:00 0 
7f9419ff9000-7f941a2f6000 rw-p 00000000 00:00 0 
7f941a2f6000-7f941a2f7000 ---p 00000000 00:00 0 
7f941a2f7000-7f941a3f8000 rw-p 00000000 00:00 0 
7f941a3f8000-7f941a3f9000 ---p 00000000 00:00 0 
7f941a3f9000-7f941a6fa000 rw-p 00000000 00:00 0 
7f941a6fa000-7f941a6fb000 ---p 00000000 00:00 0 
7f941a6fb000-7f941a9fc000 rw-p 00000000 00:00 0 
7f941a9fc000-7f941abfc000 rw-p 00000000 00:00 0 
7f941abfc000-7f941abfd000 ---p 00000000 00:00 0 
7f941abfd000-7f941b3fd000 rw-p 00000000 00:00 0 
7f941b3fd000-7f941b3fe000 ---p 00000000 00:00 0 
7f941b3fe000-7f941bbfe000 rw-p 00000000 00:00 0 
7f941bbfe000-7f941bc02000 ---p 00000000 00:00 0 
7f941bc02000-7f941bcff000 rw-p 00000000 00:00 0 
7f941bcff000-7f941bd03000 ---p 00000000 00:00 0 
7f941bd03000-7f941c000000 rw-p 00000000 00:00 0 
7f941c000000-7f941c431000 rw-p 00000000 00:00 0 
7f941c431000-7f9420000000 ---p 00000000 00:00 0 
7f94200b7000-7f94200bb000 ---p 00000000 00:00 0 
7f94200bb000-7f94201b8000 rw-p 00000000 00:00 0 
7f94201b8000-7f94201bf000 r-xp 00000000 07:12 8710                       /snap/arduino/70/gnome-platform/usr/lib/x86_64-linux-gnu/libogg.so.0.8.2
7f94201bf000-7f94203bf000 ---p 00007000 07:12 8710                       /snap/arduino/70/gnome-platform/usr/lib/x86_64-linux-gnu/libogg.so.0.8.2
7f94203bf000-7f94203c0000 r--p 00007000 07:12 8710                       /snap/arduino/70/gnome-platform/usr/lib/x86_64-linux-gnu/libogg.so.0.8.2
7f94203c0000-7f94203c1000 rw-p 00008000 07:12 8710                       /snap/arduino/70/gnome-platform/usr/lib/x86_64-linux-gnu/libogg.so.0.8.2
7f94203c1000-7f94203eb000 r-xp 00000000 07:12 8796                       /snap/arduino/70/gnome-platform/usr/lib/x86_64-linux-gnu/libvorbis.so.0.4.8
7f94203eb000-7f94205ea000 ---p 0002a000 07:12 8796                       /snap/arduino/70/gnome-platform/usr/lib/x86_64-linux-gnu/libvorbis.so.0.4.8
7f94205ea000-7f94205eb000 r--p 00029000 07:12 8796                       /snap/arduino/70/gnome-platform/usr/lib/x86_64-linux-gnu/libvorbis.so.0.4.8
7f94205eb000-7f94205ec000 rw-p 0002a000 07:12 8796                       /snap/arduino/70/gnome-platform/usr/lib/x86_64-linux-gnu/libvorbis.so.0.4.8
7f94205ec000-7f94205f5000 r-xp 00000000 07:12 8692                       /snap/arduino/70/gnome-platform/usr/lib/x86_64-linux-gnu/libltdl.so.7.3.1
7f94205f5000-7f94207f4000 ---p 00009000 07:12 8692                       /snap/arduino/70/gnome-platform/usr/lib/x86_64-linux-gnu/libltdl.so.7.3.1
7f94207f4000-7f94207f5000 r--p 00008000 07:12 8692                       /snap/arduino/70/gnome-platform/usr/lib/x86_64-linux-gnu/libltdl.so.7.3.1
7f94207f5000-7f94207f6000 rw-p 00009000 07:12 8692                       /snap/arduino/70/gnome-platform/usr/lib/x86_64-linux-gnu/libltdl.so.7.3.1
7f94207f6000-7f942080b000 r-xp 00000000 07:12 8785                       /snap/arduino/70/gnome-platform/usr/lib/x86_64-linux-gnu/libtdb.so.1.3.15
7f942080b000-7f9420a0a000 ---p 00015000 07:12 8785                       /snap/arduino/70/gnome-platform/usr/lib/x86_64-linux-gnu/libtdb.so.1.3.15
7f9420a0a000-7f9420a0b000 r--p 00014000 07:12 8785                       /snap/arduino/70/gnome-platform/usr/lib/x86_64-linux-gnu/libtdb.so.1.3.15
7f9420a0b000-7f9420a0c000 rw-p 00015000 07:12 8785                       /snap/arduino/70/gnome-platform/usr/lib/x86_64-linux-gnu/libtdb.so.1.3.15
7f9420a0c000-7f9420a13000 r-xp 00000000 07:12 8800                       /snap/arduino/70/gnome-platform/usr/lib/x86_64-linux-gnu/libvorbisfile.so.3.3.7
7f9420a13000-7f9420c12000 ---p 00007000 07:12 8800                       /snap/arduino/70/gnome-platform/usr/lib/x86_64-linux-gnu/libvorbisfile.so.3.3.7
7f9420c12000-7f9420c13000 r--p 00006000 07:12 8800                       /snap/arduino/70/gnome-platform/usr/lib/x86_64-linux-gnu/libvorbisfile.so.3.3.7
7f9420c13000-7f9420c14000 rw-p 00007000 07:12 8800                       /snap/arduino/70/gnome-platform/usr/lib/x86_64-linux-gnu/libvorbisfile.so.3.3.7
7f9420c14000-7f9420c24000 r-xp 00000000 07:12 8459                       /snap/arduino/70/gnome-platform/usr/lib/x86_64-linux-gnu/libcanberra.so.0.2.5
7f9420c24000-7f9420e24000 ---p 00010000 07:12 8459                       /snap/arduino/70/gnome-platform/usr/lib/x86_64-linux-gnu/libcanberra.so.0.2.5
7f9420e24000-7f9420e25000 r--p 00010000 07:12 8459                       /snap/arduino/70/gnome-platform/usr/lib/x86_64-linux-gnu/libcanberra.so.0.2.5
7f9420e25000-7f9420e26000 rw-p 00011000 07:12 8459                       /snap/arduino/70/gnome-platform/usr/lib/x86_64-linux-gnu/libcanberra.so.0.2.5
7f9420e26000-7f9420e2a000 r-xp 00000000 07:12 8457                       /snap/arduino/70/gnome-platform/usr/lib/x86_64-linux-gnu/libcanberra-gtk3.so.0.1.9
7f9420e2a000-7f9421029000 ---p 00004000 07:12 8457                       /snap/arduino/70/gnome-platform/usr/lib/x86_64-linux-gnu/libcanberra-gtk3.so.0.1.9
7f9421029000-7f942102a000 r--p 00003000 07:12 8457                       /snap/arduino/70/gnome-platform/usr/lib/x86_64-linux-gnu/libcanberra-gtk3.so.0.1.9
7f942102a000-7f942102b000 rw-p 00004000 07:12 8457                       /snap/arduino/70/gnome-platform/usr/lib/x86_64-linux-gnu/libcanberra-gtk3.so.0.1.9
7f942102b000-7f9421030000 r-xp 00000000 07:12 8365                       /snap/arduino/70/gnome-platform/usr/lib/x86_64-linux-gnu/gtk-3.0/modules/libcanberra-gtk3-module.so
7f9421030000-7f9421230000 ---p 00005000 07:12 8365                       /snap/arduino/70/gnome-platform/usr/lib/x86_64-linux-gnu/gtk-3.0/modules/libcanberra-gtk3-module.so
7f9421230000-7f9421231000 r--p 00005000 07:12 8365                       /snap/arduino/70/gnome-platform/usr/lib/x86_64-linux-gnu/gtk-3.0/modules/libcanberra-gtk3-module.so
7f9421231000-7f9421232000 rw-p 00006000 07:12 8365                       /snap/arduino/70/gnome-platform/usr/lib/x86_64-linux-gnu/gtk-3.0/modules/libcanberra-gtk3-module.so
7f9421232000-7f9421233000 r-xp 00000000 07:12 8615                       /snap/arduino/70/gnome-platform/usr/lib/x86_64-linux-gnu/libgthread-2.0.so.0.5600.4
7f9421233000-7f9421432000 ---p 00001000 07:12 8615                       /snap/arduino/70/gnome-platform/usr/lib/x86_64-linux-gnu/libgthread-2.0.so.0.5600.4
7f9421432000-7f9421433000 r--p 00000000 07:12 8615                       /snap/arduino/70/gnome-platform/usr/lib/x86_64-linux-gnu/libgthread-2.0.so.0.5600.4
7f9421433000-7f9421434000 rw-p 00001000 07:12 8615                       /snap/arduino/70/gnome-platform/usr/lib/x86_64-linux-gnu/libgthread-2.0.so.0.5600.4
7f9421434000-7f9421448000 r-xp 00000000 07:04 1424                       /lib/x86_64-linux-gnu/libgpg-error.so.0.22.0
7f9421448000-7f9421647000 ---p 00014000 07:04 1424                       /lib/x86_64-linux-gnu/libgpg-error.so.0.22.0
7f9421647000-7f9421648000 r--p 00013000 07:04 1424                       /lib/x86_64-linux-gnu/libgpg-error.so.0.22.0
7f9421648000-7f9421649000 rw-p 00014000 07:04 1424                       /lib/x86_64-linux-gnu/libgpg-error.so.0.22.0
7f9421649000-7f942175d000 r-xp 00000000 07:04 1422                       /lib/x86_64-linux-gnu/libgcrypt.so.20.2.1
7f942175d000-7f942195d000 ---p 00114000 07:04 1422                       /lib/x86_64-linux-gnu/libgcrypt.so.20.2.1
7f942195d000-7f942195f000 r--p 00114000 07:04 1422                       /lib/x86_64-linux-gnu/libgcrypt.so.20.2.1
7f942195f000-7f9421964000 rw-p 00116000 07:04 1422                       /lib/x86_64-linux-gnu/libgcrypt.so.20.2.1
7f9421964000-7f9421965000 rw-p 00000000 00:00 0 
7f9421965000-7f9421980000 r-xp 00000000 07:04 5864                       /usr/lib/x86_64-linux-gnu/liblz4.so.1.7.1
7f9421980000-7f9421b7f000 ---p 0001b000 07:04 5864                       /usr/lib/x86_64-linux-gnu/liblz4.so.1.7.1
7f9421b7f000-7f9421b80000 r--p 0001a000 07:04 5864                       /usr/lib/x86_64-linux-gnu/liblz4.so.1.7.1
7f9421b80000-7f9421b81000 rw-p 0001b000 07:04 5864                       /usr/lib/x86_64-linux-gnu/liblz4.so.1.7.1
7f9421b81000-7f9421ba5000 r-xp 00000000 07:04 1438                       /lib/x86_64-linux-gnu/liblzma.so.5.2.2
7f9421ba5000-7f9421da5000 ---p 00024000 07:04 1438                       /lib/x86_64-linux-gnu/liblzma.so.5.2.2
7f9421da5000-7f9421da6000 r--p 00024000 07:04 1438                       /lib/x86_64-linux-gnu/liblzma.so.5.2.2
7f9421da6000-7f9421da7000 rw-p 00025000 07:04 1438                       /lib/x86_64-linux-gnu/liblzma.so.5.2.2
7f9421da7000-7f9421dad000 r-xp 00000000 07:12 8485                       /snap/arduino/70/gnome-platform/usr/lib/x86_64-linux-gnu/libdatrie.so.1.3.3
7f9421dad000-7f9421fac000 ---p 00006000 07:12 8485                       /snap/arduino/70/gnome-platform/usr/lib/x86_64-linux-gnu/libdatrie.so.1.3.3
7f9421fac000-7f9421fad000 r--p 00005000 07:12 8485                       /snap/arduino/70/gnome-platform/usr/lib/x86_64-linux-gnu/libd